Email: caoshu@360.cn
Registrant: 北京奇虎科技有限公司
BroDmain Count:86
www.360.cn
www.qihu.com www.qihoo.cn www.qihoo.com.cn www.qihoo.net
www.yunpan.com
www.iiscan.com
www.360wzb.com
www.360src.com
www.360sou.com
www.360webcache.com
www.syscan360.org
www.so.com
www.msafe.cn
www.ciscon.org
www.50union.com
www.securityinsight.com www.Securityinsight.com.cn
www.360sos.cn
www.mgamer.cn
www.360gbox.com
www.cmedia360.com
www.360adlab.com
www.passivedns.cn
www.luyou360.cn
www.360.com
www.iemate.cn
www.1360.cn
www.luyou360.cn
www.qikoo.com.cn
www.qikoo.cn
www.qihoo.com.cn
www.360wzb.cn
www.sou.cn
www.kouxin.cn
www.4008158360.cn
www.yunpan.com.cn
www.360zhushou.cn
www.360sou.cn
www.qihoo.cn
www.360cc.cn
www.0360.cn
www.3360.cn
www.msafe.com.cn
www.qidu.cn
www.1360.com.cn
www.7360.cn
www.360shouji.cn
www.6360.cn
www.6360.com.cn
www.msafe.cn
www.360sos.cn
www.360tpcdn.com
www.sou.com
www.qhcdn.com
www.qhmsg.com
www.360tpcdn.cn
www.qhsetup.com
www.shouji360.com
www.qhupdate.com
www.leidian.cn
www.360sou.com.cn
www.baiwutong.cn
www.360dns.cn
www.360fans.com
www.qihucdn.com
www.biji.cn
www.55dns.com
www.360zhan.cn
www.360.cn
www.360shouji.com
www.360cdn.cn
www.yunpan.cn
www.4008158360.net
www.kouxin.net
www.1360.com
www.360safedns.com
www.360kan.com
www.360.com
www.360wzb.com
www.3600.com
www.syscan360.org
www.yunpan.com
www.360zhushou.com
www.kouxin.com
www.6360.com
www.51mypc.com
www.4008158360.com
www.iiscan.com
www.360gtm.com
SubDomain
10028505.bang.360.cn
100471000.bang.360.cn
101801000.bang.360.cn
102296166.bang.360.cn
102673427.bang.360.cn
105777244.bang.360.cn
10579542.bang.360.cn
108909081.bang.360.cn
110.360.cn
11043727.bang.360.cn
113431626.bang.360.cn
113642461.bang.360.cn
113848690.bang.360.cn
114020127.bang.360.cn
114218763.bang.360.cn
114317215.bang.360.cn
114484848.bang.360.cn
114494691.bang.360.cn
11497720.bang.360.cn
115722078.bang.360.cn
11771479.bang.360.cn
119041000.bang.360.cn
12260198.bang.360.cn
123.360.cn
12301485.bang.360.cn
12306.360.cn
125831000.bang.360.cn
12692583.bang.360.cn
13057621.bang.360.cn
131451000.bang.360.cn
131501000.bang.360.cn
13250657.bang.360.cn
13371152.bang.360.cn
13524717.bang.360.cn
13746717.bang.360.cn
14177560.bang.360.cn
148091000.bang.360.cn
1552083381.bang.360.cn
1552568779.bang.360.cn
1552579796.bang.360.cn
1552592436.bang.360.cn
1552803637.bang.360.cn
1552904158.bang.360.cn
1553037138.bang.360.cn
1553494882.bang.360.cn
1553698347.bang.360.cn
1554277590.bang.360.cn
1554789066.bang.360.cn
1555434898.bang.360.cn
1555815639.bang.360.cn
1557536977.bang.360.cn
1558092513.bang.360.cn
1560323961.bang.360.cn
1561006595.bang.360.cn
1561129466.bang.360.cn
1561313517.bang.360.cn
1561430297.bang.360.cn
1561443761.bang.360.cn
1562106759.bang.360.cn
1562868163.bang.360.cn
1563076261.bang.360.cn
1563228019.bang.360.cn
1563511760.bang.360.cn
1564444184.bang.360.cn
1564607610.bang.360.cn
1564975985.bang.360.cn
1565300454.bang.360.cn
156647333.bang.360.cn
1566875627.bang.360.cn
156738312.bang.360.cn
1567933399.bang.360.cn
1568021110.bang.360.cn
1568303552.bang.360.cn
156854937.bang.360.cn
1568794529.bang.360.cn
1569180015.bang.360.cn
1569550804.bang.360.cn
1570399363.bang.360.cn
1571341290.bang.360.cn
157156258.bang.360.cn
1571683323.bang.360.cn
1571850371.bang.360.cn
1571980307.bang.360.cn
1572017333.bang.360.cn
1572708270.bang.360.cn
1573168301.bang.360.cn
1573432410.bang.360.cn
157361629.bang.360.cn
1573833172.bang.360.cn
1573985751.bang.360.cn
1574143119.bang.360.cn
157496530.bang.360.cn
1575355613.bang.360.cn
1575397526.bang.360.cn
1575580187.bang.360.cn
1577314904.bang.360.cn
1577707648.bang.360.cn
1578434238.bang.360.cn
15787022.bang.360.cn
1578865505.bang.360.cn
1579064395.bang.360.cn
1579135408.bang.360.cn
1579479015.bang.360.cn
1580215114.bang.360.cn
1580343856.bang.360.cn
1580408188.bang.360.cn
1580420391.bang.360.cn
158060523.bang.360.cn
158109427.bang.360.cn
1581567809.bang.360.cn
1581831228.bang.360.cn
1582083148.bang.360.cn
1582223539.bang.360.cn
1582230155.bang.360.cn
1583855291.bang.360.cn
1584642219.bang.360.cn
1584760761.bang.360.cn
1584884862.bang.360.cn
1585641506.bang.360.cn
1585808277.bang.360.cn
1585950785.bang.360.cn
1586500566.bang.360.cn
15865370.bang.360.cn
1587012163.bang.360.cn
1587042375.bang.360.cn
1587084616.bang.360.cn
1587297876.bang.360.cn
1587809389.bang.360.cn
1587888752.bang.360.cn
1589427213.bang.360.cn
1591569332.bang.360.cn
1591962429.bang.360.cn
1592037472.bang.360.cn
1592664033.bang.360.cn
1592911433.bang.360.cn
15929432.bang.360.cn
1593307440.bang.360.cn
1594069270.bang.360.cn
1594498867.bang.360.cn
159588420.bang.360.cn
1596105583.bang.360.cn
1596244223.bang.360.cn
1596285592.bang.360.cn
1598093341.bang.360.cn
1598225097.bang.360.cn
1598458658.bang.360.cn
1598472653.bang.360.cn
1598477801.bang.360.cn
1598488716.bang.360.cn
1598567010.bang.360.cn
1598568151.bang.360.cn
1599571827.bang.360.cn
1600306642.bang.360.cn
1601431418.bang.360.cn
1602565373.bang.360.cn
1602972818.bang.360.cn
160347788.bang.360.cn
1603622904.bang.360.cn
1603655473.bang.360.cn
160369497.bang.360.cn
1605253759.bang.360.cn
1606639379.bang.360.cn
1607640598.bang.360.cn
1608750058.bang.360.cn
1610969021.bang.360.cn
1611499090.bang.360.cn
161234848.bang.360.cn
1612469371.bang.360.cn
1612479702.bang.360.cn
1612510312.bang.360.cn
1613049338.bang.360.cn
1613829155.bang.360.cn
1614190325.bang.360.cn
1615584925.bang.360.cn
1616946917.bang.360.cn
16175605.bang.360.cn
1618062756.bang.360.cn
1619272564.bang.360.cn
1619945667.bang.360.cn
1620217936.bang.360.cn
1620598431.bang.360.cn
1620844602.bang.360.cn
162145397.bang.360.cn
1621708676.bang.360.cn
16223271.bang.360.cn
1622485242.bang.360.cn
1622692609.bang.360.cn
1623260428.bang.360.cn
1624159298.bang.360.cn
1624448075.bang.360.cn
1624581212.bang.360.cn
1625943619.bang.360.cn
1626193668.bang.360.cn
1626443723.bang.360.cn
1626493731.bang.360.cn
1626763796.bang.360.cn
16271379.bang.360.cn
1627464626.bang.360.cn
162766366.bang.360.cn
162881977.bang.360.cn
1631079538.bang.360.cn
1631080666.bang.360.cn
1631652845.bang.360.cn
1634160366.bang.360.cn
1635584326.bang.360.cn
1635917573.bang.360.cn
1637426098.bang.360.cn
1638401792.bang.360.cn
1641608413.bang.360.cn
1642067865.bang.360.cn
1643483292.bang.360.cn
1647600500.bang.360.cn
1653591998.bang.360.cn
1654143105.bang.360.cn
1660908600.bang.360.cn
1661574024.bang.360.cn
1661910319.bang.360.cn
1664587630.bang.360.cn
1665030709.bang.360.cn
1665065653.bang.360.cn
16652642.bang.360.cn
1666025863.bang.360.cn
1666725834.bang.360.cn
16671373.bang.360.cn
1669583904.bang.360.cn
1676175274.bang.360.cn
16763071.bang.360.cn
1676815426.bang.360.cn
1677724901.bang.360.cn
1679846666.bang.360.cn
1680xiaoyouxi.360.cn
1682189867.bang.360.cn
1684704514.bang.360.cn
1685388592.bang.360.cn
16858516.bang.360.cn
1685898228.bang.360.cn
1688830668.bang.360.cn
1688937574.bang.360.cn
1691691977.bang.360.cn
1693840277.bang.360.cn
1696211671.bang.360.cn
1698314585.bang.360.cn
1700038043.bang.360.cn
1703467087.bang.360.cn
1706114082.bang.360.cn
1708793832.bang.360.cn
1717324383.bang.360.cn
1717476682.bang.360.cn
1718660915.bang.360.cn
1720235598.bang.360.cn
17235816.bang.360.cn
1726506669.bang.360.cn
1738979816.bang.360.cn
1740921053.bang.360.cn
1741854229.bang.360.cn
1742199541.bang.360.cn
17430030.bang.360.cn
1746979711.bang.360.cn
1752229668.bang.360.cn
1754411214.bang.360.cn
17592278.bang.360.cn
17622200.bang.360.cn
17651589.bang.360.cn
17692415.bang.360.cn
17724970.bang.360.cn
18304865.bang.360.cn
18317113.bang.360.cn
18409882.bang.360.cn
18549917.bang.360.cn
18767919.bang.360.cn
19063226.bang.360.cn
19387321.bang.360.cn
19542072.bang.360.cn
19840261.bang.360.cn
19942171.bang.360.cn
2007308.bang.360.cn
2011.soft.360.cn
2012.hao.360.cn
2012.soft.360.cn
2013.soft.360.cn
2014.360.cn
2014.soft.360.cn
20217570.bang.360.cn
20382521.bang.360.cn
20415760.bang.360.cn
20577000.bang.360.cn
20664969.bang.360.cn
20671590.bang.360.cn
20762140.bang.360.cn
20950950.bang.360.cn
21281527.bang.360.cn
21691632.bang.360.cn
21903546.bang.360.cn
21982775.bang.360.cn
21997771.bang.360.cn
22126316.bang.360.cn
22961487.bang.360.cn
23827267.bang.360.cn
24348125.bang.360.cn
2436905.bang.360.cn
2458307.bang.360.cn
24629514.bang.360.cn
24765008.bang.360.cn
25394051.bang.360.cn
26113907.bang.360.cn
2618071.bang.360.cn
26335188.bang.360.cn
26374140.bang.360.cn
26515715.bang.360.cn
2653040.bang.360.cn
26652187.bang.360.cn
26904823.bang.360.cn
27265015.bang.360.cn
27588391.bang.360.cn
2760bbs.360.cn
27909708.bang.360.cn
28146737.bang.360.cn
28595252.bang.360.cn
28605259.bang.360.cn
28615264.bang.360.cn
28625267.bang.360.cn
29018014.bang.360.cn
29282232.bang.360.cn
29301294.bang.360.cn
29858565.bang.360.cn
29861882.bang.360.cn
29935450.bang.360.cn
2d00hao.360.cn
30148075.bang.360.cn
30380259.bang.360.cn
30687663.bang.360.cn
31353246.bang.360.cn
315.360.cn
31990146.bang.360.cn
32504554.bang.360.cn
3270527.bang.360.cn
32823802.bang.360.cn
32881648.bang.360.cn
32938967.bang.360.cn
32a0bbs.360.cn
33013352.bang.360.cn
33085269.bang.360.cn
33138507.bang.360.cn
33194149.bang.360.cn
3321212.bang.360.cn
3331768.bang.360.cn
33317868.bang.360.cn
33980476.bang.360.cn
34424678.bang.360.cn
34471928.bang.360.cn
34591270.bang.360.cn
35518194.bang.360.cn
35897157.bang.360.cn
360.cn
360blcx.wan.360.cn
360game.360.cn
3654072.bang.360.cn
3661956.bang.360.cn
36725031.bang.360.cn
3681172.bang.360.cn
37227192.bang.360.cn
37372699.bang.360.cn
37417861.bang.360.cn
3912983.bang.360.cn
3927677.bang.360.cn
39336287.bang.360.cn
3936598.bang.360.cn
3980073.bang.360.cn
39919834.bang.360.cn
3x.qipai.360.cn
40028746.bang.360.cn
40073655.bang.360.cn
40128954.bang.360.cn
4016387.bang.360.cn
4029494.bang.360.cn
40333694.bang.360.cn
40398800.bang.360.cn
40615060.bang.360.cn
40895559.bang.360.cn
40995935.bang.360.cn
41168048.bang.360.cn
41491727.bang.360.cn
41671527.bang.360.cn
42028484.bang.360.cn
42055520.bang.360.cn
42245551.bang.360.cn
4270175.bang.360.cn
42913083.bang.360.cn
43623401.bang.360.cn
43809845.bang.360.cn
44021089.bang.360.cn
44708785.bang.360.cn
44850201.bang.360.cn
44908464.bang.360.cn
45407632.bang.360.cn
46116479.bang.360.cn
46162309.bang.360.cn
46259263.bang.360.cn
46856746.bang.360.cn
46934426.bang.360.cn
4704444.bang.360.cn
47624878.bang.360.cn
4793059.bang.360.cn
5198173.bang.360.cn
52061000.bang.360.cn
5237417.bang.360.cn
5258826.bang.360.cn
5289342.bang.360.cn
5323848.bang.360.cn
5393801.bang.360.cn
5a0bbs.360.cn
6012188.bang.360.cn
6354753.bang.360.cn
64881000.bang.360.cn
6765000.bang.360.cn
7014258.bang.360.cn
7081929.bang.360.cn
7464403.bang.360.cn
7516077.bang.360.cn
7588944.bang.360.cn
76111000.bang.360.cn
7689901.bang.360.cn
7750577.bang.360.cn
7799178.bang.360.cn
78581000.bang.360.cn
7901852.bang.360.cn
7947857.bang.360.cn
7jol.wan.360.cn
8.360.cn
81261000.bang.360.cn
8353083.bang.360.cn
8559533.bang.360.cn
9037137.bang.360.cn
94951000.bang.360.cn
9662821.bang.360.cn
97671000.bang.360.cn
9794394.bang.360.cn
9lc.wan.360.cn
9x.wan.360.cn
acc.game.360.cn
account.game.360.cn
ace.360.cn
act.qj.game.360.cn
activity.safebox.360.cn
ad.360.cn
ad.s.mall.360.cn
addonup.se.360.cn
admin.e.360.cn
agency.e.360.cn
ahsg.wan.360.cn
ahsy.wan.360.cn
ahtl.wan.360.cn
ahxy.wan.360.cn
air.360.cn
aj2.wan.360.cn
angrybirds.360.cn
anquan.360.cn
apc.360.cn
api.chrome.360.cn
api.hao.360.cn
api.liuliang.360.cn
api.m.v.360.cn
api.safebox.360.cn
api.shuaji.360.cn
api.tuan.360.cn
app.browser.360.cn
app.cp.360.cn
app.hao.360.cn
app.m.360.cn
app.u.360.cn
app.v.360.cn
app2.cp.360.cn
as.wan.360.cn
asqx.wan.360.cn
astd.wan.360.cn
audit.scan.shouji.360.cn
avc.360.cn
aws.s.hao.360.cn
ayqj.wan.360.cn
b.360.cn
b.cp.360.cn
baby.360.cn
bad.wan.360.cn
baike.360.cn
bang.360.cn
baoku.360.cn
baoxian.360.cn
bb2758s.360.cn
bb5a0s.360.cn
bbs.360.cn
bbs.chrome.360.cn
bbs.game.360.cn
bbs.u.360.cn
bbs.webscan.360.cn
bd.avc.360.cn
bd.hd.360.cn
beta.hd.wan.360.cn
bfol.wan.360.cn
bhzr.wan.360.cn
biz.mall.360.cn
www.yunpan.com
yunpan.com
iiscan.com
news.iiscan.com
www.iiscan.com
360wzb.com
shht.360wzb.com
360sou.com
cache.360sou.com
news.360sou.com
www.360sou.com
360webcache.com
c.360webcache.com
syscan360.org
www.syscan360.org
2014.so.com
2760baike.so.com
666.so.com
app.so.com
ba5a0ike.so.com
baike.so.com
baike1c20.so.com
bb.so.com
buy.so.com
dl.image.so.com
ds.www.so.com
hongbao.so.com
image.so.com
images.so.com
index.so.com
info.so.com
j.news.so.com
j.www.so.com
ly.so.com
m.app.so.com
m.baike.so.com
m.image.so.com
m.map.so.com
m.music.so.com
m.news.so.com
m.so.com
m.video.so.com
m.wenda.so.com
map.so.com
mp3.so.com
new.so.com
onebox.so.com
pfif.so.com
pic.so.com
pics.so.com
q.baike.so.com
rd.news.so.com
ruanjian.so.com
s.musi2760c.so.com
s.music.so.com
se.so.com
shouji.so.com
so.com
soft.so.com
st.so.com
t.so.com
top.so.com
tu.so.com
tupian.so.com
update.ebook.shouji.so.com
v.so.com
video.so.com
w.so.com
w1c20enda.so.com
wemedia.so.com
wenda.so.com
ww.so.com
www.123.so.com
www.6666.so.com
www.jj.so.com
www.so.com
xinzhi.wenda.so.com
xueshu.so.com
zhanzhang.so.com
ww.sp8.so.com
wd.so.com
waiter.www.so.com
qvodwww.8090.so.com
open.map.so.com
news.so.com
music.so.com
media.so.com
liangyi.so.com
i.so.com
112www.8090.so.com
03464.fullmoon88-turn.me.on-girls.are.so.com
www.se.so.com
www.8090.so.com
zhidao.so.com
msafe.cn
www.msafe.cn
3dtk.mgamer.cn
apps.mgamer.cn
bbs.mgamer.cn
beta.mgamer.cn
bzwx.mgamer.cn
dtcq.mgamer.cn
event.mgamer.cn
fknsg.mgamer.cn
g.mgamer.cn
gl.mgamer.cn
gwlr.mgamer.cn
hdqb.mgamer.cn
hs.mgamer.cn
jhzr.mgamer.cn
ka.mgamer.cn
kapi.mgamer.cn
ku.mgamer.cn
ldxy.mgamer.cn
mgamer.cn
mhj.mgamer.cn
mm.mgamer.cn
news.mgamer.cn
qj.mgamer.cn
qsmy.mgamer.cn
qsmy2.mgamer.cn
qy2.mgamer.cn
rm.mgamer.cn
tjxm.mgamer.cn
www.mgamer.cn
xin.mgamer.cn
yzqx.mgamer.cn
yzr.mgamer.cn
ew3.mgamer.cn
sg.mgamer.cn
360.com
3w.ccc.360.com
45www.ccc.360.com
a.ccc.360.com
a.ccc.360.coma.ccc.360.com
air.mall.360.com
baby.mall.360.com
c.360.coma.ccc.360.com
ccc.360.com
ccc.360.coma.ccc.360.coma.ccc.360.com
ccc.360ccc.360.com
ccc.360ccc.360.comwww.ccc.3603w.ccc.360.com
ccc.360www.ccc.360.com
che.mall.360.com
e.360.com
fhl.wan.360.com
hao.360.com
hx.game.360.com
info.ccc.360.com
jia.mall.360.com
kxw.360.com
luyou.mall.360.com
m.360.com
mall.360.com
meirubaoguanfangwallesseaa.360.com
q45www.ccc.360.com
sd.360.com
se.360.com
shequ.mall.360.com
shouji.360.com
so.360.com
tuan.360.com
v.360.com
wifi.360.com
wifi.mall.360.com
www.360.com
www.bedook.360.com
www.ccc.360.com
www.dili.360.com
www.ewt.360.com
www.hao.360.com
www.hc.360.com
www.huangru.360.com
www.kkb.360.com
www.sese.360.com
www.shouji.360.com
www.tom.360.com
www.tuan.360.com
www.wifi.360.com
www.wyt.360.com
www.xuxufei.zko.360.com
wwww.ccc.360.com
xici.360.com
yun.360.com
yunpan.360.com
iemate.cn
www.iemate.cn
1360.cn
s.1360.cn
www.1360.cn
qihoo.com.cn
www.qihoo.com.cn
1ae355ecb503f7b0782baf3201801fa3.360wzb.cn
2755fd446e5904bbf5b5edcd0e6bd7e9.360wzb.cn
360wzb.cn
6d06230d1c64d96cbccb5b473cf707b5.360wzb.cn
96136c45d3cd479b5480949ad9435d01.360wzb.cn
c8d910784c800de598cbea6ae7b06418.360wzb.cn
fadff97ab6734b6ad0e59c0f7abd316e.360wzb.cn
fafdaa6883cd8fccb2f557a9a9362900.360wzb.cn
qihoo.cn
bbs.msafe.com.cn
msafe.com.cn
wap.msafe.com.cn
www.msafe.com.cn
360shouji.cn
www.360shouji.cn
msafe.cn
www.msafe.cn
image.sou.com
sou.com
www.sou.com
baiwutong.cn
www.baiwutong.cn
360shouji.com
bbs.360shouji.com
www.360shouji.com
360cdn.cn
www.dreamyiyi.com.c2.open.360cdn.cn
www.meirishentie.com.c1.open.360cdn.cn
www.meirishentie.com.c4.open.360cdn.cn
www.ucbug.com.c0.open.360cdn.cn
www.ucbug.com.c1.open.360cdn.cn
www.ucbug.com.c3.open.360cdn.cn
www.ucbug.com.c4.open.360cdn.cn
www.ucbug.com.c5.open.360cdn.cn
www.wlxhd.com.c1.open.360cdn.cn
0fd5c9.l51.yunpan.cn
651ddc.l51.yunpan.cn
ac3dqdqawy.l35.yunpan.cn
acibqjug4v.l3.yunpan.cn
ad5raxptqn.l32.yunpan.cn
aj2pkviwpa.l29.yunpan.cn
aj38tdzwpv.l31.yunpan.cn
aj4hf5vahu.l16.yunpan.cn
aj4r8lmepd.l16.yunpan.cn
aj5gpfyfjh.l7.yunpan.cn
aj72bxtgyh.l18.yunpan.cn
aj8d3jmv8d.l29.yunpan.cn
aj8kxudtsr.l16.yunpan.cn
aj9aerjihm.l19.yunpan.cn
ajaijhmuyh.l7.yunpan.cn
ajbgekx5qy.l27.yunpan.cn
ajbndhx4iz.l9.yunpan.cn
ajcayzgzcx.l9.yunpan.cn
aje8lgiwjn.l3.yunpan.cn
ajecmndmxt.l33.yunpan.cn
ajekewwd9y.l35.yunpan.cn
ajfipp4mxf.l14.yunpan.cn
ajfpagzn7m.l4.yunpan.cn
ajg3sxdpyy.l31.yunpan.cn
ajg6hv575q.l7.yunpan.cn
ajgauaeqdh.l33.yunpan.cn
ajgex24dxq.l3.yunpan.cn
ajgfjmyube.l35.yunpan.cn
ajgwskfumj.l37.yunpan.cn
ajh7m6pvqx.l7.yunpan.cn
ajhfehgvvb.l10.yunpan.cn
ajhrle52qh.l35.yunpan.cn
aji9exqgwx.l17.yunpan.cn
ajk8khpg7r.l18.yunpan.cn
ajmlwwplhk.l11.yunpan.cn
ajmqum6esr.l33.yunpan.cn
ajn6bdfww7.l18.yunpan.cn
ajnhfi5mru.l31.yunpan.cn
ajnhicf3ks.l37.yunpan.cn
ajnmrgyyzm.l37.yunpan.cn
ajnmrjcauy.l18.yunpan.cn
ajnxdqcx5y.l7.yunpan.cn
ajnxhis32k.l10.yunpan.cn
ajnxmhxjnr.l7.yunpan.cn
ajnxmu4w4a.l7.yunpan.cn
ajnxmyjfsl.l7.yunpan.cn
ajnxqnyibg.l10.yunpan.cn
ajnxqwiins.l10.yunpan.cn
ajpavqp6j8.l11.yunpan.cn
ajphszs9hs.l31.yunpan.cn
ajqepwkg2z.l2.yunpan.cn
ajqkzu2jqx.l21.yunpan.cn
ajrdbw5sb2.l21.yunpan.cn
ajreishqci.l6.yunpan.cn
ajrrefn4p8.l31.yunpan.cn
ajrtpieehm.l33.yunpan.cn
ajrvn6yxbx.l6.yunpan.cn
ajsegdgsvy.l33.yunpan.cn
ajseqexzhr.l4.yunpan.cn
ajtgeu94vf.l33.yunpan.cn
aju35cqayc.l4.yunpan.cn
ajuj6m6njy.l31.yunpan.cn
ajvgncydfm.l4.yunpan.cn
ajw6bpwuyy.l35.yunpan.cn
ajxgnqejbj.l33.yunpan.cn
ajy6flyeeb.l27.yunpan.cn
ajyledkyyp.l21.yunpan.cn
ajyzdlgecj.l19.yunpan.cn
ajyzdwgwb6.l19.yunpan.cn
ajyzfkieb6.l19.yunpan.cn
ajyzr3nhmx.l19.yunpan.cn
ajyzrgnlgr.l19.yunpan.cn
ajzqqirjtq.l6.yunpan.cn
ajzxcx5qxc.l7.yunpan.cn
aqapmhp7tq.l10.yunpan.cn
aqkbzgyn4x.l10.yunpan.cn
aqs2cvsacn.l19.yunpan.cn
aqs2wjicqk.l19.yunpan.cn
aqv5xv4scy.l19.yunpan.cn
aqy8fkirx5.l39.yunpan.cn
av4xcwgdvi.l17.yunpan.cn
av9bjrbiy4.l19.yunpan.cn
avawppqftz.l19.yunpan.cn
avbaxmrwsy.l14.yunpan.cn
avemandv68.l11.yunpan.cn
avgjxrsiip.l21.yunpan.cn
avihimvgcc.l11.yunpan.cn
avp9uz9uqd.l13.yunpan.cn
avteicqizf.l27.yunpan.cn
avthcg3yda.l21.yunpan.cn
avtn2p7i8w.l17.yunpan.cn
avzurkeifd.l14.yunpan.cn
avzuvxjbkz.l14.yunpan.cn
aw9cuxn5tq.l13.yunpan.cn
awdhjjp7a9.l19.yunpan.cn
awfygwtagc.l13.yunpan.cn
awg6tfudtj.l18.yunpan.cn
awjwsijmud.l19.yunpan.cn
awjwtkpgbx.l10.yunpan.cn
awjzwkc6ra.l33.yunpan.cn
awlsj9njqv.l16.yunpan.cn
awmfcnjwhy.l22.yunpan.cn
awqj8uhcm9.l10.yunpan.cn
awqjcnbzgz.l2.yunpan.cn
awqk4lerde.l14.yunpan.cn
awqk9m56qr.l4.yunpan.cn
awqkgc9ztx.l7.yunpan.cn
awqndievqp.l2.yunpan.cn
awqwauxgxa.l4.yunpan.cn
awqybkq2cy.l6.yunpan.cn
awuy7z6y3r.l29.yunpan.cn
awvyt279d8.l33.yunpan.cn
awwciaba3h.l6.yunpan.cn
awwjjbxm2a.l37.yunpan.cn
awwjkkbs3z.l37.yunpan.cn
awwjyt3r9f.l37.yunpan.cn
awwjzqjv7j.l37.yunpan.cn
awy2cdchpk.l9.yunpan.cn
awy2cdql46.l4.yunpan.cn
awy2er8jz7.l11.yunpan.cn
awy2nig9xf.l4.yunpan.cn
awy2tja7c3.l3.yunpan.cn
awy2wp9itg.l4.yunpan.cn
awy2z6nran.l4.yunpan.cn
awy2zjztjd.l3.yunpan.cn
awy83dibry.l16.yunpan.cn
awy86sffgr.l4.yunpan.cn
awy8dgifpt.l4.yunpan.cn
awy8hh8eqx.l4.yunpan.cn
awy8ldwzan.l10.yunpan.cn
awy8rlfkn3.l14.yunpan.cn
awy8syide2.l11.yunpan.cn
awy8unibm3.l3.yunpan.cn
awy8v66g7f.l9.yunpan.cn
awy8vb55ui.l2.yunpan.cn
awy8xqmaxc.l2.yunpan.cn
awyc2mgq6p.l2.yunpan.cn
awyc7gcubu.l7.yunpan.cn
awycdwy474.l5.yunpan.cn
awycgrb9xk.l4.yunpan.cn
awyck2s56q.l13.yunpan.cn
awycmbmdfs.l4.yunpan.cn
awycp6ughf.l9.yunpan.cn
awycpmz3x5.l6.yunpan.cn
awycqcyzwk.l7.yunpan.cn
awycwvcc9a.l3.yunpan.cn
awycx3jlbn.l11.yunpan.cn
awycxacuze.l11.yunpan.cn
awycxefh5k.l4.yunpan.cn
awydaect3s.l13.yunpan.cn
awydgrjatu.l3.yunpan.cn
awydjprbqz.l3.yunpan.cn
awydkhlyhr.l9.yunpan.cn
awydqsazti.l2.yunpan.cn
awyedyr3nd.l5.yunpan.cn
awyemire9y.l11.yunpan.cn
awyerjirtu.l9.yunpan.cn
awyjbfxuhp.l6.yunpan.cn
awyk3gz7kr.l10.yunpan.cn
awyk5wvkcu.l6.yunpan.cn
awykbgtecr.l3.yunpan.cn
awykczxrvi.l14.yunpan.cn
awykjfpsgy.l13.yunpan.cn
awykslqmun.l5.yunpan.cn
awyksmbywk.l11.yunpan.cn
awykuasnhm.l4.yunpan.cn
awykuddprs.l10.yunpan.cn
awykvuksws.l16.yunpan.cn
awykwvzisn.l3.yunpan.cn
awykymschl.l4.yunpan.cn
awym2l5sfm.l7.yunpan.cn
awym4dyrbm.l13.yunpan.cn
awym52jmx3.l16.yunpan.cn
awymbfr8ik.l6.yunpan.cn
awymci7cx4.l5.yunpan.cn
awyme4khmk.l9.yunpan.cn
awymeslupf.l14.yunpan.cn
awymm9mmws.l10.yunpan.cn
awymndnnkp.l6.yunpan.cn
awymp9mez5.l4.yunpan.cn
awymq3s4sq.l11.yunpan.cn
awymremqzs.l2.yunpan.cn
awymsdkd6t.l6.yunpan.cn
awymtcupja.l3.yunpan.cn
awymtdgz75.l13.yunpan.cn
awymtjhpmg.l11.yunpan.cn
awymtnypne.l2.yunpan.cn
awymvp3bx6.l3.yunpan.cn
awymwp5qx5.l3.yunpan.cn
awymxzeimc.l7.yunpan.cn
awynvgabu9.l22.yunpan.cn
awyqkm3pke.l10.yunpan.cn
awyqtuxhcx.l16.yunpan.cn
cj79dbxva.l4.yunpan.cn
cvta6xiz2.l3.yunpan.cn
cz2gyhg2j.l11.yunpan.cn
czmvnydkq.l3.yunpan.cn
czxdiscty.l4.yunpan.cn
g.l2.yunpan.cn
g.l5.yunpan.cn
g.l6.yunpan.cn
g.l7.yunpan.cn
g.l9.yunpan.cn
j.l5.yunpan.cn
l11.yunpan.cn
l13.yunpan.cn
l14.yunpan.cn
l17.yunpan.cn
l19.yunpan.cn
l2.yunpan.cn
l21.yunpan.cn
l25.yunpan.cn
l3.yunpan.cn
l37.yunpan.cn
l4.yunpan.cn
l6.yunpan.cn
l7.yunpan.cn
l9.yunpan.cn
qd97gwzfdtlvc.l11.yunpan.cn
qd98ci2wz9kcm.l2.yunpan.cn
qd98xtpf3ueeb.l13.yunpan.cn
qd9c3jjfipf4q.l9.yunpan.cn
qd9e8hzbrqth7.l10.yunpan.cn
qd9exdjysz7mb.l7.yunpan.cn
qd9ginbe56nix.l11.yunpan.cn
qd9mwgvktzlvb.l13.yunpan.cn
qdb27nqzatimy.l13.yunpan.cn
qdb2bhwbkayrm.l5.yunpan.cn
qdb5iyssktgi9.l16.yunpan.cn
qdb78dcrb6et5.l13.yunpan.cn
qdb7j9nxlark4.l5.yunpan.cn
qdb9aeae5jdxb.l16.yunpan.cn
qdbbv4r5nlfuy.l16.yunpan.cn
qdbciqjablrim.l6.yunpan.cn
qdbebtdj8vwux.l6.yunpan.cn
qdbfwqgucumya.l7.yunpan.cn
qdbg8urvuayvh.l6.yunpan.cn
qdbghnglm7vbp.l13.yunpan.cn
qdbh2ezpnqfmt.l16.yunpan.cn
qdbpwxpbiu5t6.l3.yunpan.cn
qdbrgpybtv7bm.l14.yunpan.cn
qdbwi5uzypwrl.l5.yunpan.cn
qdbwk6cvvxzmp.l13.yunpan.cn
qdbyughivi3hn.l2.yunpan.cn
qdbzavklxz7ml.l5.yunpan.cn
qdbzwtnw5jhnu.l3.yunpan.cn
qddadav9fqqen.l2.yunpan.cn
qddfvc9wcp6pj.l4.yunpan.cn
qddgjxkspceii.l10.yunpan.cn
qdg778tuizydr.l13.yunpan.cn
qdg8wzahehudv.l3.yunpan.cn
qdgepatru8gi2.l9.yunpan.cn
qdggbgzebyjtd.l4.yunpan.cn
qdgm8wzzahb6n.l3.yunpan.cn
qdgpt7qp25nnw.l7.yunpan.cn
qdnexuequzjnh.l10.yunpan.cn
qdntcbsadcsyz.l13.yunpan.cn
qdnwtehuavu5j.l9.yunpan.cn
qdtbgwqzylrca.l13.yunpan.cn
qdtenhkjkbrbi.l9.yunpan.cn
qdtiyer8ifump.l9.yunpan.cn
qdtkfrjkqrrj3.l9.yunpan.cn
qdtmybysruga9.l10.yunpan.cn
qdtpu3sq57eu6.l6.yunpan.cn
qdtsvdqku8css.l7.yunpan.cn
qdu5y8mehfrmh.l14.yunpan.cn
qduam64vzxefn.l13.yunpan.cn
qdudxycw9mart.l7.yunpan.cn
qdued8vbxmbry.l3.yunpan.cn
qduehnqvvd4fx.l13.yunpan.cn
qdugppkc2tvkr.l5.yunpan.cn
qdui6igrhvija.l10.yunpan.cn
qduiwiylu32ti.l13.yunpan.cn
qdupkugasjur5.l16.yunpan.cn
qduqg6tjugyg9.l13.yunpan.cn
qdurpfvlfklsj.l5.yunpan.cn
qduswg9bx9tqz.l3.yunpan.cn
qduwsxvnwxsju.l2.yunpan.cn
qduwvvybxp6xb.l2.yunpan.cn
qdxfphguqrmut.l2.yunpan.cn
qdxnaurd98j7k.l2.yunpan.cn
qdxsmke45vqmm.l7.yunpan.cn
qdxttpum9vegp.l4.yunpan.cn
qdyzbh4syywr6.l5.yunpan.cn
se.l4.yunpan.cn
sm.l5.yunpan.cn
sq.l3.yunpan.cn
sr.l5.yunpan.cn
ss.l6.yunpan.cn
sy.l5.yunpan.cn
u.yunpan.cn
v.l4.yunpan.cn
x.l4.yunpan.cn
y.l6.yunpan.cn
yunpan.cn
z.l9.yunpan.cn
1360.com
api.1360.com
bocs.g.1360.com
csbh.g.1360.com
csxy.g.1360.com
ddt.1360.com
dev.1360.com
dh1.g.1360.com
dock.game.1360.com
game.1360.com
game.xjsj.g.1360.com
ge.1360.com
hysj.1360.com
jhqy1.g.1360.com
jjsg.1360.com
jtxm.1360.com
jxjh.g.1360.com
kod.g.1360.com
lmzg.1360.com
lrwzk.g.1360.com
main-wan.1360.com
mfxzk.g.1360.com
mhxy.g.1360.com
moka.g.1360.com
o.1360.com
open.1360.com
pay.wan.1360.com
qipai.1360.com
qmr.1360.com
rd.1360.com
ryt.g.1360.com
s1.astd.g.1360.com
s1.bocs.o.1360.com
s1.csbh.o.1360.com
s1.ddz.g.1360.com
s1.hero.g.1360.com
s1.jtxm.g.1360.com
s1.lztx.g.1360.com
s1.mhfx.g.1360.com
s1.rxsg2.g.1360.com
s1.sgz1.o.1360.com
s1.sngo.o.1360.com
s1.sxd.g.1360.com
s1.tdyx.g.1360.com
s1.wknc.g.1360.com
s1.wly.g.1360.com
s10.astd.g.1360.com
s100.jtxm.g.1360.com
s1001.zht.g.1360.com
s1002.mcjh.g.1360.com
s1009.djj.g.1360.com
s101.djj.g.1360.com
s101.mhxx.g.1360.com
s1014.djj.g.1360.com
s1015.djj.g.1360.com
s1019.djj.g.1360.com
s1028.djj.g.1360.com
s1029.djj.g.1360.com
s103.djj.g.1360.com
s107.sxd.g.1360.com
s11.frg.g.1360.com
s11.hero.g.1360.com
s11.rxsg2.g.1360.com
s11.wly.g.1360.com
s11.ygfs.g.1360.com
s12.hero.g.1360.com
s12.jtxm.g.1360.com
s12.lhsg.g.1360.com
s12.rxsg2.g.1360.com
s12.ydzs.g.1360.com
s124.jjsg.g.1360.com
s125.jjsg.g.1360.com
s126.jtxm.g.1360.com
s13.hero.g.1360.com
s13.jjsg.g.1360.com
s13.jtxm.g.1360.com
s13.mhfx.g.1360.com
s13.rxsg2.g.1360.com
s13.sxd.g.1360.com
s13.wly.g.1360.com
s136.sxd.g.1360.com
s14.hero.g.1360.com
s14.rxsg2.g.1360.com
s14.tdyx.g.1360.com
s15.jtxm.g.1360.com
s15.mhfx.g.1360.com
s15.rxsg2.g.1360.com
s16.hero.g.1360.com
s16.mhfx.g.1360.com
s16.mhxx.g.1360.com
s16.rxsg2.g.1360.com
s16.tdyx.g.1360.com
s16.ygfs.g.1360.com
s17.frg.g.1360.com
s17.jjsg.g.1360.com
s17.jtxm.g.1360.com
s17.mhxx.g.1360.com
s17.rxsg2.g.1360.com
s17.tdyx.g.1360.com
s18.hero.g.1360.com
s18.jxqy.g.1360.com
s18.mhfx.g.1360.com
s18.rxsg2.g.1360.com
s18.wly.g.1360.com
s19.hero.g.1360.com
s19.lyol.g.1360.com
s19.mhfx.g.1360.com
s19.mhxx.1360.com
s19.rxsg2.g.1360.com
s19.tdyx.g.1360.com
s19.ygfs.g.1360.com
s191.jjsg.g.1360.com
s192.jjsg.g.1360.com
s2.hero.g.1360.com
s2.jtxm.g.1360.com
s2.mhfx.g.1360.com
s2.rxsg2.g.1360.com
s2.tdyx.g.1360.com
s2.wly.g.1360.com
s2.ydzs.g.1360.com
s2.ygfs.g.1360.com
s2.zwjs.g.1360.com
s20.jjsg.g.1360.com
s20.mhfx.g.1360.com
s20.rxsg2.g.1360.com
s20.tdyx.g.1360.com
s200.jtxm.g.1360.com
s21.hero.g.1360.com
s21.jjsg.g.1360.com
s21.rxsg2.g.1360.com
s21.tdyx.g.1360.com
s22.hero.g.1360.com
s22.mhfx.g.1360.com
s22.rxhzw.g.1360.com
s22.rxsg2.g.1360.com
s22.tdyx.g.1360.com
s222.sxd.g.1360.com
s23.jjsg.g.1360.com
s23.jtxm.g.1360.com
s23.mhfx.g.1360.com
s23.rxsg2.g.1360.com
s23.tdyx.g.1360.com
s230.lyol.g.1360.com
s24.hero.g.1360.com
s24.mhfx.g.1360.com
s24.rxsg2.g.1360.com
s24.tlqx.g.1360.com
s25.jjsg.g.1360.com
s25.rxsg2.g.1360.com
s25.sxd.g.1360.com
s25.ygfs.g.1360.com
s26.mhfx.g.1360.com
s26.rxsg2.g.1360.com
s26.tdyx.g.1360.com
s27.mhfx.g.1360.com
s28.astd.g.1360.com
s28.rxsg2.g.1360.com
s28.wly.g.1360.com
s29.lyol.g.1360.com
s29.mhfx.g.1360.com
s3.hero.g.1360.com
s3.jjsg.g.1360.com
s3.rxws.g.1360.com
s3.tdyx.g.1360.com
s3.wly.g.1360.com
s3.ygfs.g.1360.com
s30.tdyx.g.1360.com
s31.jjsg.g.1360.com
s31.jtxm.g.1360.com
s31.mhfx.g.1360.com
s31.wly.g.1360.com
s32.mhfx.g.1360.com
s32.rxsg2.g.1360.com
s33.frg.g.1360.com
s33.tdyx.g.1360.com
s33.ygfs.g.1360.com
s34.tdyx.g.1360.com
s35.frg.g.1360.com
s35.jtxm.g.1360.com
s35.lyol.g.1360.com
s35.rxsg2.g.1360.com
s36.ygfs.g.1360.com
s37.frg.g.1360.com
s37.jjsg.g.1360.com
s38.frg.g.1360.com
s39.jtxm.g.1360.com
s4.dfxx.g.1360.com
s4.hero.g.1360.com
s4.tdyx.g.1360.com
s4.wly.g.1360.com
s40.mhfx.g.1360.com
s41.jjsg.g.1360.com
s41.mhfx.g.1360.com
s41.sxd.g.1360.com
s41.ygfs.g.1360.com
s43.jjsg.g.1360.com
s43.ygfs.g.1360.com
s44.tdyx.g.1360.com
s45.jjsg.g.1360.com
s46.frg.g.1360.com
s47.jtxm.g.1360.com
s47.tdyx.g.1360.com
s47.ygfs.g.1360.com
s48.lyol.g.1360.com
s48.mhfx.g.1360.com
s48.ygfs.g.1360.com
s49.rxsg2.g.1360.com
s5.hero.g.1360.com
s5.lhsg.g.1360.com
s5.shuihu.g.1360.com
s5.tdyx.g.1360.com
s5.ydzs.g.1360.com
s50.jtxm.g.1360.com
s50.sxd.g.1360.com
s51.jtxm.g.1360.com
s52.jjsg.g.1360.com
s52.rxhzw.g.1360.com
s52.wly.g.1360.com
s53.jjsg.g.1360.com
s53.mhxx.g.1360.com
s54.jjsg.g.1360.com
s54.tdyx.g.1360.com
s55.sxd.g.1360.com
s6.astd.g.1360.com
s6.lhsg.g.1360.com
s6.rxsg2.g.1360.com
s61.jtxm.g.1360.com
s63.dpmmo.g.1360.com
s63.jjsg.g.1360.com
s64.jtxm.g.1360.com
s649.lyol.g.1360.com
s65.jjsg.g.1360.com
s68.jtxm.g.1360.com
s7.frg.g.1360.com
s7.hero.g.1360.com
s7.jtxm.g.1360.com
s7.tdyx.g.1360.com
s71.jtxm.g.1360.com
s74.jjsg.g.1360.com
s75.jjsg.g.1360.com
s76.mhfx.g.1360.com
s8.hero.g.1360.com
s8.jjsg.g.1360.com
s8.mhfx.g.1360.com
s8.sxd.g.1360.com
s8.tdyx.g.1360.com
s8.ygfs.g.1360.com
s80.jjsg.g.1360.com
s82.dpmmo.g.1360.com
s83.djj.g.1360.com
s83.jjsg.g.1360.com
s86.mhfx.g.1360.com
s9.hero.g.1360.com
s9.jjsg.g.1360.com
s9.mhfx.g.1360.com
s9.tdyx.g.1360.com
s9.wly.g.1360.com
s91.jtxm.g.1360.com
s92.jjsg.g.1360.com
s93.jjsg.g.1360.com
sgz1.g.1360.com
sjcq.g.1360.com
sjsg.1360.com
slzgk.g.1360.com
sngo.g.1360.com
sxd.1360.com
tqbs.g.1360.com
txj.1360.com
wan.1360.com
wly.1360.com
www.1360.com
www.s12.rxsg2.g.1360.com
xdlq.g.1360.com
xmhzc.1360.com
zgdr.g.1360.com
zhws.g.1360.com
zxlk.g.1360.com
zzbj.g.1360.com
360safedns.com
5194760fa0ef5b0e.360safedns.com
6e44d0904fb08c5d.360safedns.com
2d00www.360kan.com
360kan.com
app.360kan.com
b40www.360kan.com
cdn.inf.360kan.com
dewww.360kan.com
film.360kan.com
jilu.360kan.com
movie.360kan.com
my.360kan.com
pay.360kan.com
play.360kan.com
s.360kan.com
so.360kan.com
w5a0ww.360kan.com
wb40ww.360kan.com
ww21c0w.360kan.com
ww2760w.360kan.com
www.360kan.com
360.com
3w.ccc.360.com
45www.ccc.360.com
a.ccc.360.com
a.ccc.360.coma.ccc.360.com
air.mall.360.com
baby.mall.360.com
c.360.coma.ccc.360.com
ccc.360.com
ccc.360.coma.ccc.360.coma.ccc.360.com
ccc.360ccc.360.com
ccc.360ccc.360.comwww.ccc.3603w.ccc.360.com
ccc.360www.ccc.360.com
che.mall.360.com
e.360.com
fhl.wan.360.com
hao.360.com
hx.game.360.com
info.ccc.360.com
jia.mall.360.com
kxw.360.com
luyou.mall.360.com
m.360.com
mall.360.com
meirubaoguanfangwallesseaa.360.com
q45www.ccc.360.com
sd.360.com
se.360.com
shequ.mall.360.com
shouji.360.com
so.360.com
tuan.360.com
v.360.com
wifi.360.com
wifi.mall.360.com
www.360.com
www.bedook.360.com
www.ccc.360.com
www.dili.360.com
www.ewt.360.com
www.hao.360.com
www.hc.360.com
www.huangru.360.com
www.kkb.360.com
www.sese.360.com
www.shouji.360.com
www.tom.360.com
www.tuan.360.com
www.wifi.360.com
www.wyt.360.com
www.xuxufei.zko.360.com
wwww.ccc.360.com
xici.360.com
yun.360.com
yunpan.360.com
360wzb.com
shht.360wzb.com
3600.com
m.3600.com
www.3600.com
syscan360.org
www.syscan360.org
www.yunpan.com
yunpan.com
360zhushou.com
pc.360zhushou.com
pcfile.360zhushou.com
pcmusic.360zhushou.com
www.360zhushou.com
kouxin.com
www.kouxin.com
6360.com
www.6360.com
4008158360.com
www.4008158360.com
iiscan.com
news.iiscan.com
www.iiscan.com
