Email: domainmaster@baidu.com
Registrant: Zhiyong Duan
BroDmain Count:20
www.baidu.com
www.baidu-tech.com
www.baidu-img.cn www.baidu-1img.cn www.baidu-2img.cn www.baidu-3img.cn
www.baidu-jpgnew.com
www.baidu-img.com
www.baidu-jpg.com
www.baidu-imgnew.com
www.baidu.com.cn
www.hongmeiti.com
www.bdimg.com
www.xinzhi.com
www.duapp.com www.dwz.cn
www.baiducontent.com
www.bdstatic.com www.bdstatic.cn
www.baiduyangguang.org
www.hao123.com
www.swan366.com www.17swan.com www.37swan.com
www.baidustatic.com
www.eyoubaidu.com
www.baidupcs.com
SubDomain
8.baidu.com
as.baidu.com
caifu.baidu.com
editor.baidu.com
0.baidu.com
01caijing.baijia.baidu.com
020.baijia.baidu.com
032a07073.baidu.com
070012.ifund.jrj.com.cn.yizhan.baidu.com
070710e03.baidu.com
07073.baidu.com
07073.baijia.baidu.com
0851.baijia.baidu.com
0day.baidu.com
1.baidu.com
10.baidu.com
100.baidu.com
100xuexi.jiaoyu.baidu.com
10d7image.baidu.com
10d7tieba.baidu.com
10d7wenku.baidu.com
10d7www.baidu.com
10d7zhidao.baidu.com
10d8baike.baidu.com
10d8tieba.baidu.com
10d8www.baidu.com
10e0baike.baidu.com
10e0dev.open.baidu.com
10e0house.baidu.com
10e0image.baidu.com
10e0jingyan.baidu.com
10e0map.baidu.com
10e0music.baidu.com
10e0tieba.baidu.com
10e0v.baidu.com
10e0video.baidu.com
10e0weigou.baidu.com
10e0wenku.baidu.com
10e0www.baidu.com
10e0zhidao.baidu.com
1111.baidu.com
1119.baidu.com
112.78.104.13.yizhan.baidu.com
1126947191.baijia.baidu.com
123.baidu.com
123.baijia.baidu.com
12306.baidu.com
13a0www.baidu.com
13media.baijia.baidu.com
160505.ifund.jrj.com.cn.yizhan.baidu.com
162006.ifund.jrj.com.cn.yizhan.baidu.com
1677baike.baidu.com
1677image.baidu.com
1677tieba.baidu.com
1677v.baidu.com
1677wenku.baidu.com
1677www.baidu.com
1677zhidao.baidu.com
1678baike.baidu.com
1678image.baidu.com
1678tieba.baidu.com
1678www.baidu.com
1678zhidao.baidu.com
1680baike.baidu.com
1680dev.open.baidu.com
1680dict.baidu.com
1680image.baidu.com
1680index.baidu.com
1680jingyan.baidu.com
1680map.baidu.com
1680music.baidu.com
1680tieba.baidu.com
1680v.baidu.com
1680weigou.baidu.com
1680wenku.baidu.com
1680www.baidu.com
1680zhidao.baidu.com
168cj.baijia.baidu.com
184701.ifund.jrj.com.cn.yizhan.baidu.com
1905szyl.baijia.baidu.com
192.168.1.3.yizhan.baidu.com
1940www.baidu.com
199it.baijia.baidu.com
1c00www.baidu.com
1c17image.baidu.com
1c17tieba.baidu.com
1c17www.baidu.com
1c17zhidao.baidu.com
1c18baike.baidu.com
1c18map.baidu.com
1c18tieba.baidu.com
1c18www.baidu.com
1c18zhidao.baidu.com
1c20baike.baidu.com
1c20c.tieba.baidu.com
1c20image.baidu.com
1c20jingyan.baidu.com
1c20map.baidu.com
1c20music.baidu.com
1c20opendata.baidu.com
1c20tieba.baidu.com
1c20v.baidu.com
1c20wenku.baidu.com
1c20www.baidu.com
1c20xiangce.baidu.com
1c20youxi.baidu.com
1c20zhidao.baidu.com
1cafwww.baidu.com
2.baidu.com
2.baijia.baidu.com
2009spring.baidu.com
2010.baidu.com
2012.baidu.com
2014.baidu.com
201xian.jiaoyu.baidu.com
2111.lightapp.baidu.com
2115.lightapp.baidu.com
218.25.48.199.yizhan.baidu.com
21b7baike.baidu.com
21b7image.baidu.com
21b7tieba.baidu.com
21b7www.baidu.com
21b7zhidao.baidu.com
21b8jingyan.baidu.com
21b8leftad.health.vs-static.baidu.com
21b8music.baidu.com
21b8tieba.baidu.com
21b8wenku.baidu.com
21b8www.baidu.com
21b8zhidao.baidu.com
21c0baike.baidu.com
21c0c.tieba.baidu.com
21c0dev.open.baidu.com
21c0hi.baidu.com
21c0image.baidu.com
21c0jingyan.baidu.com
21c0lvyou.baidu.com
21c0map.baidu.com
21c0mp3.baidu.com
21c0opendata.baidu.com
21c0pan.baidu.com
21c0suixinkan.baidu.com
21c0tieba.baidu.com
21c0top.baidu.com
21c0v.baidu.com
21c0weigou.baidu.com
21c0wenku.baidu.com
21c0www.baidu.com
21c0zhidao.baidu.com
21cbh.media.baidu.com
21f0www.baidu.com
220.wwww.my.baidu.com
22425.my.baidu.com
22cn.baijia.baidu.com
2345.baidu.com
2478www.baidu.com
2480www.baidu.com
24b1www.baidu.com
24cdzhidao.baidu.com
25pp.baijia.baidu.com
261bwww.baidu.com
26efwww.baidu.com
2740tieba.baidu.com
2757baike.baidu.com
2757image.baidu.com
2757pan.baidu.com
2757wenku.baidu.com
2757www.baidu.com
2757zhidao.baidu.com
2758baike.baidu.com
2758tieba.baidu.com
2758v.baidu.com
2758wenku.baidu.com
2758www.baidu.com
2758zhidao.baidu.com
2760baike.baidu.com
2760dev.open.baidu.com
2760image.baidu.com
2760jingyan.baidu.com
2760map.baidu.com
2760music.baidu.com
2760news.baidu.com
2760tieba.baidu.com
2760wenku.baidu.com
2760www.baidu.com
2760yuedu.baidu.com
2760zhidao.baidu.com
2798www.baidu.com
29107.baidu.com
29127.baidu.com
29129.baidu.com
29130.baidu.com
29134.baidu.com
29140left.car.vs-static.baidu.com
29140left.ershouche.vs-static.baidu.com
29141left.5a0car.vs-static.baidu.com
29141left.car.vs-static.baidu.com
29141left.ershouche.vs-stati4eb7c.baidu.com
29141left.ershouche.vs-static.baidu.com
29142left.car.vs-static.baidu.com
29142left.ershouche.vs-static.baidu.com
29144left.car.vs-static.baidu.com
29145left.car.vs-static.baidu.com
29152.baidu.com
29153.baidu.com
29154.baidu.com
29155.baidu.com
29163.baidu.com
29301_life-hunshasheying.left.vs-static.baidu.com
29302_life-hunshasheying.left.vs-static.baidu.com
29307_life-hunshasheying.left.vs-static.baidu.com
29520_life-hunshasheying.left.vs-static.baidu.com
2a20zhidao.baidu.com
2a35c.tieba.baidu.com
2a3dwww.baidu.com
2b2etieba.baidu.com
2b2ewww.baidu.com
2bebwww.baidu.com
2becwww.baidu.com
2c0www.baidu.com
2c2ewww.baidu.com
2c6awww.baidu.com
2cddwww.baidu.com
2cf7baike.baidu.com
2cf7jingyan.baidu.com
2cf7tieba.baidu.com
2cf7weigou.baidu.com
2cf7wenku.baidu.com
2cf7www.baidu.com
2cf7zhidao.baidu.com
2cf8baike.baidu.com
2cf8hi.baidu.com
2cf8jingyan.baidu.com
2cf8tieba.baidu.com
2cf8v.baidu.com
2cf8wenku.baidu.com
2cf8www.baidu.com
2cf8zhidao.baidu.com
2cf9zhidao.baidu.com
2d00baike.baidu.com
2d00c.tieba.baidu.com
2d00dev.open.baidu.com
2d00fanyi.baidu.com
2d00hi.baidu.com
2d00image.baidu.com
2d00jingyan.baidu.com
2d00lvyou.baidu.com
2d00map.baidu.com
2d00music.baidu.com
2d00opendata.baidu.com
2d00tieba.baidu.com
2d00top.baidu.com
2d00v.baidu.com
2d00weigou.baidu.com
2d00wenku.baidu.com
2d00www.baidu.com
2d00zhidao.baidu.com
2e00www.baidu.com
2e3bwww.baidu.com
2e58zhidao.baidu.com
2e5fwww.baidu.com
2e86www.baidu.com
2edewww.baidu.com
2f20www.baidu.com
2f8dwww.baidu.com
2fc0www.baidu.com
3.baidu.com
30a5www.baidu.com
30d6www.baidu.com
3112www.baidu.com
3150www.baidu.com
3177.lightapp.baidu.com
31e1www.baidu.com
31huiyi.baijia.baidu.com
3280www.baidu.com
3285www.baidu.com
3297baike.baidu.com
3297image.baidu.com
3297jingyan.baidu.com
3297tieba.baidu.com
3297wenku.baidu.com
3297www.baidu.com
3297zhidao.baidu.com
3298baike.baidu.com
3298c.tieba.baidu.com
3298dict.baidu.com
3298jingyan.baidu.com
3298pan.baidu.com
3298tieba.baidu.com
3298wenku.baidu.com
3298www.baidu.com
3298zhidao.baidu.com
32a0baike.baidu.com
32a0hi.baidu.com
32a0image.baidu.com
32a0jingyan.baidu.com
32a0m.baidu.com
32a0map.baidu.com
32a0music.baidu.com
32a0tieba.baidu.com
32a0v.baidu.com
32a0wenku.baidu.com
32a0www.baidu.com
32a0zhidao.baidu.com
32a2www.baidu.com
32e5www.baidu.com
32edwww.baidu.com
3391www.baidu.com
33b5c.tieba.baidu.com
33c4www.baidu.com
33e0www.baidu.com
33e2www.baidu.com
3415www.baidu.com
343ewww.baidu.com
3463www.baidu.com
347cwww.baidu.com
3486www.baidu.com
354awww.baidu.com
3558www.baidu.com
3560www.baidu.com
35a4www.baidu.com
35b3www.baidu.com
35b6tieba.baidu.com
35dawww.baidu.com
35fbwww.baidu.com
3600.baidu.com
360bwww.baidu.com
360powder.baijia.baidu.com
360zhyx.baijia.baidu.com
3623www.baidu.com
362fwww.baidu.com
365.baidu.com
365bwww.baidu.com
365ewww.baidu.com
36f9www.baidu.com
3711www.baidu.com
3742tieba.baidu.com
382fwww.baidu.com
3837baike.baidu.com
3837image.baidu.com
3837music.baidu.com
3837nourl.baidu.com
3837tieba.baidu.com
3837v.baidu.com
3837wenku.baidu.com
3837www.baidu.com
3837zhidao.baidu.com
3838baike.baidu.com
3838jingyan.baidu.com
3838map.baidu.com
3838tieba.baidu.com
3838www.baidu.com
3838zhidao.baidu.com
3840baike.baidu.com
3840can.baidu.com
3840hi.baidu.com
3840image.baidu.com
3840jingyan.baidu.com
3840lvyou.baidu.com
3840map.baidu.com
3840tieba.baidu.com
3840v.baidu.com
3840wenku.baidu.com
3840www.baidu.com
3840zhidao.baidu.com
3858www.baidu.com
3898www.baidu.com
38cdwww.baidu.com
38d0www.baidu.com
3912www.baidu.com
398dwww.baidu.com
39f0tieba.baidu.com
3a36www.baidu.com
3a51www.baidu.com
3a8fwww.baidu.com
3af5baike.baidu.com
3af8www.baidu.com
3b00www.baidu.com
3b2dwww.baidu.com
3bf.baijia.baidu.com
3bf3www.baidu.com
3c0bwww.baidu.com
3c0fjingyan.baidu.com
3c38www.baidu.com
3c44www.baidu.com
3c86www.baidu.com
3cb5www.baidu.com
3cc8zhidao.baidu.com
3d43www.baidu.com
3d5awww.baidu.com
3d9bwww.baidu.com
3dc5www.baidu.com
3dd7baike.baidu.com
3dd7image.baidu.com
3dd7music.baidu.com
3dd7wenku.baidu.com
3dd7www.baidu.com
3dd7zhidao.baidu.com
3dd8baike.baidu.com
3dd8music.baidu.com
3dd8tieba.baidu.com
3dd8v.baidu.com
3dd8wenku.baidu.com
3dd8www.baidu.com
3dd8zhidao.baidu.com
3ddayinzaixain.baijia.baidu.com
3de0baike.baidu.com
3de0list.mp3.baidu.com
3de0map.baidu.com
3de0tieba.baidu.com
3de0wenku.baidu.com
3de0www.baidu.com
3de0zhidao.baidu.com
3dprint.baijia.baidu.com
3elife.baijia.baidu.com
3f6bwww.baidu.com
3facwww.baidu.com
3g.baidu.com
3tkj.baijia.baidu.com
3wyu.baijia.baidu.com
4.baidu.com
4022www.baidu.com
4037www.baidu.com
406cwww.baidu.com
40a0www.baidu.com
40b3www.baidu.com
40miao.baijia.baidu.com
420ewww.baidu.com
422ewww.baidu.com
430bwww.baidu.com
4317www.baidu.com
4326www.baidu.com
435ewww.baidu.com
4360www.baidu.com
4377baike.baidu.com
4377esf.baidu.com
4377tieba.baidu.com
4377wenku.baidu.com
4377www.baidu.com
4377zhidao.baidu.com
4378baike.baidu.com
4378c.tieba.baidu.com
4378map.baidu.com
4378tieba.baidu.com
4378wenku.baidu.com
4378www.baidu.com
4378zhidao.baidu.com
4380baike.baidu.com
4380c.tieba.baidu.com
4380image.baidu.com
4380jingyan.baidu.com
4380ke.baidu.com
4380map.baidu.com
4380music.baidu.com
4380tieba.baidu.com
4380v.baidu.com
4380wenku.baidu.com
4380www.baidu.com
4380zhidao.baidu.com
439awww.baidu.com
43e8www.baidu.com
43e9www.baidu.com
44cawww.baidu.com
452cwww.baidu.com
45e9www.baidu.com
4638www.baidu.com
4689www.baidu.com
473awww.baidu.com
4791www.baidu.com
48bcwww.baidu.com
48f8www.baidu.com
4905.lightapp.baidu.com
4917v.baidu.com
4917wenku.baidu.com
4917www.baidu.com
4917zhidao.baidu.com
4918jingyan.baidu.com
4918wenku.baidu.com
4918wm123.baidu.com
4918www.baidu.com
4918zhidao.baidu.com
4920baike.baidu.com
4920image.baidu.com
4920ke.baidu.com
4920leftguide.health.vs-static.baidu.com
4920music.baidu.com
4920tieba.baidu.com
4920wenku.baidu.com
4920www.baidu.com
4920zhidao.baidu.com
4b69www.baidu.com
4b88www.baidu.com
4bc1www.baidu.com
4c1dwww.baidu.com
4c60www.baidu.com
4dc5www.baidu.com
4e3awww.baidu.com
4eb7wenku.baidu.com
4eb7www.baidu.com
4eb7zhidao.baidu.com
baidu-tech.com
bbs.baidu-tech.com
box.baidu-tech.com
salon.baidu-tech.com
stblog.baidu-tech.com
www.baidu-tech.com
123.baidu.com.cn
2.baidu.com.cn
3g.baidu.com.cn
6.baidu.com.cn
7.baidu.com.cn
8.baidu.com.cn
abc.baidu.com.cn
api.tv.baidu.com.cn
app.baidu.com.cn
app.fanyi.baidu.com.cn
apps.baidu.com.cn
apps.hi.baidu.com.cn
as.baidu.com.cn
auto.baidu.com.cn
awww.baidu.com.cn
baidu.com.cn
baike.baidu.com.cn
baoku.baidu.com.cn
baoku.v.baidu.com.cn
bbs.baidu.com.cn
bike.baidu.com.cn
bk.baidu.com.cn
box.baidu.com.cn
campus.baidu.com.cn
cang.baidu.com.cn
cbbs.baidu.com.cn
ce.baidu.com.cn
chuangyi.baidu.com.cn
cpro.baidu.com.cn
d.baidu.com.cn
dev.baidu.com.cn
ditu.baidu.com.cn
dumex.baidu.com.cn
duokoo.baidu.com.cn
dwww.baidu.com.cn
e.baidu.com.cn
earth.baidu.com.cn
echarts.baidu.com.cn
editor.baidu.com.cn
ent.baidu.com.cn
fanyi.baidu.com.cn
file.baidu.com.cn
finance.baidu.com.cn
fm.baidu.com.cn
fm.mp3.baidu.com.cn
fuli.baidu.com.cn
fund.baidu.com.cn
g.baidu.com.cn
game.baidu.com.cn
games.baidu.com.cn
gongyi.baidu.com.cn
hb.baidu.com.cn
hi.baidu.com.cn
hk.baidu.com.cn
hm.baidu.com.cn
home.baidu.com.cn
hong.baidu.com.cn
hwww.baidu.com.cn
i.top.baidu.com.cn
image.baidu.com.cn
images.baidu.com.cn
jiankang.baidu.com.cn
jiaoyu.baidu.com.cn
jiaoyu.news.baidu.com.cn
job.baidu.com.cn
kongjian.baidu.com.cn
koubei.baidu.com.cn
laonian.baidu.com.cn
licai.baidu.com.cn
life.baidu.com.cn
list.mp3.baidu.com.cn
list.video.baidu.com.cn
long.baidu.com.cn
m.baidu.com.cn
m.siteapp.baidu.com.cn
m5.baidu.com.cn
map.baidu.com.cn
maps.baidu.com.cn
mil.baidu.com.cn
mil.news.baidu.com.cn
mobile.baidu.com.cn
money.baidu.com.cn
movie.baidu.com.cn
mp3.baidu.com.cn
music.baidu.com.cn
my.baidu.com.cn
n.baidu.com.cn
news.baidu.com.cn
nwww.baidu.com.cn
open.baidu.com.cn
os.baidu.com.cn
p.baidu.com.cn
pan.baidu.com.cn
passport.baidu.com.cn
peixun.baidu.com.cn
pic.baidu.com.cn
post.baidu.com.cn
qianbao.baidu.com.cn
renwu.baidu.com.cn
roi.baidu.com.cn
rom.baidu.com.cn
s.baidu.com.cn
scholar.baidu.com.cn
sem.baidu.com.cn
sfcrm.baidu.com.cn
shaoer.baidu.com.cn
shehui.news.baidu.com.cn
shipin.baidu.com.cn
shitu.baidu.com.cn
site.baidu.com.cn
siteapp.baidu.com.cn
sp1.baidu.com.cn
space.baidu.com.cn
sports.baidu.com.cn
stock.baidu.com.cn
support.baidu.com.cn
swww.baidu.com.cn
t.baidu.com.cn
talent.baidu.com.cn
tech.baidu.com.cn
test.baidu.com.cn
tg.baidu.com.cn
tie10e0ba.baidu.com.cn
tieba.baidu.com.cn
ting.baidu.com.cn
tm.baidu.com.cn
top.baidu.com.cn
tuan.baidu.com.cn
tupian.baidu.com.cn
twww.baidu.com.cn
user.baidu.com.cn
v.baidu.com.cn
vedio.baidu.com.cn
video.baidu.com.cn
w.baidu.com.cn
wangpan.baidu.com.cn
wap.baidu.com.cn
wapbaike.baidu.com.cn
wapiknow.baidu.com.cn
wapp.baidu.com.cn
wapwenku.baidu.com.cn
web.im.baidu.com.cn
weigou.baidu.com.cn
wendang.baidu.com.cn
wenku.baidu.com.cn
wk.baidu.com.cn
wm123.baidu.com.cn
ww.baidu.com.cn
www.8.baidu.com.cn
www.baidu.com.cn
www.m.baidu.com.cn
www.my.baidu.com.cn
www.v.baidu.com.cn
www.video.baidu.com.cn
www.y4380ouxi.baidu.com.cn
www.youxi.baidu.com.cn
www1.baidu.com.cn
www2.baidu.com.cn
wwww.baidu.com.cn
x.baidu.com.cn
xinge.baidu.com.cn
xueshu.baidu.com.cn
xuexi.baidu.com.cn
yingxiao.baidu.com.cn
youxi.baidu.com.cn
ys.baidu.com.cn
yuedu.baidu.com.cn
yule.baidu.com.cn
yun.baidu.com.cn
z.baidu.com.cn
zancun.baidu.com.cn
zhangmen.baidu.com.cn
zhidao.baidu.com.cn
zhidaocommit.baidu.com.cn
zidao.baidu.com.cn
hongmeiti.com
show.hongmeiti.com
www.hongmeiti.com
6.su.bdimg.com
apps.bdimg.com
apps1.bdimg.com
apps2.bdimg.com
apps3.bdimg.com
bdimg.com
ecma.bdimg.com
f.youxi.bdimg.com
himg.bdimg.com
jump.bdimg.com
koubei-static.bdimg.com
p1.youxi.bdimg.com
p4.youxi.bdimg.com
retype.wenku.bdimg.com
s1.apptuan.bdimg.com
s1.map.bdimg.com
s1.nuomi.bdimg.com
s2.pctuan.bdimg.com
static.wenku.bdimg.com
uc-vs.bdimg.com
webapp.bdimg.com
www.xinzhi.com
xinzhi.com
baiducontent.com
cache.baiducontent.com
translate.baiducontent.com
12306.hao123.com
1c20tv.hao123.com
2013.hao123.com
2014.hao123.com
21c0v.hao123.com
32a0book.hao123.com
3g.hao123.com
3w.hao123.com
4380v.hao123.com
4920v.hao123.com
5a0music.hao123.com
8.hao123.com
ae.hao123.com
app.hao123.com
ar.hao123.com
b21c0ook.hao123.com
baidu.hao123.com
boo3de0k.hao123.com
boo4ec0k.hao123.com
book.hao123.com
bookb40.hao123.com
br.hao123.com
caipiao.hao123.com
cartoon.hao123.com
cn.hao123.com
co.hao123.com
comic.hao123.com
common.hao123.com
dazhe.hao123.com
dev.hao123.com
dianshiju.hao123.com
dianying.hao123.com
djyx.hao123.com
dm.hao123.com
dongman.hao123.com
dy.hao123.com
en.hao123.com
erji.hao123.com
feedback.hao123.com
game.hao123.com
game.m.hao123.com
gaoxiao.m.hao123.com
go.hao123.com
gongbu2013.hao123.com
gou5a0wu.hao123.com
gouwu.hao123.com
guangjie.hao123.com
haitao.hao123.com
hao123.com
huodong.hao123.com
i.hao123.com
id.hao123.com
ipad.hao123.com
jifen.hao123.com
jp.hao123.com
juzi.hao123.com
kan.hao123.com
lady.hao123.com
life.hao123.com
live.hao123.com
lvyou.hao123.com
m.hao123.com
m21c0usic.hao123.com
mob.hao123.com
moe.hao123.com
movie.hao123.com
mu5460sic.hao123.com
musi21c0c.hao123.com
musib3f8c.hao123.com
music.hao123.com
mv.hao123.com
nba.hao123.com
news.hao123.com
opensoft.hao123.com
p1.wyyx.hao123.com
p1.xyx.hao123.com
p2.wyyx.hao123.com
p3.wyyx.hao123.com
p4.wyyx.hao123.com
pi32a0c.hao123.com
pic.hao123.com
qipai.hao123.com
sb37oft.hao123.com
search.hao123.com
shangpin.hao123.com
sjrj.hao123.com
sob40ft.hao123.com
sof32a0t.hao123.com
sof3840t.hao123.com
soft.hao123.com
soft2760.hao123.com
softdownload.hao123.com
submit.hao123.com
sy.hao123.com
t.m.hao123.com
t1c20v.hao123.com
tb.hao123.com
tejia.hao123.com
th.hao123.com
tianqi.hao123.com
tj.hao123.com
top.hao123.com
topic.hao123.com
tuan.hao123.com
tuangou.hao123.com
tushu.hao123.com
tv.hao123.com
tv.m.hao123.com
tw.hao123.com
utility.hao123.com
v.hao123.com
v.m.hao123.com
v4380.hao123.com
vb40.hao123.com
video.hao123.com
vip.hao123.com
vn.hao123.com
w1680ww.hao123.com
wan.hao123.com
wap.hao123.com
wifi.hao123.com
ww.hao123.com
ww10e0w.hao123.com
www.hao123.com
wwww.hao123.com
wy.hao123.com
wyyx.hao123.com
xiaoshuo.hao123.com
xiaoyouxi.hao123.com
xyx.hao123.com
xyx5a0.hao123.com
yd.hao123.com
zhekou.hao123.com
zhidao.hao123.com
zhuanla.hao123.com
zongyi.hao123.com
zy.hao123.com
baidustatic.com
cpro.baidustatic.com
eyoubaidu.com
www.eyoubaidu.com
baidupcs.com
cdn.baidupcs.com
www.baidupcs.com
