Email: zhl@188.com
Registrant: zhanghailong
BroDmain Count:326
www.ly.com
www.51zfx.net
www.i17u.cn www.dnscdn.com
www.handhand.net
www.40017.cn
www.i17u.net
www.17u.com
www.17udns.com
www.8848u.com
www.17u.cn
www.tcent.cn
www.4006777711.com
www.laidingba.com
www.innsky.cn
www.17u.co
www.8848u.cn
www.17u.net
www.17ujp.com
www.lvcang.cn
www.kaixintour.cn
www.xjg.asia
www.tfyxw.com
www.eooia.com
www.xjck.asia
www.xjbm.asia
www.xjcs.asia
www.yilyou.com
www.tlfs.asia
www.17u.net
www.tianjinfu.com
www.yxgabion.com
www.xjdt.asia
www.bainr.com
www.123xsp.com
www.8848u.com
www.77524.com
www.paohua.net
www.xjer.asia
www.xjdsh.asia
www.2345ip.com
www.xjbg.asia
www.xjam.asia
www.hlc967.com
www.dzyz.net
www.xjdg.asia
www.0997a.asia
www.shzs.asia
www.xjcm.asia
www.xjbj.asia
www.xjcch.asia
www.xjcg.asia
www.cjs.asia
www.srxjy.net
www.gm508.com
www.zgcscm.org
www.kansw.net
www.xjfn.asia
www.xjdw.asia
www.xjbx.asia
www.xjfzh.asia
www.xjcr.asia
www.atss.asia
www.xjas.asia
www.xjdx.asia
www.xjfz.asia
www.xjbn.asia
www.xjfy.asia
www.xjff.asia
www.xjec.asia
www.xjbzh.asia
www.xjbt.asia
www.xjj.asia
www.xjaq.asia
www.xjcq.asia
www.kels.asia
www.fukedq.asia
www.xjek.asia
www.xjaj.asia
www.0901a.asia
www.xjazh.asia
www.xjay.asia
www.xjk.asia
www.huamei.asia
www.xjh.asia
www.0909a.asia
www.xjap.asia
www.xjdq.asia
www.xjn.asia
www.xjbf.asia
www.xjfsh.asia
www.xjeg.asia
www.xjq.asia
www.xjcy.asia
www.xjeq.asia
www.fukedg.asia
www.xjz.asia
www.xjef.asia
www.xjcn.asia
www.xjcd.asia
www.xjat.asia
www.xjp.asia
www.xjdz.asia
www.xjfs.asia
www.xjach.asia
www.xjbq.asia
www.xjgf.asia
www.xjfw.asia
www.xjw.asia
www.yns.asia
www.fukedi.asia
www.0991a.asia
www.xjen.asia
www.xjaf.asia
www.xje.asia
www.xjbs.asia
www.xjdh.asia
www.xjax.asia
www.xjds.asia
www.xjfr.asia
www.xjd.asia
www.65155680.cn
www.lvren.cn
www.u010.cn
www.innsky.cn
www.40017.cn
www.8848u.cn
www.4007777777.cn
www.lvcang.cn
www.17u.cn
www.tcent.cn
www.rlovel.com
www.tb517.com
www.yiqiyou.com
www.51zfx.net
www.zlqysd.com
www.itzhuji.com
www.zhongjidk.com
www.wahzp.com
www.puiland.com
www.xiaolong8866.com
www.sengxu.com
www.aa6n.com
www.bb6a.com
www.saphib.com
www.cc6a.com
www.sxylcy.com
www.2bff.com
www.leafrainy.com
www.pp8e.com
www.cannesimage.com
www.qqhrshw.com
www.07md.com
www.ff8a.com
www.ss6a.com
www.uu8e.com
www.zengnu.com
www.jjzslm.com
www.77i.in
www.118466.com
www.j805.com
www.bcw188.com
www.nbxiong.net
www.bjl118.com
www.imbachina.com
www.ly.com
www.17usoft.com
www.17udns.com
www.huishouzz.com
www.ly.co
www.chanlongmenye.com
www.yltsz.com
www.tongcheng.com
www.xjadm.com
www.xjaac.com
www.zhangyuhang.com
www.xjach.com
www.sogew.com
www.shuangyanpizhengxing.com
www.fukebb.com
www.pcrenhe.com
www.xjady.com
www.zyd668.com
www.sofangw.com
www.xjaek.com
www.xjaaw.com
www.xjaeu.com
www.17u.co
www.zitongb.com
www.e.co
www.dyhjc.com
www.jxmahetao.com
www.shuangyanpixiufu.com
www.fukeac.com
www.xjadj.com
www.xjadf.com
www.xjabq.com
www.14ao.com
www.zhongji888.com
www.fangwuyiyuan.com
www.xjabw.com
www.keshirenliu.com
www.xjaef.com
www.weiguanrenliu.com
www.fukeaz.com
www.xjacl.com
www.xjaby.com
www.xjacy.com
www.xjaay.com
www.xjaea.com
www.xjaar.com
www.nbxiong.com
www.xjaev.com
www.xiufushuangyanpi.com
www.xjadq.com
www.qiekaishuangyanpi.com
www.nongshuangyanpi.com
www.shuangyanpiqiekai.com
www.xjadv.com
www.xjacj.com
www.yanjingmaixian.com
www.fukeas.com
www.fukeal.com
www.nanshengshuangyanpi.com
www.yashuangyanpi.com
www.fukeaj.com
www.weiguanwutongrenliu.com
www.fukean.com
www.fuchanyiyuanrenliu.com
www.qieshuangyanpi.com
www.bianshuangyanpi.com
www.fukeag.com
www.fukeae.com
www.yaxianshuangyanpi.com
www.zhengrongshuangyanpi.com
www.hanguoshuangyanpi.com
www.oushishuangyanpi.com
www.fukeav.com
www.fukeax.com
www.fengshuangyanpi.com
www.xjadg.com
www.xjaax.com
www.kaishuangyanpi.com
www.zhengxingshuangyanpi.com
www.xjadl.com
www.zhengshuangyanpi.com
www.xjact.com
www.xjacs.com
www.neishuangbianwaishuang.com
www.shuangyanpizhengrong.com
www.fukeau.com
www.xjabg.com
www.keshiweiguanrenliu.com
www.xjaah.com
www.weichuangshuangyanpi.com
www.xjaav.com
www.handhand.net
www.fukeai.com
www.xjaez.com
www.fukeap.com
www.xjacz.com
www.xjaae.com
www.xjacx.com
www.xjaey.com
www.lashuangyanpi.com
www.xjaaf.com
www.xjadz.com
www.shuangyanpimaixian.com
www.chaodaowutongrenliu.com
www.hanshishuangyanpi.com
www.0991zxw.com
www.xjaeo.com
www.nanshishuangyanpi.com
www.ly.net
www.512ly.com
www.dnscdn.com
www.17ujp.com
www.usousou.com
www.tcly.com
www.17u.org
www.chebatong.org
www.lvren.com
www.vae521.com
www.wanggou.co
www.letv.co
www.youdao.co
www.goodbaby.co
www.sarenza.co
www.yisou.co
www.moonbasa.co
www.guang.co
www.kuaibo.co
www.cang.co
www.wanbiao.net
www.moji.co
www.kangqiong.com
www.jinrong.co
www.uid.co
www.sohu.co
www.bilin.co
www.sileng.com
www.tunlin.com
www.ffw.co
www.sinopec.co
www.mcfc.co
www.thenorthface.co
www.shoubiao360.com
www.mitsubishi-motors.co
www.dlink.co
www.geese.co
www.bjx.co
www.theregister.co
www.ruan.co
www.secrets.co
www.ly.org
www.peacock.co
www.900.co
www.1800.co
www.ecstatic.co
www.kbe.co
www.hennessy.co
www.omen.co
www.aad.co
www.seaman.co
www.xili.co
www.1688.co
www.cowin.co
SubDomain
app.ly.com
appnew.ly.com
bus.ly.com
dujia.ly.com
ebooking.ly.com
flights.ly.com
globalhotel.ly.com
gny.ly.com
go.ly.com
guard.ly.com
hotel.ly.com
jipiao.ly.com
job.ly.com
jr.ly.com
ly.com
m.ly.com
member.ly.com
mhr.ly.com
moa.ly.com
passport.ly.com
piao.ly.com
qianggou.ly.com
qq.ly.com
qunartts.ly.com
shouji.ly.com
tag.ly.com
touch.ly.com
tuan.ly.com
union.ly.com
w32a0ww.ly.com
wap.ly.com
ww2.ly.com
www.ly.com
zby.ly.com
zhidao.ly.com
zuche.ly.com
zzyeb.ly.com
m.ly.com
www.ly.com
10062.51zfx.net
10062.ctt.51zfx.net
1012140.51zfx.net
1014225.51zfx.net
1014375.51zfx.net
1014653.51zfx.net
1015040.51zfx.net
10157.51zfx.net
1017334.51zfx.net
1018402.51zfx.net
10239268.ct.51zfx.net
1025025.51zfx.net
10263.51zfx.net
1037806.51zfx.net
104038.51zfx.net
1041653.51zfx.net
1045131.51zfx.net
1049203.51zfx.net
10499946.51zfx.net
10501.51zfx.net
1050716.51zfx.net
1050995.51zfx.net
1051909.51zfx.net
1053409.51zfx.net
1054033.51zfx.net
1058290.51zfx.net
1058506.51zfx.net
1063205.51zfx.net
1063932.51zfx.net
1073778.51zfx.net
1074963.51zfx.net
1078631.51zfx.net
1080957.51zfx.net
1082044.51zfx.net
1082459.51zfx.net
1082772.51zfx.net
10830.51zfx.net
1083170.51zfx.net
1085815.51zfx.net
1088342.51zfx.net
1088426.51zfx.net
10891.51zfx.net
109066.51zfx.net
1095967.51zfx.net
1098227.51zfx.net
1101793.51zfx.net
1105168.51zfx.net
1124357.51zfx.net
1126343.51zfx.net
1128646.51zfx.net
113929.51zfx.net
1141373.51zfx.net
1144924.51zfx.net
1147717.51zfx.net
1148714.51zfx.net
1150941.51zfx.net
1152302.51zfx.net
1155646.51zfx.net
1155978.51zfx.net
1155997.51zfx.net
1156182.51zfx.net
1165337.51zfx.net
11691157.51zfx.net
1182317.51zfx.net
1183380.51zfx.net
1190530.51zfx.net
1200904.51zfx.net
1209811.51zfx.net
1209811.cnc.51zfx.net
12207449.51zfx.net
1225985.51zfx.net
1240902.51zfx.net
12434589.51zfx.net
1245423.51zfx.net
1247981.51zfx.net
1249767.51zfx.net
1253349.51zfx.net
1253417.51zfx.net
1258201.51zfx.net
1265292.51zfx.net
1288122.51zfx.net
1307413.51zfx.net
1309677.51zfx.net
1313392.51zfx.net
1313437.51zfx.net
1323318.51zfx.net
13260550.51zfx.net
1327391.51zfx.net
1332379.51zfx.net
1333183.51zfx.net
1364188.51zfx.net
1385442.51zfx.net
1395732.51zfx.net
1395732.ctt.51zfx.net
1400.51zfx.net
1403549.51zfx.net
1406707.51zfx.net
1406707.ctt.51zfx.net
14074838.51zfx.net
1410991.51zfx.net
14191855.51zfx.net
14447986.51zfx.net
1447039.cnc.51zfx.net
14545584.51zfx.net
1477220.ctt.51zfx.net
1480818.51zfx.net
1503993.51zfx.net
1506552.51zfx.net
1510023.51zfx.net
1533173.51zfx.net
15360790.51zfx.net
1543668.51zfx.net
1574736.51zfx.net
15876172.51zfx.net
1588534.51zfx.net
15919035.51zfx.net
15953391.51zfx.net
1600961.51zfx.net
1617588.51zfx.net
16375938.51zfx.net
16376637.51zfx.net
1639461.51zfx.net
1650099.51zfx.net
1727770.51zfx.net
1727770.ct.51zfx.net
1789231.51zfx.net
1794104.51zfx.net
1803084.51zfx.net
1811782.51zfx.net
1811782.ctt.51zfx.net
1812115.51zfx.net
1821674.51zfx.net
1823599.cnc.51zfx.net
1823604.51zfx.net
1833736.ctt.51zfx.net
1838821.51zfx.net
1850323.51zfx.net
1850499.51zfx.net
1850500.51zfx.net
1856392.51zfx.net
1861222.51zfx.net
1862143.51zfx.net
1875241.51zfx.net
1893611.51zfx.net
1898619.51zfx.net
1921736.51zfx.net
1921742.51zfx.net
19368175.51zfx.net
1964373.51zfx.net
1966550.51zfx.net
19890221.51zfx.net
2013133.51zfx.net
2019021.51zfx.net
2042192.51zfx.net
2053912.51zfx.net
2057119.51zfx.net
2073174.51zfx.net
2076230.51zfx.net
2079581.51zfx.net
2083874.51zfx.net
2096510.51zfx.net
2099357.51zfx.net
2100424.51zfx.net
2172182.51zfx.net
2217391.51zfx.net
2220148.51zfx.net
2257205.51zfx.net
2258642.51zfx.net
2278300.51zfx.net
2282908.51zfx.net
2283214.51zfx.net
2355672.51zfx.net
2355672.ctt.51zfx.net
2519429.51zfx.net
2531060.51zfx.net
2532759.51zfx.net
2535726.51zfx.net
2542946.51zfx.net
2577001.51zfx.net
2588724.51zfx.net
2608564.51zfx.net
2699780.51zfx.net
2700008.51zfx.net
2750372.51zfx.net
2762838.51zfx.net
30776.51zfx.net
3086489.51zfx.net
30875.51zfx.net
31204.51zfx.net
31246.51zfx.net
3234089.51zfx.net
3234089.ctt.51zfx.net
32605.51zfx.net
32770.51zfx.net
3291495.51zfx.net
3299117.51zfx.net
33259.51zfx.net
33739.51zfx.net
35268161.51zfx.net
35345.51zfx.net
35761.51zfx.net
35988.51zfx.net
36516.51zfx.net
36582.51zfx.net
36694.cnc.51zfx.net
37313.51zfx.net
37562.51zfx.net
38217.51zfx.net
38563.51zfx.net
38897.51zfx.net
38933.51zfx.net
39170.51zfx.net
39318.51zfx.net
39506.51zfx.net
39640.51zfx.net
39657.51zfx.net
39718.51zfx.net
40210.51zfx.net
40276.51zfx.net
40281.51zfx.net
4115319.51zfx.net
4172431.51zfx.net
42062.51zfx.net
42178.51zfx.net
4311240.51zfx.net
43652.51zfx.net
43954.51zfx.net
44217.51zfx.net
44290.51zfx.net
44365.51zfx.net
4463198.51zfx.net
45687.51zfx.net
4575503.51zfx.net
46277.51zfx.net
4656306.51zfx.net
46893.51zfx.net
47724.51zfx.net
4821392.51zfx.net
50181.51zfx.net
50684.51zfx.net
50786.51zfx.net
50795.51zfx.net
50911.51zfx.net
50943.51zfx.net
51239.51zfx.net
51294.51zfx.net
51370.51zfx.net
51621.51zfx.net
51917.51zfx.net
51919.51zfx.net
51zfx.net
52482.51zfx.net
52812.51zfx.net
52970.51zfx.net
53515.51zfx.net
5424758.51zfx.net
5443749.51zfx.net
54844.51zfx.net
54893.51zfx.net
54950.51zfx.net
54984.51zfx.net
55115.51zfx.net
55175.51zfx.net
55302.51zfx.net
55756.cnc.51zfx.net
56168.51zfx.net
56241.51zfx.net
56738.51zfx.net
56789.51zfx.net
56804.51zfx.net
56870.51zfx.net
57256.51zfx.net
5736288.51zfx.net
5755558.51zfx.net
5758566.51zfx.net
5758566.ctt.51zfx.net
5822.51zfx.net
58532.51zfx.net
58663.51zfx.net
6005845.51zfx.net
6077590.51zfx.net
61794.ctt.51zfx.net
62395.51zfx.net
62494.51zfx.net
6328481.51zfx.net
6414.51zfx.net
64181.51zfx.net
64437.51zfx.net
6444994.51zfx.net
64772.51zfx.net
64887.51zfx.net
6530221.51zfx.net
6530410.51zfx.net
65412.51zfx.net
68162.51zfx.net
6818.51zfx.net
6830934.51zfx.net
68321.51zfx.net
68387.51zfx.net
6868.51zfx.net
6878031.51zfx.net
6975.51zfx.net
7035.51zfx.net
7094.cnc.51zfx.net
72472.51zfx.net
7300.51zfx.net
74080.51zfx.net
7412.51zfx.net
74338.51zfx.net
74780.51zfx.net
7569.51zfx.net
7585.51zfx.net
7600.51zfx.net
7669.51zfx.net
7702762.51zfx.net
80023.51zfx.net
8015451.51zfx.net
8058.51zfx.net
8078.51zfx.net
81281.51zfx.net
8180.51zfx.net
8205.51zfx.net
8217.51zfx.net
8217.ctt.51zfx.net
8261.51zfx.net
8380.51zfx.net
8495.51zfx.net
8530867.51zfx.net
8653.51zfx.net
8755.51zfx.net
8918.51zfx.net
900317.51zfx.net
90207.51zfx.net
908303.51zfx.net
91435.51zfx.net
914376.51zfx.net
914937.51zfx.net
915727.51zfx.net
923138.51zfx.net
930088.51zfx.net
9351.51zfx.net
940827.51zfx.net
9417116.ctt.51zfx.net
948546.51zfx.net
948646.51zfx.net
949481.51zfx.net
949804.51zfx.net
950616.51zfx.net
952373.51zfx.net
96377.51zfx.net
970707.51zfx.net
971226.51zfx.net
9729.51zfx.net
9760632.51zfx.net
976440.51zfx.net
980813.51zfx.net
98183.51zfx.net
988019.51zfx.net
99244.51zfx.net
996192.51zfx.net
998410.51zfx.net
test.51zfx.net
www.51zfx.net
www112.51zfx.net
www242.51zfx.net
www55.51zfx.net
down.handhand.net
handhand.net
13003588566.17u.com
13007012549.17u.com
13008428421.17u.com
13009006009.17u.com
13009339373.17u.com
13014534178.17u.com
13017242808.17u.com
13032218997.17u.com
13035148935.17u.com
13051067622.17u.com
13066778729.17u.com
13079888315.17u.com
13082832333.17u.com
13093009567.17u.com
13101960200.17u.com
13127692669.17u.com
13130200006.17u.com
13136028888.17u.com
13152173795.17u.com
13159991580.17u.com
13180883000.17u.com
13181701965.17u.com
13207154549.17u.com
13210271787.17u.com
13233611578.17u.com
13259486688.17u.com
13259788808.17u.com
13260586221.17u.com
13264022008.17u.com
13301897398.17u.com
13302559566.17u.com
13304500369.17u.com
13304560541.17u.com
13304655444.17u.com
13304764001.17u.com
13306181008.17u.com
13306217087.17u.com
13307140211.17u.com
13309205766.17u.com
13309830939.17u.com
13312957293.17u.com
13314831000.17u.com
13317155977.17u.com
13321955838.17u.com
13322303168.17u.com
13326331818.17u.com
13336319033.17u.com
13338811175.17u.com
13338868708.17u.com
13339999543.17u.com
13349954728.17u.com
13356907266.17u.com
13361262805.17u.com
13379824333.17u.com
13381989035.17u.com
13382033329.17u.com
13382221678.17u.com
13382236785.17u.com
13382509777.17u.com
13382952708.17u.com
13386818989.17u.com
13434063108.17u.com
13434175656.17u.com
13463466689.17u.com
13465686733.17u.com
13469971231.17u.com
13473699690.17u.com
13476214556.17u.com
13501109960.17u.com
13502082516.17u.com
13503505406.17u.com
13503768884.17u.com
13504173313.17u.com
13504208886.17u.com
13505165315.17u.com
13505185528.17u.com
13505797557.17u.com
13506120783.17u.com
13506585638.17u.com
13507731432.17u.com
13507758184.17u.com
13510205265.17u.com
13518436375.17u.com
13519716515.17u.com
13519732396.17u.com
13522374535.17u.com
13564604050.17u.com
13564738683.17u.com
13568099188.17u.com
13575776231.17u.com
13576558876.17u.com
13578118456.17u.com
13591107283.17u.com
13591182823.17u.com
13592629300.17u.com
13602842201.17u.com
13603165711.17u.com
13603517779.17u.com
13603589085.17u.com
13604799122.17u.com
13605236360.17u.com
13605340825.17u.com
13605814527.17u.com
13607309722.17u.com
13607356806.17u.com
13613341129.17u.com
13616566261.17u.com
13617445268.17u.com
13649200719.17u.com
13657681907.17u.com
13665190303.17u.com
13666003352.17u.com
13666585885.17u.com
13669778910.17u.com
13676472622.17u.com
13683375704.17u.com
13688761258.17u.com
13688762377.17u.com
13693180836.17u.com
13703236868.17u.com
13703844022.17u.com
13704981633.17u.com
13705171033.17u.com
13705171758.17u.com
13705188539.17u.com
13705327897.17u.com
13705327926.17u.com
13705708090.17u.com
13705751270.17u.com
13706060606.17u.com
13706113005.17u.com
13706206273.17u.com
13706290114.17u.com
13706298506.17u.com
13706338961.17u.com
13706628838.17u.com
13707437946.17u.com
13709146541.17u.com
13718604686.17u.com
13720118809.17u.com
13732046245.17u.com
13735651901.17u.com
13737717766.17u.com
13739067011.17u.com
13753157907.17u.com
13754842821.17u.com
13760891999.17u.com
13761567073.17u.com
13772133090.17u.com
13774464443.17u.com
13776599377.17u.com
13782221156.17u.com
13784509939.17u.com
13790583193.17u.com
13798178835.17u.com
13801093011.17u.com
13803449337.17u.com
13804546060.17u.com
13805108897.17u.com
13805719948.17u.com
13805797665.17u.com
13805868892.17u.com
13806013365.17u.com
13806068110.17u.com
13806141578.17u.com
13806232817.17u.com
13806318501.17u.com
13807009933.17u.com
13807087127.17u.com
13807180239.17u.com
13807516505.17u.com
13807713878.17u.com
13808818194.17u.com
13808907568.17u.com
13809013900.17u.com
13809074292.17u.com
13809767028.17u.com
13812066538.17u.com
13812238265.17u.com
13812911776.17u.com
13815289690.17u.com
13818006835.17u.com
13818062502.17u.com
13818851505.17u.com
13819165777.17u.com
13821403255.17u.com
13825076520.17u.com
13825099699.17u.com
13831868386.17u.com
13834594923.17u.com
13834638594.17u.com
13834677177.17u.com
13837113864.17u.com
13837311118.17u.com
13837789184.17u.com
13837999729.17u.com
13841000490.17u.com
13851067008.17u.com
13851525238.17u.com
13851884588.17u.com
13852065676.17u.com
13854197297.17u.com
13857047717.17u.com
13858071718.17u.com
13858457116.17u.com
13860602569.17u.com
13861804277.17u.com
13861820127.17u.com
13863128258.17u.com
13870318988.17u.com
13870600004.17u.com
13870623325.17u.com
13871513368.17u.com
13873877488.17u.com
13875832400.17u.com
13877919777.17u.com
13879361565.17u.com
13881010900.17u.com
13889099002.17u.com
13891860933.17u.com
13893236277.17u.com
13897183404.17u.com
13897288037.17u.com
13897636327.17u.com
13898111244.17u.com
13898698026.17u.com
13899887253.17u.com
13901524001.17u.com
13902268855.17u.com
13903160111.17u.com
13903500916.17u.com
13903660111.17u.com
13903733800.17u.com
13904508088.17u.com
13904701959.17u.com
13905856721.17u.com
13906203543.17u.com
13906525679.17u.com
13907304804.17u.com
13907868387.17u.com
13907925663.17u.com
13908337201.17u.com
13911157333.17u.com
13911205210.17u.com
13912302276.17u.com
13912303987.17u.com
13913181661.17u.com
13914010405.17u.com
13915725106.17u.com
13917297175.17u.com
13922441158.17u.com
13924682745.17u.com
13926661608.17u.com
13930005772.17u.com
13931127022.17u.com
13933651605.17u.com
13938422267.17u.com
13941769088.17u.com
13942107185.17u.com
13947155522.17u.com
13947184716.17u.com
13949133200.17u.com
13951036670.17u.com
13951966855.17u.com
13951999781.17u.com
13952386008.17u.com
13952400517.17u.com
13953319441.17u.com
13953398204.17u.com
13954818188.17u.com
13955936677.17u.com
13957386669.17u.com
13958948285.17u.com
13961607758.17u.com
13961663000.17u.com
13964663177.17u.com
13964968168.17u.com
13967342262.17u.com
13969110656.17u.com
13972591592.17u.com
13977349520.17u.com
13978322733.17u.com
13981161251.17u.com
13985429740.17u.com
13990422335.17u.com
13991085236.17u.com
13992802403.17u.com
13993189036.17u.com
13993708382.17u.com
15018786196.17u.com
15104667523.17u.com
15107261330.17u.com
15109834034.17u.com
15135419842.17u.com
15176601992.17u.com
15177788914.17u.com
15191853134.17u.com
15205110888.17u.com
15305042362.17u.com
15310327066.17u.com
15339118556.17u.com
15345798688.17u.com
15358080626.17u.com
15370009066.17u.com
15515584446.17u.com
15524835727.17u.com
15527534028.17u.com
15529264469.17u.com
15530132219.17u.com
15531293043.17u.com
15555555666.17u.com
15605007333.17u.com
15605591917.17u.com
15607203400.17u.com
15639079883.17u.com
15813868395.17u.com
15821709580.17u.com
15823333396.17u.com
15850128524.17u.com
15850214451.17u.com
15853116798.17u.com
15865996966.17u.com
15909601117.17u.com
15919868189.17u.com
15930178521.17u.com
15933067818.17u.com
15940308299.17u.com
15996663251.17u.com
15997434311.17u.com
15998548100.17u.com
17u.com
18603777789.17u.com
18621061495.17u.com
18629005677.17u.com
18635981368.17u.com
18653202018.17u.com
18653580226.17u.com
18660190822.17u.com
18663702112.17u.com
18669721744.17u.com
18669756119.17u.com
18905136229.17u.com
18907758898.17u.com
18909361155.17u.com
18940963136.17u.com
18950385886.17u.com
18951773773.17u.com
18952788799.17u.com
18956075575.17u.com
18956820600.17u.com
18957451236.17u.com
18958953683.17u.com
18960531899.17u.com
18961019888.17u.com
18971162766.17u.com
18971661170.17u.com
18976054992.17u.com
18984989333.17u.com
18996650118.17u.com
2.www.17u.com
2760www.17u.com
2d00www.17u.com
2fupload.17u.com
2fwww.17u.com
3g.17u.com
4-www.17u.com
5a0www.17u.com
bao.17u.com
bbs.17u.com
big5.17u.com
bus.17u.com
cate.17u.com
city-lvyou-3228.17u.com
cnc.17u.com
css.17u.com
ct.17u.com
down.17u.com
ebooking.17u.com
en.17u.com
fzpc.17u.com
hotels.17u.com
httpwww.17u.com
img.17u.com
inbbs.17u.com
jipiao.17u.com
k6mn.comwww.17u.com
m.17u.com
piao.17u.com
so.17u.com
taobao.17u.com
touch.17u.com
upload.17u.com
w.17u.com
w21c0ww.17u.com
w3dd8ww.17u.com
w5a0ww.17u.com
ww.17u.com
ww10e0w.17u.com
ww21c0w.17u.com
ww5a0w.17u.com
wwd2e0w.17u.com
www.13014667111.17u.com
www.13099003635.17u.com
www.13109927370.17u.com
www.13152481107.17u.com
www.13156886828.17u.com
www.13156990959.17u.com
www.13500607467.17u.com
www.13503505406.17u.com
www.13509714207.17u.com
www.13636169508.17u.com
www.13772088115.17u.com
www.13780477185.17u.com
www.13882255163.17u.com
www.13907203505.17u.com
www.13907925663.17u.com
www.13940360102.17u.com
www.13992660929.17u.com
www.15084984845.17u.com
www.17u.com
www.17u.netwww.17u.com
www.18978820205.17u.com
www.1ting.comwww.17u.com
www.7273.comwww.17u.com
www.8090kk.comwww.17u.com
www.big5.17u.com
www.bus.17u.com
www.ebooking.17u.com
www.lcread.comwww.17u.com
www.wz.17u.com
www.xiami.comwww.17u.com
www.yd.17u.com
www.zhiji.comwww.17u.com
www.zhulang.comwww.17u.com
www2760.17u.com
www4920.17u.com
www5a0.17u.com
www6540.17u.com
wwww.17u.com
wz.17u.com
yd.17u.com
www.17u.com
www.97dj.comwww.17u.com
www.13905598086.17u.com
www.13789827033.17u.com
js.17u.com
37826www.17u.com
18995661124.17u.com
18962222333.17u.com
18906006888.17u.com
18631228666.17u.com
18344687617.17u.com
18015503537.17u.com
15950127223.17u.com
15938881065.17u.com
15802941365.17u.com
15675859230.17u.com
15543428550.17u.com
15384401888.17u.com
15350133579.17u.com
15239579735.17u.com
15100796600.17u.com
15098965210.17u.com
13976160309.17u.com
13970800206.17u.com
13962156662.17u.com
13961526767.17u.com
13950920697.17u.com
13945238212.17u.com
13941163931.17u.com
13941155799.17u.com
13917750821.17u.com
13915529067.17u.com
13909512546.17u.com
13906732916.17u.com
13906688875.17u.com
13905667340.17u.com
13905665815.17u.com
13905664057.17u.com
13905591162.17u.com
13905368787.17u.com
13904979133.17u.com
13903003403.17u.com
13902364500.17u.com
13901689032.17u.com
13901220119.17u.com
13898174480.17u.com
13877207317.17u.com
13876597005.17u.com
13868459711.17u.com
13862616988.17u.com
13862083268.17u.com
13859907058.17u.com
13858939892.17u.com
13857106068.17u.com
13840588804.17u.com
13834227782.17u.com
13805289026.17u.com
13789822365.17u.com
13775623176.17u.com
8848u.com
www.8848u.com
17u.cn
2fustatic.17u.cn
2fwww.17u.cn
3g.17u.cn
5a0www.17u.cn
air.17u.cn
alipay.17u.cn
bao.17u.cn
bus.17u.cn
css.17u.cn
dm.17u.cn
dm1.17u.cn
dujia.17u.cn
ebk.17u.cn
ebooking.17u.cn
flights.17u.cn
globalhotel.17u.cn
hotel.17u.cn
https.www.17u.cn
httpwww.17u.cn
img.17u.cn
jibc30piao.17u.cn
jip32a0iao.17u.cn
jipiao.17u.cn
jqebooking.17u.cn
king.17u.cn
m.17u.cn
member.17u.cn
moa.17u.cn
oking.17u.cn
paio.17u.cn
passport.17u.cn
piao.17u.cn
piao.17u.cnpiao.17u.cn
piaoupload.17u.cn
qunartts.17u.cn
shouji.17u.cn
spf.mail.17u.cn
sto-id-virtual.17u.cn
tag.17u.cn
touch.17u.cn
tuan.17u.cn
union.17u.cn
upload.17u.cn
w.17u.cn
w4380ww.17u.cn
w4920ww.17u.cn
wap.17u.cn
waptest.17u.cn
ww.17u.cn
ww1680w.17u.cn
ww4378w.17u.cn
www.17u.cn
www.3322.org.com_www.17u.cn
www.piao.17u.cn
www.tuan.17u.cn
www.zuche.17u.cn
www147.17u.cn
www152.17u.cn
wwwshuaigay5com.17u.cn
wx.17u.cn
zhidao.17u.cn
zuche.17u.cn
zzyeb.17u.cn
www.17u.cn
4006777711.com
www.4006777711.com
api.laidingba.com
bbs.laidingba.com
cemain.laidingba.com
g.laidingba.com
me.laidingba.com
travel.laidingba.com
www.laidingba.com
www.laidingba.com
laidingba.com
zhidao.laidingba.com
m.laidingba.com
innsky.cn
www.innsky.cn
17u.co
www.17u.co
8848u.cn
www.8848u.cn
02751116111.17u.net
03783988488.17u.net
041139815067.17u.net
053281111999.17u.net
05392698888.17u.net
057985331488.17u.net
05921234.17u.net
05921778.17u.net
05926605600.17u.net
06330633.17u.net
07582289002.17u.net
07793082183.17u.net
09912810520.17u.net
10091009.17u.net
111555888.17u.net
11223344.17u.net
1165405892.17u.net
13007012549.17u.net
13008683539.17u.net
13009133373.17u.net
13009499898.17u.net
13017322124.17u.net
13028511252.17u.net
13035148935.17u.net
13037894588.17u.net
13061308282.17u.net
13065587118.17u.net
13066778729.17u.net
13073757884.17u.net
13087550021.17u.net
13093009567.17u.net
13098666346.17u.net
13116207378.17u.net
13119188606.17u.net
13136028888.17u.net
13146688.17u.net
13159991580.17u.net
13180883000.17u.net
13191080103.17u.net
13199917871.17u.net
13259486688.17u.net
13259788808.17u.net
13304560541.17u.net
13304652633.17u.net
13309205766.17u.net
13314831000.17u.net
13323591370.17u.net
13338938688.17u.net
13339999543.17u.net
13349954728.17u.net
13350856867.17u.net
13362736168.17u.net
13367735868.17u.net
13368437566.17u.net
13382107979.17u.net
13384901892.17u.net
13405000218.17u.net
13434063108.17u.net
13472541012.17u.net
13477283666.17u.net
13485677335.17u.net
13501219881.17u.net
13503357219.17u.net
13506585638.17u.net
13509776919.17u.net
13514549128.17u.net
13516356102.17u.net
13518095295.17u.net
13518436375.17u.net
13518813123.17u.net
13526622719.17u.net
13526722112.17u.net
13559244600.17u.net
13570377618.17u.net
13578777232.17u.net
13603517779.17u.net
13603799078.17u.net
13604149881.17u.net
13604568887.17u.net
13606182813.17u.net
13607261118.17u.net
13607356806.17u.net
13609089858.17u.net
13609772486.17u.net
13617445268.17u.net
13632748258.17u.net
13650271699.17u.net
13669778910.17u.net
13673352739.17u.net
13684908470.17u.net
13691912326.17u.net
13703119699.17u.net
13703880279.17u.net
13704848361.17u.net
13705288684.17u.net
13705319413.17u.net
13705386855.17u.net
13705656435.17u.net
13706113005.17u.net
13707076944.17u.net
13708401717.17u.net
13709579210.17u.net
13720451735.17u.net
13722853456.17u.net
13723423145.17u.net
13724020040.17u.net
13733808231.17u.net
13735535508.17u.net
13752801938.17u.net
13753157907.17u.net
13754842821.17u.net
13758555376.17u.net
13772133090.17u.net
13795797668.17u.net
13798298053.17u.net
13801093011.17u.net
13801289877.17u.net
13803499004.17u.net
13806404879.17u.net
13808069218.17u.net
13808185981.17u.net
13814845968.17u.net
13823586965.17u.net
13832564567.17u.net
13834677177.17u.net
13847132574.17u.net
13851472998.17u.net
13861838135.17u.net
13873125300.17u.net
13876086661.17u.net
13876091693.17u.net
13877902255.17u.net
13883933322.17u.net
13889533136.17u.net
13891922935.17u.net
13893236277.17u.net
13893739446.17u.net
13897282225.17u.net
13898111244.17u.net
13898668677.17u.net
13898753482.17u.net
13903160111.17u.net
13904724040.17u.net
13907868387.17u.net
13907925629.17u.net
13907925663.17u.net
13907926829.17u.net
13908850051.17u.net
13915783636.17u.net
13915968766.17u.net
13931606444.17u.net
13935082308.17u.net
13936700171.17u.net
13938808882.17u.net
13941330558.17u.net
13947016788.17u.net
13947184716.17u.net
13948106711.17u.net
13952386008.17u.net
13955936677.17u.net
13957192491.17u.net
13970270131.17u.net
13971034056.17u.net
13974460608.17u.net
13977955608.17u.net
13983678233.17u.net
13985429740.17u.net
13985552565.17u.net
13993139314.17u.net
13993165814.17u.net
13994279319.17u.net
13999404277.17u.net
15045601117.17u.net
15308989419.17u.net
15339118556.17u.net
15389458488.17u.net
15524812727.17u.net
15531293043.17u.net
15607203400.17u.net
15617579727.17u.net
15804540077.17u.net
15813868395.17u.net
15832176762.17u.net
15870912120.17u.net
15930178521.17u.net
15931163073.17u.net
15933067818.17u.net
15934811864.17u.net
15960292750.17u.net
15983689188.17u.net
15989420677.17u.net
16800168.17u.net
16816168.17u.net
168168168168.17u.net
1711783591.17u.net
17u.cn17u.netwww.17u.net
17u.net
18602824133.17u.net
18602963909.17u.net
18627792332.17u.net
18653200339.17u.net
18653233327.17u.net
18660263006.17u.net
18663702112.17u.net
18669906664.17u.net
18674438061.17u.net
18675848972.17u.net
18686764674.17u.net
18689583488.17u.net
18698677000.17u.net
18901346177.17u.net
18913944400.17u.net
18959590888.17u.net
18963790263.17u.net
18971661170.17u.net
18978888201.17u.net
18980084545.17u.net
18986076413.17u.net
18991833911.17u.net
19730520.17u.net
19878197.17u.net
19980088.17u.net
20051230.17u.net
2760www.17u.net
28687557.17u.net
2d00www.17u.net
2fwww.17u.net
2www.17u.net
36604635.17u.net
4006085788.17u.net
44443999.17u.net
454170480.17u.net
4920www.17u.net
51666663.17u.net
51787777.17u.net
51981111.17u.net
530937945.17u.net
599995.17u.net
5a0www.17u.net
644808875.17u.net
65656055.17u.net
66658666.17u.net
66677788899.17u.net
68643909.17u.net
780415389.17u.net
79889951.17u.net
8.17u.net
81115118.17u.net
81161251.17u.net
81404371.17u.net
82881198.17u.net
85235012.17u.net
86228600.17u.net
86698806.17u.net
88058191.17u.net
88866699.17u.net
88877711.17u.net
8888.17u.net
891109.17u.net
89435763.17u.net
adminht.17u.net
b2bwww.17u.net
bbs.17u.net
big5.17u.net
ct.17u.net
ctt.17u.net
en.17u.net
guide.17u.net
hotel.17u.net
ht.17u.net
inn.17u.net
jd.17u.net
jp.17u.net
jq.17u.net
m.17u.net
mail.17u.net
test.17u.net
tuan.17u.net
up.cld.inn.17u.net
upload.17u.net
wap.13824207398.17u.net
wap.17u.net
wapwww.17u.net
webcrm.17u.net
ww.17u.net
ww1c20w.17u.net
ww26cew.17u.net
ww598w.17u.net
wwvw.17u.net
www.05755149383.17u.net
www.13836028000.17u.net
www.17u.17u.net
www.17u.cn17u.cn17uebooking.17u.cnwww.17u.net
www.17u.cn17u.netwww.17u.net
www.17u.cnwww.17u.comwww.17u.net
www.17u.cnwww.17u.net
www.17u.comwww.17u.cnwww.17u.net
www.17u.net
www.17u-china.cnwww.17u.net
www.17uwww.17u.net
www.19810925.17u.net
www.51766la.com.www.17u.net
www.ccc.com-www.bizhian.com.cn-mail.17u.net
www.gz.17u.net
www.hf.17u.net
www.hz.17u.net
www.inn.17u.net
www.lz.17u.net
www.mzmjw.comwww.17u.net
www.nanrenwu.comwww.5se5se.comwww.17u.net
www.nj.17u.net
www.ougz.com.cn-wy.kong.net-www.17u.net
www.sh.17u.net
www.webmail.17u.net
www.www.17u.net
www.zz.17u.net
wwwb40.17u.net
wwww.17u.net
wz.17u.net
zfx.17u.net
zj.17u.net
www.17u.net
1186435.17ujp.com
1674046.17ujp.com
17ujp.com
1827311.17ujp.com
1974147.17ujp.com
www.17ujp.com
lvcang.cn
www.lvcang.cn
app.kaixintour.cn
kaixintour.cn
760.xjck.asia
xjck.asia
xjbm.asia
63087.t22zi.xjbm.asia
45575.fuk5f.xjcs.asia
xjcs.asia
02751116111.17u.net
03783988488.17u.net
041139815067.17u.net
053281111999.17u.net
05392698888.17u.net
057985331488.17u.net
05921234.17u.net
05921778.17u.net
05926605600.17u.net
06330633.17u.net
07582289002.17u.net
07793082183.17u.net
09912810520.17u.net
10091009.17u.net
111555888.17u.net
11223344.17u.net
1165405892.17u.net
13007012549.17u.net
13008683539.17u.net
13009133373.17u.net
13009499898.17u.net
13017322124.17u.net
13028511252.17u.net
13035148935.17u.net
13037894588.17u.net
13061308282.17u.net
13065587118.17u.net
13066778729.17u.net
13073757884.17u.net
13087550021.17u.net
13093009567.17u.net
13098666346.17u.net
13116207378.17u.net
13119188606.17u.net
13136028888.17u.net
13146688.17u.net
13159991580.17u.net
13180883000.17u.net
13191080103.17u.net
13199917871.17u.net
13259486688.17u.net
13259788808.17u.net
13304560541.17u.net
13304652633.17u.net
13309205766.17u.net
13314831000.17u.net
13323591370.17u.net
13338938688.17u.net
13339999543.17u.net
13349954728.17u.net
13350856867.17u.net
13362736168.17u.net
13367735868.17u.net
13368437566.17u.net
13382107979.17u.net
13384901892.17u.net
13405000218.17u.net
13434063108.17u.net
13472541012.17u.net
13477283666.17u.net
13485677335.17u.net
13501219881.17u.net
13503357219.17u.net
13506585638.17u.net
13509776919.17u.net
13514549128.17u.net
13516356102.17u.net
13518095295.17u.net
13518436375.17u.net
13518813123.17u.net
13526622719.17u.net
13526722112.17u.net
13559244600.17u.net
13570377618.17u.net
13578777232.17u.net
13603517779.17u.net
13603799078.17u.net
13604149881.17u.net
13604568887.17u.net
13606182813.17u.net
13607261118.17u.net
13607356806.17u.net
13609089858.17u.net
13609772486.17u.net
13617445268.17u.net
13632748258.17u.net
13650271699.17u.net
13669778910.17u.net
13673352739.17u.net
13684908470.17u.net
13691912326.17u.net
13703119699.17u.net
13703880279.17u.net
13704848361.17u.net
13705288684.17u.net
13705319413.17u.net
13705386855.17u.net
13705656435.17u.net
13706113005.17u.net
13707076944.17u.net
13708401717.17u.net
13709579210.17u.net
13720451735.17u.net
13722853456.17u.net
13723423145.17u.net
13724020040.17u.net
13733808231.17u.net
13735535508.17u.net
13752801938.17u.net
13753157907.17u.net
13754842821.17u.net
13758555376.17u.net
13772133090.17u.net
13795797668.17u.net
13798298053.17u.net
13801093011.17u.net
13801289877.17u.net
13803499004.17u.net
13806404879.17u.net
13808069218.17u.net
13808185981.17u.net
13814845968.17u.net
13823586965.17u.net
13832564567.17u.net
13834677177.17u.net
13847132574.17u.net
13851472998.17u.net
13861838135.17u.net
13873125300.17u.net
13876086661.17u.net
13876091693.17u.net
13877902255.17u.net
13883933322.17u.net
13889533136.17u.net
13891922935.17u.net
13893236277.17u.net
13893739446.17u.net
13897282225.17u.net
13898111244.17u.net
13898668677.17u.net
13898753482.17u.net
13903160111.17u.net
13904724040.17u.net
13907868387.17u.net
13907925629.17u.net
13907925663.17u.net
13907926829.17u.net
13908850051.17u.net
13915783636.17u.net
13915968766.17u.net
13931606444.17u.net
13935082308.17u.net
13936700171.17u.net
13938808882.17u.net
13941330558.17u.net
13947016788.17u.net
13947184716.17u.net
13948106711.17u.net
13952386008.17u.net
13955936677.17u.net
13957192491.17u.net
13970270131.17u.net
13971034056.17u.net
13974460608.17u.net
13977955608.17u.net
13983678233.17u.net
13985429740.17u.net
13985552565.17u.net
13993139314.17u.net
13993165814.17u.net
13994279319.17u.net
13999404277.17u.net
15045601117.17u.net
15308989419.17u.net
15339118556.17u.net
15389458488.17u.net
15524812727.17u.net
15531293043.17u.net
15607203400.17u.net
15617579727.17u.net
15804540077.17u.net
15813868395.17u.net
15832176762.17u.net
15870912120.17u.net
15930178521.17u.net
15931163073.17u.net
15933067818.17u.net
15934811864.17u.net
15960292750.17u.net
15983689188.17u.net
15989420677.17u.net
16800168.17u.net
16816168.17u.net
168168168168.17u.net
1711783591.17u.net
17u.cn17u.netwww.17u.net
17u.net
18602824133.17u.net
18602963909.17u.net
18627792332.17u.net
18653200339.17u.net
18653233327.17u.net
18660263006.17u.net
18663702112.17u.net
18669906664.17u.net
18674438061.17u.net
18675848972.17u.net
18686764674.17u.net
18689583488.17u.net
18698677000.17u.net
18901346177.17u.net
18913944400.17u.net
18959590888.17u.net
18963790263.17u.net
18971661170.17u.net
18978888201.17u.net
18980084545.17u.net
18986076413.17u.net
18991833911.17u.net
19730520.17u.net
19878197.17u.net
19980088.17u.net
20051230.17u.net
2760www.17u.net
28687557.17u.net
2d00www.17u.net
2fwww.17u.net
2www.17u.net
36604635.17u.net
4006085788.17u.net
44443999.17u.net
454170480.17u.net
4920www.17u.net
51666663.17u.net
51787777.17u.net
51981111.17u.net
530937945.17u.net
599995.17u.net
5a0www.17u.net
644808875.17u.net
65656055.17u.net
66658666.17u.net
66677788899.17u.net
68643909.17u.net
780415389.17u.net
79889951.17u.net
8.17u.net
81115118.17u.net
81161251.17u.net
81404371.17u.net
82881198.17u.net
85235012.17u.net
86228600.17u.net
86698806.17u.net
88058191.17u.net
88866699.17u.net
88877711.17u.net
8888.17u.net
891109.17u.net
89435763.17u.net
adminht.17u.net
b2bwww.17u.net
bbs.17u.net
big5.17u.net
ct.17u.net
ctt.17u.net
en.17u.net
guide.17u.net
hotel.17u.net
ht.17u.net
inn.17u.net
jd.17u.net
jp.17u.net
jq.17u.net
m.17u.net
mail.17u.net
test.17u.net
tuan.17u.net
up.cld.inn.17u.net
upload.17u.net
wap.13824207398.17u.net
wap.17u.net
wapwww.17u.net
webcrm.17u.net
ww.17u.net
ww1c20w.17u.net
ww26cew.17u.net
ww598w.17u.net
wwvw.17u.net
www.05755149383.17u.net
www.13836028000.17u.net
www.17u.17u.net
www.17u.cn17u.cn17uebooking.17u.cnwww.17u.net
www.17u.cn17u.netwww.17u.net
www.17u.cnwww.17u.comwww.17u.net
www.17u.cnwww.17u.net
www.17u.comwww.17u.cnwww.17u.net
www.17u.net
www.17u-china.cnwww.17u.net
www.17uwww.17u.net
www.19810925.17u.net
www.51766la.com.www.17u.net
www.ccc.com-www.bizhian.com.cn-mail.17u.net
www.gz.17u.net
www.hf.17u.net
www.hz.17u.net
www.inn.17u.net
www.lz.17u.net
www.mzmjw.comwww.17u.net
www.nanrenwu.comwww.5se5se.comwww.17u.net
www.nj.17u.net
www.ougz.com.cn-wy.kong.net-www.17u.net
www.sh.17u.net
www.webmail.17u.net
www.www.17u.net
www.zz.17u.net
wwwb40.17u.net
wwww.17u.net
wz.17u.net
zfx.17u.net
zj.17u.net
www.17u.net
tianjinfu.com
www.tianjinfu.com
www.yxgabion.com
yxgabion.com
bainr.com
www.bainr.com
123xsp.com
www.123xsp.com
8848u.com
www.8848u.com
77524.com
www.77524.com
hlc967.com
www.hlc967.com
www.dzyz.net
dzyz.net
90301.7t22n.xjdg.asia
xjdg.asia
728.xjbj.asia
xjbj.asia
550.xjcch.asia
xjcch.asia
434.cjs.asia
cjs.asia
book.srxjy.net
srxjy.net
www.srxjy.net
www.zgcscm.org
zgcscm.org
901.xjfzh.asia
xjfzh.asia
32.atss.asia
atss.asia
729.xjdx.asia
xjdx.asia
x7f04.668.xjdx.asia
128.xjbt.asia
xjbt.asia
803.xjj.asia
xjj.asia
715.xinjiangwulumuqilongxiongguocheng.xjcq.asia
792.xjcq.asia
xjcq.asia
630.xjazh.asia
xjazh.asia
901.xjbf.asia
xjbf.asia
1000.xjfsh.asia
xjfsh.asia
604.xjeg.asia
xjeg.asia
t22vw.549.xjcy.asia
xjcy.asia
xjz.asia
66371.sdlrn.xjp.asia
xjp.asia
395.xjfs.asia
xjfs.asia
8.xjach.asia
xjach.asia
585.xjw.asia
xjw.asia
38899.0p5ca.yns.asia
yns.asia
61926.xjdh.asia
xjdh.asia
181.xjax.asia
xjax.asia
17u.65155680.cn
65155680.cn
ztdj.65155680.cn
active.lvren.cn
asus.lvren.cn
d.lvren.cn
guide.lvren.cn
guide.test.lvren.cn
hotel.lvren.cn
huoche.lvren.cn
image.lvren.cn
lvren.cn
mail3.lvren.cn
map.lvren.cn
news.lvren.cn
qplus.lvren.cn
qq.lvren.cn
shop.lvren.cn
stats.lvren.cn
test.lvren.cn
un.lvren.cn
wo.lvren.cn
world.lvren.cn
www.lvren.cn
u010.cn
www.u010.cn
innsky.cn
www.innsky.cn
8848u.cn
www.8848u.cn
lvcang.cn
www.lvcang.cn
17u.cn
2fustatic.17u.cn
2fwww.17u.cn
3g.17u.cn
5a0www.17u.cn
air.17u.cn
alipay.17u.cn
bao.17u.cn
bus.17u.cn
css.17u.cn
dm.17u.cn
dm1.17u.cn
dujia.17u.cn
ebk.17u.cn
ebooking.17u.cn
flights.17u.cn
globalhotel.17u.cn
hotel.17u.cn
https.www.17u.cn
httpwww.17u.cn
img.17u.cn
jibc30piao.17u.cn
jip32a0iao.17u.cn
jipiao.17u.cn
jqebooking.17u.cn
king.17u.cn
m.17u.cn
member.17u.cn
moa.17u.cn
oking.17u.cn
paio.17u.cn
passport.17u.cn
piao.17u.cn
piao.17u.cnpiao.17u.cn
piaoupload.17u.cn
qunartts.17u.cn
shouji.17u.cn
spf.mail.17u.cn
sto-id-virtual.17u.cn
tag.17u.cn
touch.17u.cn
tuan.17u.cn
union.17u.cn
upload.17u.cn
w.17u.cn
w4380ww.17u.cn
w4920ww.17u.cn
wap.17u.cn
waptest.17u.cn
ww.17u.cn
ww1680w.17u.cn
ww4378w.17u.cn
www.17u.cn
www.3322.org.com_www.17u.cn
www.piao.17u.cn
www.tuan.17u.cn
www.zuche.17u.cn
www147.17u.cn
www152.17u.cn
wwwshuaigay5com.17u.cn
wx.17u.cn
zhidao.17u.cn
zuche.17u.cn
zzyeb.17u.cn
www.17u.cn
tb517.com
ww.yiqiyou.com
www.yiqiyou.com
yiqiyou.com
10062.51zfx.net
10062.ctt.51zfx.net
1012140.51zfx.net
1014225.51zfx.net
1014375.51zfx.net
1014653.51zfx.net
1015040.51zfx.net
10157.51zfx.net
1017334.51zfx.net
1018402.51zfx.net
10239268.ct.51zfx.net
1025025.51zfx.net
10263.51zfx.net
1037806.51zfx.net
104038.51zfx.net
1041653.51zfx.net
1045131.51zfx.net
1049203.51zfx.net
10499946.51zfx.net
10501.51zfx.net
1050716.51zfx.net
1050995.51zfx.net
1051909.51zfx.net
1053409.51zfx.net
1054033.51zfx.net
1058290.51zfx.net
1058506.51zfx.net
1063205.51zfx.net
1063932.51zfx.net
1073778.51zfx.net
1074963.51zfx.net
1078631.51zfx.net
1080957.51zfx.net
1082044.51zfx.net
1082459.51zfx.net
1082772.51zfx.net
10830.51zfx.net
1083170.51zfx.net
1085815.51zfx.net
1088342.51zfx.net
1088426.51zfx.net
10891.51zfx.net
109066.51zfx.net
1095967.51zfx.net
1098227.51zfx.net
1101793.51zfx.net
1105168.51zfx.net
1124357.51zfx.net
1126343.51zfx.net
1128646.51zfx.net
113929.51zfx.net
1141373.51zfx.net
1144924.51zfx.net
1147717.51zfx.net
1148714.51zfx.net
1150941.51zfx.net
1152302.51zfx.net
1155646.51zfx.net
1155978.51zfx.net
1155997.51zfx.net
1156182.51zfx.net
1165337.51zfx.net
11691157.51zfx.net
1182317.51zfx.net
1183380.51zfx.net
1190530.51zfx.net
1200904.51zfx.net
1209811.51zfx.net
1209811.cnc.51zfx.net
12207449.51zfx.net
1225985.51zfx.net
1240902.51zfx.net
12434589.51zfx.net
1245423.51zfx.net
1247981.51zfx.net
1249767.51zfx.net
1253349.51zfx.net
1253417.51zfx.net
1258201.51zfx.net
1265292.51zfx.net
1288122.51zfx.net
1307413.51zfx.net
1309677.51zfx.net
1313392.51zfx.net
1313437.51zfx.net
1323318.51zfx.net
13260550.51zfx.net
1327391.51zfx.net
1332379.51zfx.net
1333183.51zfx.net
1364188.51zfx.net
1385442.51zfx.net
1395732.51zfx.net
1395732.ctt.51zfx.net
1400.51zfx.net
1403549.51zfx.net
1406707.51zfx.net
1406707.ctt.51zfx.net
14074838.51zfx.net
1410991.51zfx.net
14191855.51zfx.net
14447986.51zfx.net
1447039.cnc.51zfx.net
14545584.51zfx.net
1477220.ctt.51zfx.net
1480818.51zfx.net
1503993.51zfx.net
1506552.51zfx.net
1510023.51zfx.net
1533173.51zfx.net
15360790.51zfx.net
1543668.51zfx.net
1574736.51zfx.net
15876172.51zfx.net
1588534.51zfx.net
15919035.51zfx.net
15953391.51zfx.net
1600961.51zfx.net
1617588.51zfx.net
16375938.51zfx.net
16376637.51zfx.net
1639461.51zfx.net
1650099.51zfx.net
1727770.51zfx.net
1727770.ct.51zfx.net
1789231.51zfx.net
1794104.51zfx.net
1803084.51zfx.net
1811782.51zfx.net
1811782.ctt.51zfx.net
1812115.51zfx.net
1821674.51zfx.net
1823599.cnc.51zfx.net
1823604.51zfx.net
1833736.ctt.51zfx.net
1838821.51zfx.net
1850323.51zfx.net
1850499.51zfx.net
1850500.51zfx.net
1856392.51zfx.net
1861222.51zfx.net
1862143.51zfx.net
1875241.51zfx.net
1893611.51zfx.net
1898619.51zfx.net
1921736.51zfx.net
1921742.51zfx.net
19368175.51zfx.net
1964373.51zfx.net
1966550.51zfx.net
19890221.51zfx.net
2013133.51zfx.net
2019021.51zfx.net
2042192.51zfx.net
2053912.51zfx.net
2057119.51zfx.net
2073174.51zfx.net
2076230.51zfx.net
2079581.51zfx.net
2083874.51zfx.net
2096510.51zfx.net
2099357.51zfx.net
2100424.51zfx.net
2172182.51zfx.net
2217391.51zfx.net
2220148.51zfx.net
2257205.51zfx.net
2258642.51zfx.net
2278300.51zfx.net
2282908.51zfx.net
2283214.51zfx.net
2355672.51zfx.net
2355672.ctt.51zfx.net
2519429.51zfx.net
2531060.51zfx.net
2532759.51zfx.net
2535726.51zfx.net
2542946.51zfx.net
2577001.51zfx.net
2588724.51zfx.net
2608564.51zfx.net
2699780.51zfx.net
2700008.51zfx.net
2750372.51zfx.net
2762838.51zfx.net
30776.51zfx.net
3086489.51zfx.net
30875.51zfx.net
31204.51zfx.net
31246.51zfx.net
3234089.51zfx.net
3234089.ctt.51zfx.net
32605.51zfx.net
32770.51zfx.net
3291495.51zfx.net
3299117.51zfx.net
33259.51zfx.net
33739.51zfx.net
35268161.51zfx.net
35345.51zfx.net
35761.51zfx.net
35988.51zfx.net
36516.51zfx.net
36582.51zfx.net
36694.cnc.51zfx.net
37313.51zfx.net
37562.51zfx.net
38217.51zfx.net
38563.51zfx.net
38897.51zfx.net
38933.51zfx.net
39170.51zfx.net
39318.51zfx.net
39506.51zfx.net
39640.51zfx.net
39657.51zfx.net
39718.51zfx.net
40210.51zfx.net
40276.51zfx.net
40281.51zfx.net
4115319.51zfx.net
4172431.51zfx.net
42062.51zfx.net
42178.51zfx.net
4311240.51zfx.net
43652.51zfx.net
43954.51zfx.net
44217.51zfx.net
44290.51zfx.net
44365.51zfx.net
4463198.51zfx.net
45687.51zfx.net
4575503.51zfx.net
46277.51zfx.net
4656306.51zfx.net
46893.51zfx.net
47724.51zfx.net
4821392.51zfx.net
50181.51zfx.net
50684.51zfx.net
50786.51zfx.net
50795.51zfx.net
50911.51zfx.net
50943.51zfx.net
51239.51zfx.net
51294.51zfx.net
51370.51zfx.net
51621.51zfx.net
51917.51zfx.net
51919.51zfx.net
51zfx.net
52482.51zfx.net
52812.51zfx.net
52970.51zfx.net
53515.51zfx.net
5424758.51zfx.net
5443749.51zfx.net
54844.51zfx.net
54893.51zfx.net
54950.51zfx.net
54984.51zfx.net
55115.51zfx.net
55175.51zfx.net
55302.51zfx.net
55756.cnc.51zfx.net
56168.51zfx.net
56241.51zfx.net
56738.51zfx.net
56789.51zfx.net
56804.51zfx.net
56870.51zfx.net
57256.51zfx.net
5736288.51zfx.net
5755558.51zfx.net
5758566.51zfx.net
5758566.ctt.51zfx.net
5822.51zfx.net
58532.51zfx.net
58663.51zfx.net
6005845.51zfx.net
6077590.51zfx.net
61794.ctt.51zfx.net
62395.51zfx.net
62494.51zfx.net
6328481.51zfx.net
6414.51zfx.net
64181.51zfx.net
64437.51zfx.net
6444994.51zfx.net
64772.51zfx.net
64887.51zfx.net
6530221.51zfx.net
6530410.51zfx.net
65412.51zfx.net
68162.51zfx.net
6818.51zfx.net
6830934.51zfx.net
68321.51zfx.net
68387.51zfx.net
6868.51zfx.net
6878031.51zfx.net
6975.51zfx.net
7035.51zfx.net
7094.cnc.51zfx.net
72472.51zfx.net
7300.51zfx.net
74080.51zfx.net
7412.51zfx.net
74338.51zfx.net
74780.51zfx.net
7569.51zfx.net
7585.51zfx.net
7600.51zfx.net
7669.51zfx.net
7702762.51zfx.net
80023.51zfx.net
8015451.51zfx.net
8058.51zfx.net
8078.51zfx.net
81281.51zfx.net
8180.51zfx.net
8205.51zfx.net
8217.51zfx.net
8217.ctt.51zfx.net
8261.51zfx.net
8380.51zfx.net
8495.51zfx.net
8530867.51zfx.net
8653.51zfx.net
8755.51zfx.net
8918.51zfx.net
900317.51zfx.net
90207.51zfx.net
908303.51zfx.net
91435.51zfx.net
914376.51zfx.net
914937.51zfx.net
915727.51zfx.net
923138.51zfx.net
930088.51zfx.net
9351.51zfx.net
940827.51zfx.net
9417116.ctt.51zfx.net
948546.51zfx.net
948646.51zfx.net
949481.51zfx.net
949804.51zfx.net
950616.51zfx.net
952373.51zfx.net
96377.51zfx.net
970707.51zfx.net
971226.51zfx.net
9729.51zfx.net
9760632.51zfx.net
976440.51zfx.net
980813.51zfx.net
98183.51zfx.net
988019.51zfx.net
99244.51zfx.net
996192.51zfx.net
998410.51zfx.net
test.51zfx.net
www.51zfx.net
www112.51zfx.net
www242.51zfx.net
www55.51zfx.net
www.zlqysd.com
zlqysd.com
itzhuji.com
www.itzhuji.com
www.zhongjidk.com
zhongjidk.com
www.xiaolong8866.com
xiaolong8866.com
sengxu.com
www.6i6g9o.sengxu.com
www.sengxu.com
aa6n.com
www.aa6n.com
bb6a.com
www.bb6a.com
cc6a.com
www.cc6a.com
sxylcy.com
www.sxylcy.com
2bff.com
www.2bff.com
pp8e.com
www.pp8e.com
cannesimage.com
www.cannesimage.com
ff8a.com
www.ff8a.com
uu8e.com
www.uu8e.com
www.zengnu.com
zengnu.com
news.jjzslm.com
seo.jjzslm.com
www.jjzslm.com
jiajubao.jjzslm.com
jjzslm.com
j805.com
www.j805.com
bcw188.com
app.ly.com
appnew.ly.com
bus.ly.com
dujia.ly.com
ebooking.ly.com
flights.ly.com
globalhotel.ly.com
gny.ly.com
go.ly.com
guard.ly.com
hotel.ly.com
jipiao.ly.com
job.ly.com
jr.ly.com
ly.com
m.ly.com
member.ly.com
mhr.ly.com
moa.ly.com
passport.ly.com
piao.ly.com
qianggou.ly.com
qq.ly.com
qunartts.ly.com
shouji.ly.com
tag.ly.com
touch.ly.com
tuan.ly.com
union.ly.com
w32a0ww.ly.com
wap.ly.com
ww2.ly.com
www.ly.com
zby.ly.com
zhidao.ly.com
zuche.ly.com
zzyeb.ly.com
m.ly.com
www.ly.com
huishouzz.com
www.huishouzz.com
chanlongmenye.com
www.chanlongmenye.com
www.yltsz.com
yltsz.com
tongcheng.com
www.tongcheng.com
www.tongcheng.com
m.tongcheng.com
sogew.com
4059578403.shuangyanpizhengxing.com
63539.shuangyanpizhengxing.com
shuangyanpizhengxing.com
pcrenhe.com
m.pcrenhe.com
www.pcrenhe.com
www.zyd668.com
zyd668.com
sofangw.com
17u.co
www.17u.co
www.zitongb.com
zitongb.com
dyhjc.com
www.dyhjc.com
jxmahetao.com
www.jxmahetao.com
18886.shuangyanpixiufu.com
shuangyanpixiufu.com
www.14ao.com
14ao.com
fangwuyiyuan.com
www.fangwuyiyuan.com
xj.xjaea.com
xjaea.com
944.shuangyanpiqiekai.com
shuangyanpiqiekai.com
nanshengshuangyanpi.com
8492992315.yaxianshuangyanpi.com
66002.yaxianshuangyanpi.com
yaxianshuangyanpi.com
56389.fukeax.com
fukeax.com
448.fengshuangyanpi.com
fengshuangyanpi.com
www.xjaax.com
xjaax.com
857.kaishuangyanpi.com
kaishuangyanpi.com
xjadl.com
zhengshuangyanpi.com
xjacs.com
108.shuangyanpizhengrong.com
shuangyanpizhengrong.com
737.keshiweiguanrenliu.com
keshiweiguanrenliu.com
down.handhand.net
handhand.net
xjaez.com
xjaae.com
45.lashuangyanpi.com
671.lashuangyanpi.com
lashuangyanpi.com
209.nanshishuangyanpi.com
47.nanshishuangyanpi.com
nanshishuangyanpi.com
1060263.512ly.com
1094774.512ly.com
1134892.512ly.com
11396028.512ly.com
12535859.512ly.com
13561801.512ly.com
13762405.512ly.com
13833686.512ly.com
16109244.512ly.com
1783185.512ly.com
1964647.512ly.com
2009854.512ly.com
2202490.512ly.com
2662682.512ly.com
3159024.512ly.com
3371242.512ly.com
3865161.512ly.com
41798.512ly.com
4250894.512ly.com
4781002.512ly.com
5100927.512ly.com
512ly.com
55837.512ly.com
6422218.512ly.com
7312.512ly.com
893860.512ly.com
987253.512ly.com
cnc.1060263.512ly.com
1186435.17ujp.com
1674046.17ujp.com
17ujp.com
1827311.17ujp.com
1974147.17ujp.com
www.17ujp.com
coach.usousou.com
flight.usousou.com
hotel.usousou.com
usousou.com
www.usousou.com
bus.usousou.com
beta.lvren.com
expert.lvren.com
go.lvren.com
local.tuan.lvren.com
lvren.com
mobile.lvren.com
talk.lvren.com
tuan.lvren.com
www.lvren.com
wanggou.co
www.wanggou.co
360.m.letv.co
letv.co
www.letv.co
goodbaby.co
www.goodbaby.co
kuaibo.co
www.kuaibo.co
moji.co
www.moji.co
sohu.co
www.sohu.co
shoubiao360.com
www.shoubiao360.com
www.ly.org
ly.org
www.xili.co
xili.co
1688.co
www.1688.co
