Email: dns@tencent.com
Registrant: Zhou Liguo
BroDmain Count:523
izhuye.qq.com
www.5d6d.org
www.qzone.me
www.shengmingxian.com
www.app6.org
www.cyn31.com
www.bmw115.com
www.baidu3000sf.com
www.cmz8p5.com
www.zsay.org
www.tqm8d9.com
www.ecy84.com
www.vcj3k8.com
www.zuiruanjian.com
www.qgq82.com
www.kwd2g7.com
www.xxo9we2.com
www.ybxr12.com
www.fax3b9.com
www.shantouxyk47.com
www.axl3d7.com
www.rdgz.org
www.lsharing.com
www.discuz.org
www.accessibilityunion.org
www.prayaya.org
www.tencentfoundation.org
www.weilefu.org
www.qq.com
www.0451study.com
www.3333989.com
www.cqdianli.com
www.changchunr.com
www.dfeeee.com
www.ebtcall.com
www.mybe.tv
www.pandoracanadaofficia.com
www.fldzb88.com
www.jinweimesh.com
www.com17.biz
www.5218c.com
www.7k7k.org
www.86888199.com
www.ailov.com
www.aixiaofei.com
www.argox-e.com
www.twanf.net
www.aom-themes.com
www.badasheng998.com
www.tambovnet.org
www.51-pc.com
www.057xled.com
www.hwbearing.net
www.nucleuscms.org
www.qpjinze.com
www.adinike.com
www.2hack.org
www.533567.com
www.sfl-skf.com
www.cuicuiaima.com
www.computerra.biz
www.388825.com
www.bcwo8.com
www.wanbangpx.com
www.lfpay.org
www.82666332.com
www.apicaldevelopers.com
www.grantvisa.biz
www.scjyo.com
www.arteinox.com
www.bjhmysm.com
www.bjpbjy.net
www.bwshengjiangji.com
www.wasir.org
www.caotama.in
www.carbongame.org
www.mm007.info
www.meinvshipin.org
www.lt39.biz
www.movie.ws
www.laomu.org
www.35774.org
www.private.org
www.chick.org
www.cdmrmrmfxx.com
www.chinabu.org
www.chinacsra.org
www.cnfut.com
www.cqbdkj.com
www.craw.com
www.cyfdj.org
www.cndxcy.com
www.cchff.com
www.ifpug.com
www.articlecorner.net
www.boxing.info
www.dravidology.com
www.gaev.org
www.hauntedengland.net
www.xiumeizu.net
www.55bet.org
www.cdhuafu.com
www.xywy.org
www.zihan918.com
www.bar168.net
www.ruforumz.com
www.renyuncheng.org
www.dhmart.info
www.5i-travel.com
www.zhihuajiasi.com
www.qc1917.com
www.scqzsb.com
www.cwicc.com
www.dw168.org
www.sharp.at
www.chintcon.com
www.dirtybro.com
www.xtravestiler.org
www.ctch.it
www.joshys.org
www.v8lian.com
www.6h10ma.com
www.cnpcem.com
www.cfmuye.com
www.caramel-coffee.net
www.sponsoruk.com
www.pl588.com
www.handyhealthed.net
www.haoshou.org
www.qzone.in
www.qqzone.in
www.tqapp.net
www.qqopenapp.com
www.myapp.com
www.71app.com
www.wechatmessenger.com
www.qchaoshi.com
www.tqapp.com
www.taotao.com
www.5d6d.com
www.unityhead.com
www.qzone.com
www.5d6d.net
www.china-ossc.com
www.dythermal.com
www.weiyun.com
www.tenpay.com
www.qmail.com
www.wechat.com
www.weixinbridge.com
www.superfix.com
www.qqqq.in
www.goto-game.com
www.tencent.mobi
www.qqgroup.com
www.duanyou.net
www.gtimg.net
www.wgimg.com
www.tencentlog.com
www.tencentb2.com
www.zta4.com
www.QQ.com
www.twsapp.com
www.ttsim.com
www.tencentyun.com
www.qqhaoma.com
www.sjtygame.com
www.x-qj.com
www.sososnap.com
www.qqhaoma.net
www.57899.cc
www.99707.cc
www.96296.cc
www.70663.cc
www.66225.cc
www.tencent-cloud.net
www.28600.cc
www.37977.cc
www.37577.cc
www.17377.cc
www.17118.cc
www.17158.cc
www.18891.cc
www.86211.cc
www.16891.cc
www.96311.cc
www.96200.cc
www.67261.cc
www.85636.cc
www.89636.cc
www.97970.cc
www.97971.cc
www.36683.cc
www.17951.cc
www.17113.cc
www.weishi.com
www.18997.cc
www.86008.cc
www.11365.cc
www.22365.cc
www.77832.cc
www.36513.cc
www.65118.cc
www.98797.cc
www.52713.cc
www.97987.cc
www.31708.cc
www.qqvoice.com
www.55365.cc
www.77851.cc
www.77853.cc
www.77868.cc
www.83652.cc
www.qqtv123.net
www.55611.cc
www.55068.cc
www.78833.cc
www.18839.cc
www.86396.cc
www.66990.cc
www.77530.cc
www.88530.cc
www.32312.cc
www.88689.cc
www.18861.cc
www.52781.cc
www.23007.cc
www.95271.cc
www.62662.cc
www.aiaru.net
www.cn-apollo.com
www.lakhanytextiles.com
www.umzugs.net
www.pcmgr-global.com
www.tencent-cloud.com
www.qqtv123.com
www.paipai.net.cn
www.imcq.cn
www.qq.com.cn
www.qq.org.cn
www.paipai.com.cn
www.tengxun.cn
www.qqxuanfeng.cn
www.tenpay.com.cn
www.mqq.cn
www.qlogo.cn
www.5d6d.cn
www.imqq.net.cn
www.tencent.net.cn
www.scs.org.cn
www.oi.cn
www.tenpay.cn
www.9777.cn
www.oic.cn
www.qq.net.cn
www.qq.hb.cn
www.daoke.cn
www.tencentmind.net.cn
www.tengxun.com.cn
www.paipai.org.cn
www.mingde.cn
www.1700.cn
www.tongpay.cn
www.qqgame.cn
www.goto-game.cn
www.oicq.cn
www.iqq.cn
www.bqq.com.cn
www.mqq.com.cn
www.sjkx.com.cn
www.bqq.cn
www.9777.com.cn
www.1700.com.cn
www.imqq.com.cn
www.oicq.com.cn
www.feiche.cn
www.qpic.cn
www.sososales.com
www.haina.com
www.wechatapp.com
www.haina.net
www.yuanchuang.com
www.qbview.com
www.joox.com
www.qqwebapp.com
www.yeswan.com
www.qqclass.com
www.tencentweibo.com
www.qwanggou.com
www.qwangou.com
www.weixinsxy.com
www.manyou.com
www.444365.cn
www.666227.cn
www.400447.cn
www.366431.cn
www.10379.cn
www.84232.cn
www.676777.cn
www.787778.cn
www.58115.cn
www.72435.cn
www.53431.cn
www.78808.cn
www.67556.cn
www.32545.cn
www.65768.cn
www.97764.cn
www.34354.cn
www.32435.cn
www.45622.cn
www.78684.cn
www.551780.cn
www.199809.cn
www.82438.cn
www.72600.cn
www.23258.cn
www.37458.cn
www.200891.cn
www.70571.cn
www.10256.cn
www.78080.cn
www.35868.cn
www.188028.cn
www.125823.cn
www.923952.cn
www.12551.cn
www.530464.cn
www.500536.cn
www.41469.cn
www.119112.cn
www.362422.cn
www.250538.cn
www.815157.cn
www.411888.cn
www.825826.cn
www.586110.cn
www.152412.cn
www.92068.cn
www.90010.cn
www.22448.cn
www.24229.cn
www.201359.cn
www.821208.cn
www.92915.cn
www.52915.cn
www.91795.cn
www.70149.cn
www.93134.cn
www.456147.cn
www.523556.cn
www.53257.cn
www.68089.cn
www.437500.cn
www.555769.cn
www.881314.cn
www.542687.cn
www.743543.cn
www.951868.cn
www.360126.cn
www.16747.cn
www.81500.cn
www.920571.cn
www.860598.cn
www.21991.cn
www.350806.cn
www.173500.cn
www.52617.cn
www.887312.cn
www.14007.cn
www.550633.cn
www.32075.cn
www.56597.cn
www.591601.cn
www.65799.cn
www.439906.cn
www.65541.cn
www.970220.cn
www.117340.cn
www.724168.cn
www.510090.cn
www.17147.cn
www.365778.cn
www.65314.cn
www.598538.cn
www.82940.cn
www.263264.cn
www.845514.cn
www.44119.cn
www.87944.cn
www.885580.cn
www.537206.cn
www.imqq.com
www.mytt.com
www.qiaogou.com
www.rtxonline.com
www.tongpay.com
www.tongpay.net
www.tenpay.net
www.tencent.net
www.imqq.net
www.qqkr.com
www.prayaya.net
www.ailetang.com
www.qq.gs.cn
www.tencent.cn
www.tencent.com.cn
www.gtimg.com.cn
www.rtx.com.cn
www.tapd.cn
www.url.cn
www.gtimg.cn
www.foxmail.com.cn
www.heyyo.com
www.pengyou.net
www.baidudao.com
www.comsenz.net
www.365zhanzhang.com
www.supesite.net
www.shiaijie.com
www.qqgames.com
www.tencent.us
www.0law.com
www.1-yahoo.com
www.facebookshop.com
www.1one.net
www.2-yahoo.com
www.afilias-grs.net
www.autobike.com
www.vpweb.com.au
www.auvergnats.com
www.apnanalytics.com
www.bibg.com
www.brocade.net
www.buythings.com
www.baidugames.com
www.cambrouk.com
www.shopzilla.de
www.maibin.com
www.earthymama.com
www.ffav.com
www.glinfissi.com
www.gameoflife.com
www.hcare.com
www.i-yahoo.com
www.instantsale.com
www.iprodotti.com
www.hotmail.co
www.ldex.net
www.my97.com
www.mdjcs.com
www.myab.com
www.motosquad.com
www.mvgardens.com
www.my-shop.com
www.missy-elliott.com
www.nixv.com
www.homeloans.com
www.teamwales.com
www.teddyhotel.com
www.usa-kohler.com
www.www-yahoo.com
www.wgyg.com
www.yahoo-com.com
www.yahoo-www.com
www.yourdirections.com
www.shurkonline.com
www.asdamobile.com
www.asdafinance.com
www.hesii.com
www.scarfmens.com
www.yahoogoogle.com
www.ebay.de
www.facebook.tv
www.mets.org
www.htnet.com
www.youwan.org
www.yu89.com
www.colorspan.com
www.okip.com
www.brand4friend.com
www.stt.net
www.wudoudou.com
www.bgee.com
www.eman.net
www.microwall.com
www.booksworld.com
www.worldbbs.com
www.emall.net
www.hu0.com
www.cyber.mobi
www.daymoon.com
www.motorindia.com
www.questindia.com
www.astes.com
www.yahootxt.com
www.morerebates.com
www.yahuhan.com
www.goodstep.com
www.triat.com
www.asianbabes.cn
www.snafish.com
www.iandroid.com
www.come.net
www.greatbigcanvas.com
www.gsicommerce.com
www.danahosp.com
www.vmf.org
www.greatfirewall.com
www.jueu.com
www.natao.com
www.winnparishmedical.com
www.9mq.com
www.pspvista.com
www.v1984.com
www.overtrue.com
www.nosmatinsreussis.com
www.windowcom.com
www.tone.net
www.flashplayer.com
www.jiuo.com
www.wonage.com
www.zhangzhongxing.com
SubDomain
17q.qq.com
5s.qq.com
act.qq.com
b.qq.com
bns.qq.com
book.qq.com
ccs.qq.com
cf.qq.com
codol.qq.com
comfort.qq.com
fanta.qq.com
fen.qq.com
guanjia.qq.com
hon.qq.com
house.qq.com
0.23sweb.qbar.qq.com
0.3g.qq.com
0.9.6www.exp.dl.7.qq.com
007.gamebbs.qq.com
007.qq.com
02opera.wap.3g.qq.com
0715000user.qbar.qq.com
0799251238.user.qbar.qq.com
0km.qq.com
0www.90pao.cn988jj.concdn.dl.7.qq.com
1.2httpstatic.video.qq.com
1.3.kf.3g.qq.com
1.3g.qq.com
1.6.6rc.qzone.qq.com
1.cdn.dl.7.qq.com
1.pay.3g.qq.com_pay.3g.qq.com
1.qq.com
1.qqdnf.qzone.qq.com
1.t.qq.com
1.ti.3g.qq.com
1.user.qbar.qq.com
1.wap.3g.qq.com
1.web.qbar.qq.com
10.3g.qq.com
10.buy.qq.com
10.qq.com
10.www.wap.3g.qq.com
10000.qq.com
10000.user.qbar.qq.com
100000028.photo.qq.com
100000956.photo.qq.com
100001650.photo.qq.com
100006289.photo.qq.com
100006811.photo.qq.com
100006901.photo.qq.com
100009935.photo.qq.com
10001.qzone.qq.com
10001.video.qq.com
100010958.photo.qq.com
100016318.photo.qq.com
10003781.photo.qq.com
10004244.photo.qq.com
10005054.photo.qq.com
100060212.photo.qq.com
100064222.photo.qq.com
100065474.photo.qq.com
100068708.photo.qq.com
100079188.114.qq.com
100079188.qzone.qq.com
10007980.user.qbar.qq.com
100080028.photo.qq.com
100080487.photo.qq.com
100080681.photo.qq.com
100082933.photo.qq.com
100084523.photo.qq.com
10009292.photo.qq.com
1000dpi-pay.3g.qq.com
10010.qq.com
10010721.photo.qq.com
10011587.photo.qq.com
10012017.photo.qq.com
10012282.photo.qq.com
100183154.photo.qq.com
100192821.photo.qq.com
1002013972.photo.qq.com
1002014699.photo.qq.com
1002014826.photo.qq.com
1002016504.photo.qq.com
1002016814.photo.qq.com
1002018287.photo.qq.com
1002018736.photo.qq.com
10020pt.www.3g.qq.com
1002102854.photo.qq.com
1002153022.photo.qq.com
1002157199.photo.qq.com
1002158712.photo.qq.com
1002159127.photo.qq.com
1002177396.photo.qq.com
1002180177.photo.qq.com
1002180530.photo.qq.com
1002181568.photo.qq.com
1002182471.photo.qq.com
1002183001.photo.qq.com
1002183481.photo.qq.com
1002184135.photo.qq.com
1002185032.photo.qq.com
1002185204.photo.qq.com
1002187030.photo.qq.com
1002187222.photo.qq.com
1002187413.photo.qq.com
1002188263.photo.qq.com
1002190543.photo.qq.com
10022104.photo.qq.com
10022207.photo.qq.com
1002352.photo.qq.com
1002386216.photo.qq.com
1002387233.photo.qq.com
1002388542.photo.qq.com
1002390321.photo.qq.com
1002390824.photo.qq.com
1002395010.photo.qq.com
1002396806.photo.qq.com
1002404851.photo.qq.com
1002405290.photo.qq.com
1002476244.photo.qq.com
10024942.photo.qq.com
10026865.photo.qq.com
1002775849.photo.qq.com
1002775997.photo.qq.com
1002778243.photo.qq.com
1002778687.photo.qq.com
1002784130.photo.qq.com
100279888.photo.qq.com
1002974079.photo.qq.com
1002974687.photo.qq.com
1002975519.photo.qq.com
1002981148.photo.qq.com
1002981935.photo.qq.com
1002982203.photo.qq.com
1002983976.photo.qq.com
1003125907.photo.qq.com
1003127046.photo.qq.com
1003127857.photo.qq.com
1003128103.photo.qq.com
1003128986.photo.qq.com
1003130817.photo.qq.com
1003131342.photo.qq.com
1003133394.photo.qq.com
1003133626.photo.qq.com
1003134973.photo.qq.com
1003134998.photo.qq.com
1003135791.photo.qq.com
1003137292.photo.qq.com
1003137657.photo.qq.com
1003138363.photo.qq.com
1003138459.photo.qq.com
1003139851.photo.qq.com
1003142652.photo.qq.com
1003174451.photo.qq.com
100322098.user.qbar.qq.com
100322125.photo.qq.com
10033319.photo.qq.com
1003344474.photo.qq.com
1003345000.photo.qq.com
1003348069.photo.qq.com
1003349240.photo.qq.com
1003349554.photo.qq.com
1003350501.photo.qq.com
1003351140.photo.qq.com
1003351375.photo.qq.com
1003356091.photo.qq.com
10033588.photo.qq.com
10033616.photo.qq.com
1003371832.photo.qq.com
1003372426.photo.qq.com
1003373123.photo.qq.com
1003374322.photo.qq.com
1003375119.photo.qq.com
1003376968.photo.qq.com
1003391175.photo.qq.com
10035611.photo.qq.com
1003571809.photo.qq.com
1003572207.photo.qq.com
1003572336.photo.qq.com
1003572734.photo.qq.com
1003581854.photo.qq.com
1003582361.photo.qq.com
10037745.photo.qq.com
1003782496.photo.qq.com
1003782682.photo.qq.com
1003782917.photo.qq.com
1003980534.photo.qq.com
1003982089.photo.qq.com
1003989904.photo.qq.com
1004000922.photo.qq.com
1004184451.photo.qq.com
1004380144.photo.qq.com
1004390091.photo.qq.com
1004571855.photo.qq.com
1004575580.photo.qq.com
1004579075.photo.qq.com
1004579295.photo.qq.com
1004585975.photo.qq.com
1004586305.photo.qq.com
1004586671.photo.qq.com
1004586960.photo.qq.com
1004774116.photo.qq.com
1004775914.photo.qq.com
1004779927.photo.qq.com
1004780730.photo.qq.com
1004781597.photo.qq.com
1004984509.photo.qq.com
1004986803.photo.qq.com
1005114.photo.qq.com
1005186535.photo.qq.com
1005190605.photo.qq.com
1005197961.photo.qq.com
1005386992.photo.qq.com
1005392753.photo.qq.com
10054464.photo.qq.com
1005580082.photo.qq.com
1005584456.photo.qq.com
1005587930.photo.qq.com
1005589045.photo.qq.com
1005589277.photo.qq.com
1005590385.photo.qq.com
1005591498.photo.qq.com
1005592171.photo.qq.com
1005592229.photo.qq.com
1005593445.photo.qq.com
1005593613.photo.qq.com
1005596713.photo.qq.com
1005782323.photo.qq.com
1005790039.photo.qq.com
100579892.photo.qq.com
100580255.photo.qq.com
100581617.photo.qq.com
100583084.photo.qq.com
100586039.photo.qq.com
10061027.photo.qq.com
1006128.photo.qq.com
100615799.kf.ieodopen.qq.com
100616028.kf.ieodopen.qq.com
100616996.kf.ieodopen.qq.com
1006188485.photo.qq.com
100621282.kf.ieodopen.qq.com
100621590.kf.ieodopen.qq.com
100622829.kf.ieodopen.qq.com
100627185.kf.ieodopen.qq.com
100627204.kf.ieodopen.qq.com
100630439.kf.ieodopen.qq.com
100630595.kf.ieodopen.qq.com
1006331187.photo.qq.com
1006332309.photo.qq.com
1006332408.photo.qq.com
1006336563.photo.qq.com
100634162.kf.ieodopen.qq.com
100634204.kf.ieodopen.qq.com
100637661.kf.ieodopen.qq.com
100643119.kf.ieodopen.qq.com
10064483.photo.qq.com
100645087.kf.ieodopen.qq.com
1006487445.photo.qq.com
10065139.photo.qq.com
100655031.kf.ieodopen.qq.com
10065779.photo.qq.com
1006646737.photo.qq.com
1006646768.photo.qq.com
1006646886.photo.qq.com
1006647039.photo.qq.com
1006647975.photo.qq.com
1006648644.photo.qq.com
1006649518.photo.qq.com
1006649803.photo.qq.com
1006651665.photo.qq.com
1006653017.photo.qq.com
100666419.kf.ieodopen.qq.com
1006722580.photo.qq.com
1006785800.qzone.qq.com1006785800.qzone.qq.com
10068017.photo.qq.com
100684508.kf.ieodopen.qq.com
1006848242.photo.qq.com
100689072.kf.ieodopen.qq.com
1006923.photo.qq.com
1006978090.photo.qq.com
1006980447.photo.qq.com
1006980463.photo.qq.com
1006986485.photo.qq.com
1006989905.photo.qq.com
1006990247.photo.qq.com
1006990315.photo.qq.com
1006996128.photo.qq.com
1006996175.photo.qq.com
1006997367.photo.qq.com
1006999683.photo.qq.com
100705636.photo.qq.com
1007174027.photo.qq.com
1007179239.photo.qq.com
1007179583.photo.qq.com
1007180103.photo.qq.com
1007180881.photo.qq.com
1007182696.photo.qq.com
1007184815.photo.qq.com
1007187037.photo.qq.com
100723.photo.qq.com
1007374512.photo.qq.com
1007377850.photo.qq.com
1007378041.photo.qq.com
1007378123.photo.qq.com
1007379321.photo.qq.com
1007379665.photo.qq.com
1007380468.photo.qq.com
1007381984.photo.qq.com
1007383086.photo.qq.com
1007391559.photo.qq.com
1007398033.photo.qq.com
1007416015.photo.qq.com
1007416733.photo.qq.com
1007417676.photo.qq.com
1007417794.photo.qq.com
1007418663.photo.qq.com
1007429193.photo.qq.com
1007580298.photo.qq.com
1007580528.photo.qq.com
1007581215.photo.qq.com
1007585184.photo.qq.com
1007592572.photo.qq.com
100777054.photo.qq.com
1007783037.photo.qq.com
1007783969.photo.qq.com
100791315.photo.qq.com
1007976058.photo.qq.com
1007976329.photo.qq.com
1007976945.photo.qq.com
1007980396.photo.qq.com
1007980474.photo.qq.com
1007981384.photo.qq.com
1007986247.photo.qq.com
1007986770.photo.qq.com
1007989633.photo.qq.com
100806.photo.qq.com
100814.photo.qq.com
10083867.photo.qq.com
10086.qq.com
10086028.photo.qq.com
10086500.photo.qq.com
10086760.photo.qq.com
10086804.photo.qq.com
10090784.photo.qq.com
1009180324.photo.qq.com
1009183994.photo.qq.com
1009184451.photo.qq.com
1009188414.photo.qq.com
1009190709.photo.qq.com
100924533.user.qbar.qq.com
10092659.photo.qq.com
10093018.photo.qq.com
1009305060.user.qbar.qq.com
1009350389.photo.qq.com
1009389748.photo.qq.com
100942233.user.qbar.qq.com
10095530.photo.qq.com
1009572103.photo.qq.com
1009573536.photo.qq.com
1009576059.photo.qq.com
1009578227.photo.qq.com
1009578778.photo.qq.com
1009579558.photo.qq.com
1009579925.photo.qq.com
1009580419.photo.qq.com
1009581965.photo.qq.com
1009584816.photo.qq.com
1009585948.photo.qq.com
1009594337.photo.qq.com
1009595884.photo.qq.com
1009596243.photo.qq.com
1009598498.photo.qq.com
1009599843.photo.qq.com
1009603970.photo.qq.com
1009778300.photo.qq.com
1009778546.photo.qq.com
1009778553.photo.qq.com
1009779908.photo.qq.com
1009785638.photo.qq.com
1009786496.photo.qq.com
10098042.photo.qq.com
10098060.photo.qq.com
10099.photo.qq.com
1009945.user.qbar.qq.com
100w.qq.com
100wan.qq.com
100xue.ke.qq.com
101.qq.com
1010.pt.3g.qq.com
1010174797.photo.qq.com
1010174884.photo.qq.com
1010175016.photo.qq.com
1010176491.photo.qq.com
1010178196.photo.qq.com
1010178856.photo.qq.com
1010185943.photo.qq.com
101030.photo.qq.com
1010380482.photo.qq.com
101041.qzone.qq.com
1010563240.photo.qq.com
1010563453.photo.qq.com
1010563708.photo.qq.com
1010568.photo.qq.com
1010568985.photo.qq.com
1010611326.photo.qq.com
1010612599.photo.qq.com
1010615338.photo.qq.com
1010616779.photo.qq.com
1010683946.photo.qq.com
1010689234.photo.qq.com
1010788263.photo.qq.com
1010790371.photo.qq.com
1010790465.photo.qq.com
1010791186.photo.qq.com
1010791963.photo.qq.com
1010793052.photo.qq.com
1010794182.photo.qq.com
1010794193.photo.qq.com
1010803647.photo.qq.com
1011183581.photo.qq.com
1011183701.photo.qq.com
1011184689.photo.qq.com
1011185.photo.qq.com
1011185445.photo.qq.com
1011185628.photo.qq.com
1011187062.photo.qq.com
1011187957.photo.qq.com
1011188.photo.qq.com
1011195482.photo.qq.com
10112725.photo.qq.com
1011374265.photo.qq.com
1011375685.photo.qq.com
1011375926.photo.qq.com
1011376615.photo.qq.com
1011376626.photo.qq.com
1011377250.photo.qq.com
1011378003.photo.qq.com
1011378335.photo.qq.com
1011379535.photo.qq.com
1011386131.photo.qq.com
10113869.photo.qq.com
10114036.photo.qq.com
1011778128.photo.qq.com
1011782904.photo.qq.com
1011784318.photo.qq.com
1011784683.photo.qq.com
10118275.photo.qq.com
10119199.photo.qq.com
1012013984.photo.qq.com
1012014088.photo.qq.com
1012014489.photo.qq.com
1012014846.photo.qq.com
1012015200.photo.qq.com
1012016282.photo.qq.com
1012016449.photo.qq.com
10120788.photo.qq.com
101219.photo.qq.com
10122212.photo.qq.com
101225.photo.qq.com
1012331.photo.qq.com
1012382354.photo.qq.com
1012386063.photo.qq.com
1012386230.photo.qq.com
1012386282.photo.qq.com
1012386532.photo.qq.com
1012388035.photo.qq.com
1012609880.photo.qq.com
1012785833.photo.qq.com
1012788416.photo.qq.com
10129260.photo.qq.com
1012978601.photo.qq.com
1012979405.photo.qq.com
1012984475.photo.qq.com
1012986221.photo.qq.com
1012988731.photo.qq.com
1012998276.photo.qq.com
1012999357.photo.qq.com
10130070.photo.qq.com
1013063.photo.qq.com
10130913.photo.qq.com
10132171.photo.qq.com
1013286047.photo.qq.com
1013286634.photo.qq.com
1013286837.photo.qq.com
1013287515.photo.qq.com
1013288426.photo.qq.com
1013288980.photo.qq.com
1013292257.photo.qq.com
10133356.photo.qq.com
10133554.photo.qq.com
1013374124.photo.qq.com
1013382557.photo.qq.com
1013383880.photo.qq.com
1013388425.photo.qq.com
1013389169.photo.qq.com
1013572072.photo.qq.com
1013577943.photo.qq.com
1013578540.photo.qq.com
1013579851.photo.qq.com
1013580395.photo.qq.com
122txt.5d6d.org
126qq.5d6d.org
16kkk.5d6d.org
219.5d6d.org
2255.5d6d.org
27yla.5d6d.org
51791.5d6d.org
52down.5d6d.org
5d6d.org
88txt.5d6d.org
8fenqian.5d6d.org
aichenchen.5d6d.org
aptclz7.5d6d.org
av999.5d6d.org
baotu.5d6d.org
bun.5d6d.org
cainiaojidi.5d6d.org
cfcf2012.5d6d.org
gougou.5d6d.org
guobailu.5d6d.org
gyedt.5d6d.org
hh9999.5d6d.org
jayjr.5d6d.org
jsj0931.5d6d.org
lxllxllxl666.5d6d.org
meishi56.5d6d.org
mplay.5d6d.org
qq119.5d6d.org
qqhao.5d6d.org
qqjunqi.5d6d.org
uuun.5d6d.org
wujinw.5d6d.org
xxzy.5d6d.org
xzyuwen.5d6d.org
yadan.5d6d.org
yxmi.5d6d.org
zgg.5d6d.org
zhangjinchao.5d6d.org
zjgyc.5d6d.org
weihai.5d6d.org
tt9999.5d6d.org
skylm.5d6d.org
pp.a.5d6d.org
lvyehd.5d6d.org
a5mp3.5d6d.org
yyets.5d6d.org
cyn31.com
www.cyn31.com
bmw115.com
www.bmw115.com
baidu3000sf.com
www.baidu3000sf.com
fax3b9.com
www.fax3b9.com
axl3d7.com
www.axl3d7.com
dev.discuz.org
discuz.org
accessibilityunion.org
www.accessibilityunion.org
prayaya.org
www.prayaya.org
www.tencentfoundation.org
tencentfoundation.org
17q.qq.com
5s.qq.com
act.qq.com
b.qq.com
bns.qq.com
book.qq.com
ccs.qq.com
cf.qq.com
codol.qq.com
comfort.qq.com
fanta.qq.com
fen.qq.com
guanjia.qq.com
hon.qq.com
house.qq.com
0.23sweb.qbar.qq.com
0.3g.qq.com
0.9.6www.exp.dl.7.qq.com
007.gamebbs.qq.com
007.qq.com
02opera.wap.3g.qq.com
0715000user.qbar.qq.com
0799251238.user.qbar.qq.com
0km.qq.com
0www.90pao.cn988jj.concdn.dl.7.qq.com
1.2httpstatic.video.qq.com
1.3.kf.3g.qq.com
1.3g.qq.com
1.6.6rc.qzone.qq.com
1.cdn.dl.7.qq.com
1.pay.3g.qq.com_pay.3g.qq.com
1.qq.com
1.qqdnf.qzone.qq.com
1.t.qq.com
1.ti.3g.qq.com
1.user.qbar.qq.com
1.wap.3g.qq.com
1.web.qbar.qq.com
10.3g.qq.com
10.buy.qq.com
10.qq.com
10.www.wap.3g.qq.com
10000.qq.com
10000.user.qbar.qq.com
100000028.photo.qq.com
100000956.photo.qq.com
100001650.photo.qq.com
100006289.photo.qq.com
100006811.photo.qq.com
100006901.photo.qq.com
100009935.photo.qq.com
10001.qzone.qq.com
10001.video.qq.com
100010958.photo.qq.com
100016318.photo.qq.com
10003781.photo.qq.com
10004244.photo.qq.com
10005054.photo.qq.com
100060212.photo.qq.com
100064222.photo.qq.com
100065474.photo.qq.com
100068708.photo.qq.com
100079188.114.qq.com
100079188.qzone.qq.com
10007980.user.qbar.qq.com
100080028.photo.qq.com
100080487.photo.qq.com
100080681.photo.qq.com
100082933.photo.qq.com
100084523.photo.qq.com
10009292.photo.qq.com
1000dpi-pay.3g.qq.com
10010.qq.com
10010721.photo.qq.com
10011587.photo.qq.com
10012017.photo.qq.com
10012282.photo.qq.com
100183154.photo.qq.com
100192821.photo.qq.com
1002013972.photo.qq.com
1002014699.photo.qq.com
1002014826.photo.qq.com
1002016504.photo.qq.com
1002016814.photo.qq.com
1002018287.photo.qq.com
1002018736.photo.qq.com
10020pt.www.3g.qq.com
1002102854.photo.qq.com
1002153022.photo.qq.com
1002157199.photo.qq.com
1002158712.photo.qq.com
1002159127.photo.qq.com
1002177396.photo.qq.com
1002180177.photo.qq.com
1002180530.photo.qq.com
1002181568.photo.qq.com
1002182471.photo.qq.com
1002183001.photo.qq.com
1002183481.photo.qq.com
1002184135.photo.qq.com
1002185032.photo.qq.com
1002185204.photo.qq.com
1002187030.photo.qq.com
1002187222.photo.qq.com
1002187413.photo.qq.com
1002188263.photo.qq.com
1002190543.photo.qq.com
10022104.photo.qq.com
10022207.photo.qq.com
1002352.photo.qq.com
1002386216.photo.qq.com
1002387233.photo.qq.com
1002388542.photo.qq.com
1002390321.photo.qq.com
1002390824.photo.qq.com
1002395010.photo.qq.com
1002396806.photo.qq.com
1002404851.photo.qq.com
1002405290.photo.qq.com
1002476244.photo.qq.com
10024942.photo.qq.com
10026865.photo.qq.com
1002775849.photo.qq.com
1002775997.photo.qq.com
1002778243.photo.qq.com
1002778687.photo.qq.com
1002784130.photo.qq.com
100279888.photo.qq.com
1002974079.photo.qq.com
1002974687.photo.qq.com
1002975519.photo.qq.com
1002981148.photo.qq.com
1002981935.photo.qq.com
1002982203.photo.qq.com
1002983976.photo.qq.com
1003125907.photo.qq.com
1003127046.photo.qq.com
1003127857.photo.qq.com
1003128103.photo.qq.com
1003128986.photo.qq.com
1003130817.photo.qq.com
1003131342.photo.qq.com
1003133394.photo.qq.com
1003133626.photo.qq.com
1003134973.photo.qq.com
1003134998.photo.qq.com
1003135791.photo.qq.com
1003137292.photo.qq.com
1003137657.photo.qq.com
1003138363.photo.qq.com
1003138459.photo.qq.com
1003139851.photo.qq.com
1003142652.photo.qq.com
1003174451.photo.qq.com
100322098.user.qbar.qq.com
100322125.photo.qq.com
10033319.photo.qq.com
1003344474.photo.qq.com
1003345000.photo.qq.com
1003348069.photo.qq.com
1003349240.photo.qq.com
1003349554.photo.qq.com
1003350501.photo.qq.com
1003351140.photo.qq.com
1003351375.photo.qq.com
1003356091.photo.qq.com
10033588.photo.qq.com
10033616.photo.qq.com
1003371832.photo.qq.com
1003372426.photo.qq.com
1003373123.photo.qq.com
1003374322.photo.qq.com
1003375119.photo.qq.com
1003376968.photo.qq.com
1003391175.photo.qq.com
10035611.photo.qq.com
1003571809.photo.qq.com
1003572207.photo.qq.com
1003572336.photo.qq.com
1003572734.photo.qq.com
1003581854.photo.qq.com
1003582361.photo.qq.com
10037745.photo.qq.com
1003782496.photo.qq.com
1003782682.photo.qq.com
1003782917.photo.qq.com
1003980534.photo.qq.com
1003982089.photo.qq.com
1003989904.photo.qq.com
1004000922.photo.qq.com
1004184451.photo.qq.com
1004380144.photo.qq.com
1004390091.photo.qq.com
1004571855.photo.qq.com
1004575580.photo.qq.com
1004579075.photo.qq.com
1004579295.photo.qq.com
1004585975.photo.qq.com
1004586305.photo.qq.com
1004586671.photo.qq.com
1004586960.photo.qq.com
1004774116.photo.qq.com
1004775914.photo.qq.com
1004779927.photo.qq.com
1004780730.photo.qq.com
1004781597.photo.qq.com
1004984509.photo.qq.com
1004986803.photo.qq.com
1005114.photo.qq.com
1005186535.photo.qq.com
1005190605.photo.qq.com
1005197961.photo.qq.com
1005386992.photo.qq.com
1005392753.photo.qq.com
10054464.photo.qq.com
1005580082.photo.qq.com
1005584456.photo.qq.com
1005587930.photo.qq.com
1005589045.photo.qq.com
1005589277.photo.qq.com
1005590385.photo.qq.com
1005591498.photo.qq.com
1005592171.photo.qq.com
1005592229.photo.qq.com
1005593445.photo.qq.com
1005593613.photo.qq.com
1005596713.photo.qq.com
1005782323.photo.qq.com
1005790039.photo.qq.com
100579892.photo.qq.com
100580255.photo.qq.com
100581617.photo.qq.com
100583084.photo.qq.com
100586039.photo.qq.com
10061027.photo.qq.com
1006128.photo.qq.com
100615799.kf.ieodopen.qq.com
100616028.kf.ieodopen.qq.com
100616996.kf.ieodopen.qq.com
1006188485.photo.qq.com
100621282.kf.ieodopen.qq.com
100621590.kf.ieodopen.qq.com
100622829.kf.ieodopen.qq.com
100627185.kf.ieodopen.qq.com
100627204.kf.ieodopen.qq.com
100630439.kf.ieodopen.qq.com
100630595.kf.ieodopen.qq.com
1006331187.photo.qq.com
1006332309.photo.qq.com
1006332408.photo.qq.com
1006336563.photo.qq.com
100634162.kf.ieodopen.qq.com
100634204.kf.ieodopen.qq.com
100637661.kf.ieodopen.qq.com
100643119.kf.ieodopen.qq.com
10064483.photo.qq.com
100645087.kf.ieodopen.qq.com
1006487445.photo.qq.com
10065139.photo.qq.com
100655031.kf.ieodopen.qq.com
10065779.photo.qq.com
1006646737.photo.qq.com
1006646768.photo.qq.com
1006646886.photo.qq.com
1006647039.photo.qq.com
1006647975.photo.qq.com
1006648644.photo.qq.com
1006649518.photo.qq.com
1006649803.photo.qq.com
1006651665.photo.qq.com
1006653017.photo.qq.com
100666419.kf.ieodopen.qq.com
1006722580.photo.qq.com
1006785800.qzone.qq.com1006785800.qzone.qq.com
10068017.photo.qq.com
100684508.kf.ieodopen.qq.com
1006848242.photo.qq.com
100689072.kf.ieodopen.qq.com
1006923.photo.qq.com
1006978090.photo.qq.com
1006980447.photo.qq.com
1006980463.photo.qq.com
1006986485.photo.qq.com
1006989905.photo.qq.com
1006990247.photo.qq.com
1006990315.photo.qq.com
1006996128.photo.qq.com
1006996175.photo.qq.com
1006997367.photo.qq.com
1006999683.photo.qq.com
100705636.photo.qq.com
1007174027.photo.qq.com
1007179239.photo.qq.com
1007179583.photo.qq.com
1007180103.photo.qq.com
1007180881.photo.qq.com
1007182696.photo.qq.com
1007184815.photo.qq.com
1007187037.photo.qq.com
100723.photo.qq.com
1007374512.photo.qq.com
1007377850.photo.qq.com
1007378041.photo.qq.com
1007378123.photo.qq.com
1007379321.photo.qq.com
1007379665.photo.qq.com
1007380468.photo.qq.com
1007381984.photo.qq.com
1007383086.photo.qq.com
1007391559.photo.qq.com
1007398033.photo.qq.com
1007416015.photo.qq.com
1007416733.photo.qq.com
1007417676.photo.qq.com
1007417794.photo.qq.com
1007418663.photo.qq.com
1007429193.photo.qq.com
1007580298.photo.qq.com
1007580528.photo.qq.com
1007581215.photo.qq.com
1007585184.photo.qq.com
1007592572.photo.qq.com
100777054.photo.qq.com
1007783037.photo.qq.com
1007783969.photo.qq.com
100791315.photo.qq.com
1007976058.photo.qq.com
1007976329.photo.qq.com
1007976945.photo.qq.com
1007980396.photo.qq.com
1007980474.photo.qq.com
1007981384.photo.qq.com
1007986247.photo.qq.com
1007986770.photo.qq.com
1007989633.photo.qq.com
100806.photo.qq.com
100814.photo.qq.com
10083867.photo.qq.com
10086.qq.com
10086028.photo.qq.com
10086500.photo.qq.com
10086760.photo.qq.com
10086804.photo.qq.com
10090784.photo.qq.com
1009180324.photo.qq.com
1009183994.photo.qq.com
1009184451.photo.qq.com
1009188414.photo.qq.com
1009190709.photo.qq.com
100924533.user.qbar.qq.com
10092659.photo.qq.com
10093018.photo.qq.com
1009305060.user.qbar.qq.com
1009350389.photo.qq.com
1009389748.photo.qq.com
100942233.user.qbar.qq.com
10095530.photo.qq.com
1009572103.photo.qq.com
1009573536.photo.qq.com
1009576059.photo.qq.com
1009578227.photo.qq.com
1009578778.photo.qq.com
1009579558.photo.qq.com
1009579925.photo.qq.com
1009580419.photo.qq.com
1009581965.photo.qq.com
1009584816.photo.qq.com
1009585948.photo.qq.com
1009594337.photo.qq.com
1009595884.photo.qq.com
1009596243.photo.qq.com
1009598498.photo.qq.com
1009599843.photo.qq.com
1009603970.photo.qq.com
1009778300.photo.qq.com
1009778546.photo.qq.com
1009778553.photo.qq.com
1009779908.photo.qq.com
1009785638.photo.qq.com
1009786496.photo.qq.com
10098042.photo.qq.com
10098060.photo.qq.com
10099.photo.qq.com
1009945.user.qbar.qq.com
100w.qq.com
100wan.qq.com
100xue.ke.qq.com
101.qq.com
1010.pt.3g.qq.com
1010174797.photo.qq.com
1010174884.photo.qq.com
1010175016.photo.qq.com
1010176491.photo.qq.com
1010178196.photo.qq.com
1010178856.photo.qq.com
1010185943.photo.qq.com
101030.photo.qq.com
1010380482.photo.qq.com
101041.qzone.qq.com
1010563240.photo.qq.com
1010563453.photo.qq.com
1010563708.photo.qq.com
1010568.photo.qq.com
1010568985.photo.qq.com
1010611326.photo.qq.com
1010612599.photo.qq.com
1010615338.photo.qq.com
1010616779.photo.qq.com
1010683946.photo.qq.com
1010689234.photo.qq.com
1010788263.photo.qq.com
1010790371.photo.qq.com
1010790465.photo.qq.com
1010791186.photo.qq.com
1010791963.photo.qq.com
1010793052.photo.qq.com
1010794182.photo.qq.com
1010794193.photo.qq.com
1010803647.photo.qq.com
1011183581.photo.qq.com
1011183701.photo.qq.com
1011184689.photo.qq.com
1011185.photo.qq.com
1011185445.photo.qq.com
1011185628.photo.qq.com
1011187062.photo.qq.com
1011187957.photo.qq.com
1011188.photo.qq.com
1011195482.photo.qq.com
10112725.photo.qq.com
1011374265.photo.qq.com
1011375685.photo.qq.com
1011375926.photo.qq.com
1011376615.photo.qq.com
1011376626.photo.qq.com
1011377250.photo.qq.com
1011378003.photo.qq.com
1011378335.photo.qq.com
1011379535.photo.qq.com
1011386131.photo.qq.com
10113869.photo.qq.com
10114036.photo.qq.com
1011778128.photo.qq.com
1011782904.photo.qq.com
1011784318.photo.qq.com
1011784683.photo.qq.com
10118275.photo.qq.com
10119199.photo.qq.com
1012013984.photo.qq.com
1012014088.photo.qq.com
1012014489.photo.qq.com
1012014846.photo.qq.com
1012015200.photo.qq.com
1012016282.photo.qq.com
1012016449.photo.qq.com
10120788.photo.qq.com
101219.photo.qq.com
10122212.photo.qq.com
101225.photo.qq.com
1012331.photo.qq.com
1012382354.photo.qq.com
1012386063.photo.qq.com
1012386230.photo.qq.com
1012386282.photo.qq.com
1012386532.photo.qq.com
1012388035.photo.qq.com
1012609880.photo.qq.com
1012785833.photo.qq.com
1012788416.photo.qq.com
10129260.photo.qq.com
1012978601.photo.qq.com
1012979405.photo.qq.com
1012984475.photo.qq.com
1012986221.photo.qq.com
1012988731.photo.qq.com
1012998276.photo.qq.com
1012999357.photo.qq.com
10130070.photo.qq.com
1013063.photo.qq.com
10130913.photo.qq.com
10132171.photo.qq.com
1013286047.photo.qq.com
1013286634.photo.qq.com
1013286837.photo.qq.com
1013287515.photo.qq.com
1013288426.photo.qq.com
1013288980.photo.qq.com
1013292257.photo.qq.com
10133356.photo.qq.com
10133554.photo.qq.com
1013374124.photo.qq.com
1013382557.photo.qq.com
1013383880.photo.qq.com
1013388425.photo.qq.com
1013389169.photo.qq.com
1013572072.photo.qq.com
1013577943.photo.qq.com
1013578540.photo.qq.com
1013579851.photo.qq.com
1013580395.photo.qq.com
0451study.com
www.0451study.com
www.changchunr.com
changchunr.com
ebtcall.com
www.ebtcall.com
mybe.tv
www.mybe.tv
aixiaofei.com
www.aixiaofei.com
badasheng998.com
www.badasheng998.com
2hack.org
www.2hack.org
bcwo8.com
beijingzuqiuchangdichuzu.wanbangpx.com
fengkuangzuqiudi3ji.wanbangpx.com
fsouguanzuqiugonglue.wanbangpx.com
tianjinshineizuqiuchang.wanbangpx.com
wanbangpx.com
www.wanbangpx.com
xinzuqiuxiaojiangshiqingpianguoyu.wanbangpx.com
yingchaozuqiu.wanbangpx.com
zhongyang5taizaixianzhibozuqiu.wanbangpx.com
zuqiuxiaozidakongyijuezhaoshi.wanbangpx.com
xinzuqiuxiaojiangshijiebeipian.wanbangpx.com
songdaizuqiuxiaojiangdi41ji.wanbangpx.com
pspzuqiu.wanbangpx.com
www.82666332.com
82666332.com
www.scjyo.com
scjyo.com
bjpbjy.net
www.bjpbjy.net
072014-7-1.lt39.biz
0s9.lt39.biz
lt39.biz
mz23.1cww.lt39.biz
ur.4de59.lt39.biz
au5qap.laomu.org
laomu.org
nozpf0.laomu.org
0al6nm.35774.org
35774.org
3zm5jt.35774.org
4i7f44.35774.org
5rbvky.35774.org
cdmrmrmfxx.com
www.cdmrmrmfxx.com
chinabu.org
www.chinabu.org
chinacsra.org
www.chinacsra.org
400.223.024855.cqbdkj.com
785.206.825137.cqbdkj.com
801.151.220722.cqbdkj.com
999.366.064837.cqbdkj.com
cqbdkj.com
cyfdj.org
www.cyfdj.org
xiaotianegongyexiyiji.cyfdj.org
cndxcy.com
www.cndxcy.com
xiumeizu.net
www.xiumeizu.net
55bet.org
www.55bet.org
cdhuafu.com
www.cdhuafu.com
www.xywy.org
xywy.org
zihan918.com
www.zihan918.com
dhmart.info
www.dhmart.info
acgnews.dhmart.info
www.5i-travel.com
5i-travel.com
chintcon.com
www.chintcon.com
gongsidongtai.dirtybro.com
wangshangtiaocha.dirtybro.com
dirtybro.com
beijingguoan.cnpcem.com
cnpcem.com
www.cnpcem.com
youerjiaoyu.cnpcem.com
sponsoruk.com
www.sponsoruk.com
1av64j.haoshou.org
89wvuk.haoshou.org
e7c2we.haoshou.org
e92c1i.haoshou.org
haoshou.org
pcc4xw.haoshou.org
pkvzml.haoshou.org
ugj5ru.haoshou.org
v6wd4n.haoshou.org
yodv1p.haoshou.org
znrfbi.haoshou.org
q0rey2.haoshou.org
qqzone.in
www.qqzone.in
qqopenapp.com
s100.app636.qqopenapp.com
s106.app636.qqopenapp.com
s14.app100632186.qqopenapp.com
s15.app33488.qqopenapp.com
s181.app33488.qqopenapp.com
s20.app32689.qqopenapp.com
s225.app33488.qqopenapp.com
s26.app100618417.qqopenapp.com
s26.app30713.qqopenapp.com
s3.app1101337509.qqopenapp.com
s30.app100634162.qqopenapp.com
s30.app878.qqopenapp.com
s37.app636.qqopenapp.com
s4.app100627941.qqopenapp.com
s4.app100649665.qqopenapp.com
s4.app32689.qqopenapp.com
s50.app33488.qqopenapp.com
s50.app878.qqopenapp.com
s52.app27550.qqopenapp.com
s58.app100688853.qqopenapp.com
s66.app30713.qqopenapp.com
s8.app100649665.qqopenapp.com
s8.app878.qqopenapp.com
s95.app636.qqopenapp.com
s136.app636.qqopenapp.com
s53.app100649665.qqopenapp.com
a.myapp.com
a.wap.cs0309.myapp.com
a.wap.myapp.com
act.myapp.com
android.myapp.com
aw.myapp.com
bao.myapp.com
bbs.myapp.com
dd.myapp.com
ex2.myapp.com
haina.myapp.com
i.myapp.com
ios.myapp.com
m.myapp.com
myapp.com
open.myapp.com
s.myapp.com
stu.myapp.com
tap.myapp.com
tx.myapp.com
w.myapp.com
wap.cs0309.myapp.com
wap.myapp.com
wp7.myapp.com
www.myapp.com
yingyongbao.myapp.com
yyb.myapp.com
zhushou.myapp.com
zs.myapp.com
71app.com
www.71app.com
wechatmessenger.com
m.taotao.com
taotao.com
wap.taotao.com
www.taotao.com
0001z.5d6d.com
000610.5d6d.com
000802.5d6d.com
000888.5d6d.com
0015.5d6d.com
001kaixin.5d6d.com
00271-com.5d6d.com
00271com-00271.5d6d.com
002jj.5d6d.com
002pc.5d6d.com
0057.5d6d.com
00589.5d6d.com
0058yx.5d6d.com
00746.5d6d.com
00768.5d6d.com
007ao.5d6d.com
007fish.5d6d.com
007sj.5d6d.com
0084.5d6d.com
008et.5d6d.com
00ss.5d6d.com
00t.5d6d.com
0101e.5d6d.com
010204.5d6d.com
01wang.5d6d.com
01wz.5d6d.com
020axcd.5d6d.com
020zx.5d6d.com
021d.5d6d.com
021shfs.5d6d.com
022.5d6d.com
022zk.5d6d.com
02310.5d6d.com
023bmw.5d6d.com
023jz.5d6d.com
024.5d6d.com
024sq.5d6d.com
024yes.5d6d.com
025mm.5d6d.com
025shequ.5d6d.com
027.5d6d.com
027dv.5d6d.com
027dz.5d6d.com
027founder.5d6d.com
027love.5d6d.com
028.5d6d.com
028cafe.5d6d.com
028edu.5d6d.com
028hyjq.5d6d.com
028sd.5d6d.com
029.5d6d.com
029e.5d6d.com
029educom.5d6d.com
029xf.5d6d.com
029xp.5d6d.com
02eeee.5d6d.com
0301.5d6d.com
0311lh.5d6d.com
0319.5d6d.com
0319xt.5d6d.com
032300.5d6d.com
0351.5d6d.com
03560.5d6d.com
0358.5d6d.com
037123.5d6d.com
0377.5d6d.com
037756.5d6d.com
0377dz.5d6d.com
0378dv.5d6d.com
0378kf.5d6d.com
0396baby.5d6d.com
0410365.5d6d.com
0411psp.5d6d.com
0411sylphy.5d6d.com
0412lt.5d6d.com
0414bx.5d6d.com
0418.5d6d.com
0435.5d6d.com
0438.5d6d.com
0439.5d6d.com
0451.5d6d.com
0451seo.5d6d.com
0453.5d6d.com
0471.5d6d.com
0475.5d6d.com
0478.5d6d.com
048300.5d6d.com
04fs.5d6d.com
04wyt.5d6d.com
05044401.5d6d.com
0510.5d6d.com
05125.5d6d.com
0512sp.5d6d.com
05130.5d6d.com
05168.5d6d.com
0516liao.5d6d.com
0516xuliao.5d6d.com
0517bbs.5d6d.com
0517jy.5d6d.com
0518001.5d6d.com
0527sh.5d6d.com
0530cy.5d6d.com
0531gx.5d6d.com
0531gxxx.5d6d.com
0532xiaonei.5d6d.com
0533-10086.5d6d.com
0533lthw.5d6d.com
0533zbyy.5d6d.com
0538com.5d6d.com
0539d.5d6d.com
0539yn.5d6d.com
0543.5d6d.com
055188.5d6d.com
0551dazhe.5d6d.com
0552baby.5d6d.com
0554huainan.5d6d.com
0554net.5d6d.com
0556sj.5d6d.com
0557.5d6d.com
0563008.5d6d.com
0563lt.5d6d.com
057150.5d6d.com
0571d.5d6d.com
0571jh.5d6d.com
0572.5d6d.com
0574jz.5d6d.com
0574xp.5d6d.com
0577kq.5d6d.com
0577py.5d6d.com
0577yule.5d6d.com
0578ka.5d6d.com
0579j.5d6d.com
0591jz.5d6d.com
0593.5d6d.com
0595ad.5d6d.com
0596qc.5d6d.com
0596yx.5d6d.com
0598.5d6d.com
0598xs.5d6d.com
05eee-05eee.5d6d.com
05gz.5d6d.com
05kangfu.5d6d.com
063000.5d6d.com
0632xp.5d6d.com
0633city.5d6d.com
0660hw.5d6d.com
0662news.5d6d.com
0663515223.5d6d.com
0668.5d6d.com
06681987.5d6d.com
0668mm.5d6d.com
0668pc.5d6d.com
0668zsj.5d6d.com
06dg.5d6d.com
06jjx.5d6d.com
06tujian.5d6d.com
06wg1.5d6d.com
07073.5d6d.com
0712.5d6d.com
07127.5d6d.com
0713e.5d6d.com
0714club.5d6d.com
0714cn.5d6d.com
0719cm.5d6d.com
0719ol.5d6d.com
0722wangshang.5d6d.com
0724jm.5d6d.com
0731hefan.5d6d.com
0736nanke.5d6d.com
0737chk.5d6d.com
0750.5d6d.com
0750heshan.5d6d.com
0751xf.5d6d.com
0753.5d6d.com
0754.5d6d.com
0754hm.5d6d.com
0754xs.5d6d.com
0755job.5d6d.com
0756.5d6d.com
0757qqbb.5d6d.com
0760pk.5d6d.com
0763.5d6d.com
0763club.5d6d.com
0766ldbike.5d6d.com
0768.5d6d.com
0769shop.5d6d.com
077777.5d6d.com
0789.5d6d.com
0790fenyi.5d6d.com
0793w.5d6d.com
0794.5d6d.com
0795.5d6d.com
07968114.5d6d.com
0797com.5d6d.com
0797rencai.5d6d.com
0799.5d6d.com
07qiliu.5d6d.com
080cg.5d6d.com
0817.5d6d.com
0817sclt.5d6d.com
08325.5d6d.com
0851gy.5d6d.com
0851wj.5d6d.com
0852888.5d6d.com
0857114.5d6d.com
0858sq.5d6d.com
086hr.5d6d.com
08cst.5d6d.com
08mobile-suit.5d6d.com
08net2.5d6d.com
0911a.5d6d.com
0952.5d6d.com
0992.5d6d.com
0bi.5d6d.com
0d1d2d3d4d.5d6d.com
100000583.5d6d.com
100000x.5d6d.com
10000w.5d6d.com
1000kd.5d6d.com
1000sifa.5d6d.com
100hua.5d6d.com
100jia.5d6d.com
100qq.5d6d.com
100qq.5d6d.com.qqhao.5d6d.com
100qq.5d6d.com.xjljs100qq.5d6d.com
100qq.5d6d.com.yoy0yoyo100qq.5d6d.com
100w.5d6d.com
100xuexi.5d6d.com
1024m.5d6d.com
102yk.5d6d.com
1067778787.5d6d.com
1070.5d6d.com
108051.5d6d.com
10online.5d6d.com
10qq.5d6d.com
10yhome.5d6d.com
110120.110120.5d6d.com
110120.5d6d.com
110139.5d6d.com
110xy.5d6d.com
1110139.5d6d.com
11111.5d6d.com
11119.5d6d.com
111222.5d6d.com
1116.5d6d.com
111778.5d6d.com
112k.5d6d.com
1144yyy.5d6d.com
114bt.5d6d.com
114cai.5d6d.com
114dali.5d6d.com
114tao.5d6d.com
114zx.5d6d.com
116119.5d6d.com
117f.5d6d.com
118114cha.5d6d.com
11995677.5d6d.com
119b.5d6d.com
119sushe.5d6d.com
119xiaofang.5d6d.com
11chun.5d6d.com
11ds.5d6d.com
11f.5d6d.com
11players.5d6d.com
11shequ.5d6d.com
11ssmm.5d6d.com
1200.5d6d.com
12005800.5d6d.com
1202.5d6d.com
1216.5d6d.com
1224186746.5d6d.com
122txt.5d6d.com
1234110.5d6d.com
123456.5d6d.com
123456789.5d6d.com
123456go.5d6d.com
1234yjj.5d6d.com
1235.5d6d.com
123783.5d6d.com
123dz.5d6d.com
123fun.5d6d.com
123hot.5d6d.com
123shi.5d6d.com
12568.5d6d.com
126qq.5d6d.com
126ren.5d6d.com
12ddd.5d6d.com
12dddd.5d6d.com
12js.5d6d.com
12txt.5d6d.com
12xx.5d6d.com
130.5d6d.com
130590419.5d6d.com
1314cn.5d6d.com
1314koc.5d6d.com
13276244.5d6d.com
13603884714.5d6d.com
136hi.5d6d.com
1370250002.5d6d.com
1375.5d6d.com
138wuming.5d6d.com
1390393.5d6d.com
1390511.5d6d.com
1393.5d6d.com
13ddd.5d6d.com
13ddd13.5d6d.com
14080.5d6d.com
14561.5d6d.com
14989.5d6d.com
14ccc.5d6d.com
14ddd-14ddd.5d6d.com
14ddd-com.5d6d.com
14dddd.5d6d.com
14iii14.5d6d.com
15023.5d6d.com
150588.5d6d.com
15151.5d6d.com
1516.5d6d.com
155dj.5d6d.com
1566dj.5d6d.com
156abcdexst.5d6d.com
1573au.5d6d.com
158.5d6d.com
158taobao.5d6d.com
158wan.5d6d.com
1596war3sucai.5d6d.com
15ddd15.5d6d.com
15iiicom.5d6d.com
15iiii.5d6d.com
1616.5d6d.com
1626.5d6d.com
162s.5d6d.com
163dx.5d6d.com
163dyy.5d6d.com
163mz.5d6d.com
163txt.5d6d.com
163wy.5d6d.com
163wz.5d6d.com
1645488.5d6d.com
16783.5d6d.com
16788.5d6d.com
1688.5d6d.com
16888.5d6d.com
1689.5d6d.com
168998.5d6d.com
168cpw.5d6d.com
168wangzhuan.5d6d.com
168wxlt.5d6d.com
168yx.5d6d.com
16kkk.5d6d.com
16kkk.5d6d.com16kkk.5d6d.com
16wz.5d6d.com
16yeah.5d6d.com
1716.5d6d.com
17168.5d6d.com
1717.5d6d.com
171700.5d6d.com
17173wow.5d6d.com
17178wz.5d6d.com
1717mu.5d6d.com
1718dj.5d6d.com
1723yx.5d6d.com
17261.5d6d.com
173.5d6d.com
1738.5d6d.com
17398.5d6d.com
173xsw.5d6d.com
175193766.5d6d.com
1759717772.5d6d.com
175ba.5d6d.com
175ptts.5d6d.com
175ssc.5d6d.com
175xj.5d6d.com
175zbq.5d6d.com
177wz.5d6d.com
177ym.5d6d.com
178178.5d6d.com
1783org.5d6d.com
178xy.5d6d.com
17911.5d6d.com
1797aion.5d6d.com
179971.5d6d.com
179cs.5d6d.com
179tk.5d6d.com
17buy.5d6d.com
17d2.5d6d.com
17f.5d6d.com
17hlg.5d6d.com
17jfz.5d6d.com
17jianzhi.5d6d.com
17jianzhi.5d6d.com_52down.5d6d.com
17jz8.5d6d.com
17kunlun.5d6d.com
17laowu.5d6d.com
17lyou.5d6d.com
17sanguosha.5d6d.com
17se.5d6d.com
17tao.5d6d.com
17tao8.5d6d.com
17taoke.5d6d.com
17taotao8.5d6d.com
17wjz.5d6d.com
17wow.5d6d.com
17yingxiao.5d6d.com
17z8.5d6d.com
17zqb.5d6d.com
17zy.5d6d.com
180jia70.5d6d.com
1818888.5d6d.com
181cm.5d6d.com
182.5d6d.com
1836.5d6d.com
1839.5d6d.com
1842.5d6d.com
18650.5d6d.com
18658.5d6d.com
1866.5d6d.com
1868.5d6d.com
186sj.5d6d.com
1872333.5d6d.com
188cm.5d6d.com
188kg.5d6d.com
188zhanyou.5d6d.com
189178.5d6d.com
18969.5d6d.com
18ddd.5d6d.com
18ddd.com_2rentai.5d6d.com
18dddd.5d6d.com
18hhh.5d6d.com
18hhh18hhh.5d6d.com
18hhh-18hhh.5d6d.com
18j.5d6d.com
18jjj-com.5d6d.com
18lou.5d6d.com
18nnn-com.5d6d.com
18ok.5d6d.com
18t.5d6d.com
18zimo.5d6d.com
1900.5d6d.com
19151.5d6d.com
191music.5d6d.com
19596.5d6d.com
1962.5d6d.com
1978054.5d6d.com
19870503.5d6d.com
198team.5d6d.com
1990-1999.5d6d.com
1999.5d6d.com
19aaa.5d6d.com
19bbb.5d6d.com
19bbb-19bbb.5d6d.com
19bbb-com.5d6d.com
19ccc-19ccc.5d6d.com
19cccc.5d6d.com
19ccc-com.5d6d.com
19eee-19eee.5d6d.com
19eee-com.5d6d.com
19sq.5d6d.com
19vvv.5d6d.com
19www.cnose.543322.com.ywjszy.5d6d.com
1a2a.5d6d.com
1b2b.5d6d.com
1by.5d6d.com
1c1c.5d6d.com
1ce.5d6d.com
1d2d3d4d.5d6d.com
1d2dd.5d6d.com
1gonghui.5d6d.com
1hhhh1.5d6d.com
1jinan.5d6d.com
1nan1nv.5d6d.com
1peixun.5d6d.com
1q5.5d6d.com
1school.5d6d.com
1st.5d6d.com
1surveys.5d6d.com
1szt.5d6d.com
1yhacker.5d6d.com
1zhaopin.5d6d.com
1zhengji.5d6d.com
2.5yuet.5d6d.com-www.5yuet.5d6d.com
20000.5d6d.com
20022002.5d6d.com
2005.5d6d.com
2007-2008.5d6d.com
200804.5d6d.com
2008crazy.5d6d.com
2008red.5d6d.com
2008v2.5d6d.com
2008yt.5d6d.com
2009free.5d6d.com
2009sk.5d6d.com
200w.5d6d.com
2010-1.5d6d.com
201012jpsy.5d6d.com
2010dy.5d6d.com
2010hc.5d6d.com
2010ji6ban.5d6d.com
2010yl.5d6d.com
2010zuixindianying.5d6d.com
1054320177.qzone.com
111516196.qzone.com
1116106196.qzone.com
113280387.qzone.com
1194136060.qzone.com
1209103129.qq.qzone.com
121576822.qzone.com
123456.qzone.com
1251233090.qzone.com
1257056678.qq.qzone.com
1258833166.qzone.com
1305428037.qzone.com
1369240749.qzone.com
1748724683.qzone.com
1975766087.qzone.com
19ggg_vip.qzone.com
2243751896.qzone.com
2481129691.qzone.com
249795648.qzone.com
26017039.qzone.com
2640352139.qzone.com
26www.qzone.com
280730316.qzone.com
297976883.qzone.com
329051312.qzone.com
332978034.qzone.com
365821084.qzone.com
373919660.qq.qzone.com
398521446.qzone.com
40-0668-8810usey.qzone.com
491889094.qzone.com
499587615.qzone.com
5.qzone.com
515113902.qzone.com
555tu.com.www.qzone.com
609706885.qzone.com
61478338.qzone.com
626352512.qzone.com
641763205.qzone.com
67.220.91.19.bbs_usey.qzone.com
68103695.qzone.com
68352620.qzone.com
7209748.qzone.com
76159332.qzone.com
8.qzone.com
8157657.qzone.com
823412062qq.qzone.com
83342642.qzone.com
842672165.qzone.com
84924338.qzone.com
854129785.qzone.com
85sss.com_www.qzone.com
89605891.qzone.com
921026977.qzone.com
96xxoowww.se.6nxx.com.cnyake.qzone.com
996681198.qzone.com
99pppp.comwww.qzone.com
b7222ggwww.qzone.com
bbs.zuoqq.tk-www.qzone.com
beijingse.com_vip.qzone.com
c1521.us.to.index.phpwww.qzone.com
changde.qzone.com
com_www.pppwg.com_www.qzone.com
com-www.qbo8.com-www.qzone.com
com-www.qqq252.com-www.qzone.com
con-www.pp958.com-www.qzone.com
con-www.pppwg.com-www.qzone.com
data.qzone.com
devdrv.qzone.com
dian-www.qianlidanqi.net-www.qzone.com
dian-www.qianlidanqi.org-www.qzone.com
gaobibi.tk.comusey.qzone.com
http.qzone.com
http.www.qzone.com
https.www.qzone.com
huanxiangxiang.qzone.com
hxllm.qzone.com
ian.com.cn-www.q1se.com-www.qzone.com
ian.com.cn-www.qqq13.com-www.qzone.com
ian.com.cn-www.qqq258.com-www.qzone.com
imgcache.qzone.com
ip.www.360569241.qq.qzone.com
ip138.qzone.com
lihongqiu.qzone.com
m.qzone.com
me.qzone.com
mic.qzone.com
piaolin.qzone.com
qq.qzone.com
qq21498.qzone.com
qqvip.qzone.com
qvodwww.qzone.com
qzone.com
rc.qzone.com
rrrcom-www.ppp222.com-www.qzone.com
ruan520.qzone.com
se.5nxx.coomwww.leqi.infovip.qzone.com
sejiuse.com_104601218.qzone.com
shanhai.qzone.com
touch.m.qzone.com
ttqsw.infovip.qzone.com
tv5000.www.qzone.com
ui.ptlogin2.qzone.com
user.qq.qzone.com
user.qzone.com
usey.qzone.com
vip.qzone.com
wap.qq.qzone.com
web.mail.qzone.com
ww.11aabb.com.www.qzone.com
ww.53yyy.com.www.69.4usey.qzone.com
ww.qq.qzone.com
ww.qzone.com
www.10000.qzone.com
www.112661238.qzone.com
www.115.com-www.59ddd.com-www.qzone.com
www.115066596.qzone.com
www.1152956182.qzone.com
www.1161337147.qzone.com
www.123018877.qzone.com
www.131494.com.cnfree.97avzc.usyake.qzone.com
www.137981356.qzone.com
www.156sao.info_yyyy10.qzone.com
www.159pp.comwww.seserr.comwww.qzone.com
www.178176726.qzone.com
www.1873614333.qzone.com
www.1919gogo.com.qzone.com
www.1hhh.net.www.qzone.com
www.234802318.qzone.com
www.2459956188.qzone.com
www.284111690.qzone.com
www.312084184.qzone.com
www.312423164.qzone.com
www.333kscom-www.qzone.com
www.357234811.qzone.com
www.376537480.qzone.com
www.377gao.com.www.69.4usey.qzone.com
www.394226784.qzone.com
www.418557988.qzone.com
www.465831492.qzone.com
www.466054839.qzone.com
www.471224568.qzone.com
www.513330359.qzone.com
www.52369200.qzone.com
www.527116979.qzone.com
www.569423870.qzone.com
www.592125438.qzone.com
www.5ase.info_www.qzone.com
www.6.qzone.com
www.641976092.qzone.com
www.644004149.qzone.com
www.655se.com-www.qzone.com
www.69.4usey.qzone.com
www.732880826.qzone.com
www.7d.comwww.333se.cnwww.69.4usey.qzone.com
www.8011792.qq.qzone.com
www.841200435.qzone.com
www.853315961.qzone.com
www.857262474.qzone.com
www.8888.ye.com115252sswww.qzone.com
www.av99.com.www.44dxdx.cpmwww.qzone.com
www.comyishu.com--www.qzone.com
www.cup8.info.comyake.qzone.com
www.ddd138.cm-www.qzone.com
www.guoyuzhoucheng.qzone.com
www.js.qzone.com
www.kuainv.qzone.com
www.lmfj114.qzone.com
www.lyhxfmc.qzone.com
www.m1950.com.www.con123www.qzone.com
www.micstyle.qzone.com
www.mv.kkk.com-www.qzone.com
www.niuniufa.com_www.qqq13.com_www.qzone.com
www.nkb5.com-www.qzone.com
www.pppwg.com-www.qzone6.com-www.qzone.com
www.psthome.com-www.qzone.com
www.qianlidanqi.net-www.pi49.com-www.qzone.com
www.qq.qzone.com
www.qq.zone.com_www.qq.qzone.com
www.qzone6.com-www.pp958.com-www.qzone.com
www.qzone6.comwww.qzone.com
www.qzonewww.qzone.com.www.qzone.com
www.sns.qzone.com
www.the_phoenix.qzone.com
www.user.qzone.com
www.vipppppp.qzone.com
www.xx74.com.www.qzone.com
www.yiyeba.netf4fwww.69.4usey.qzone.com
www.z.qzone.com
www.zf8561.qzone.com
www517pp.comvip.qzone.com
www789paocom_www.qzone.com
www78qqq.com.wwwusey.qzone.com
wwwe2008_www.qzone.com
wwww.5555.se.comjiaingluanlunwww.qzone.com
wwww.mm389.com_www.user.qzone.com
wwww.qzone.com
wwwww.4444kk.comptlogin2.qzone.com
xiaomi.qzone.com
yyyy10.qzone.com
z.qzone.com
zjgame.qzone.com
www.snsdchina.qzone.com
www.seseaa.con_vip.qzone.com
www.qzone.com-www.qzone.com
www.qzone.comwww.qzone.com
www.qzone.com_www.qzone.com
www.qzone.com.www.qzone.com
www.qzone.com.cnw.qzone.com
www.qzone.com
www.nb444.com-www.pmm2.us.com-www.qzone.com
www.mv12.com-www.pppwg.com-www.qzone.com
www.mmpp123.com.www.qunar.comwww.qzone.com
www.hao.qzone.com
www.eqzone.qzone.com
www.971122.com.se.987kxwwww.6comusey.qzone.com
www.82829482.qzone.com
www.54sese.com.www.qzone.com
www.365.tv.660.com.www.79ml.cowww.qzone.com
www.339712271.qzone.com
www.2467160962.qzone.com
www.1844767398.qzone.com
www.179760405.qq.qzone.com
www.1458848164.qzone.com
www.123346121.qq.qzone.com
web.qzone.com
top.qzone.com
suifengxiaozui.qzone.com
sex8.cusey.qzone.com
qqmovie.qzone.com
lvxiangv.qzone.com
bbs.vip.qzone.com
642018837.qzone.com
632687680.qzone.com
6.qzone.com
524025175.qzone.com
316771688.qzone.com
1292554350.qzone.com
000428.5d6d.net
000802.5d6d.net
000show.5d6d.net
001kaixin.5d6d.net
00271-com.5d6d.net
00271com-00271.5d6d.net
002jj.5d6d.net
002pc.5d6d.net
00520.5d6d.net
0057.5d6d.net
00589.5d6d.net
0058yx.5d6d.net
007ao.5d6d.net
007fish.5d6d.net
007iz.5d6d.net
007sj.5d6d.net
00t.5d6d.net
0101e.5d6d.net
010pifa.5d6d.net
012100.5d6d.net
01wang.5d6d.net
01wz.5d6d.net
020zx.5d6d.net
021shfs.5d6d.net
022.5d6d.net
02310.5d6d.net
023itt.5d6d.net
023jz.5d6d.net
023sq.5d6d.net
024yes.5d6d.net
025mm.5d6d.net
025shequ.5d6d.net
027.5d6d.net
027love.5d6d.net
028it.5d6d.net
029.5d6d.net
029300.5d6d.net
029-81981088.5d6d.net
029educom.5d6d.net
029xf.5d6d.net
029xianren.5d6d.net
029xp.5d6d.net
0319xt.5d6d.net
0350dx.5d6d.net
03560.5d6d.net
0358.5d6d.net
0371.5d6d.net
037123.5d6d.net
0373.5d6d.net
0375mm.5d6d.net
0376waxinyangqqqun.5d6d.net
0377.5d6d.net
037756.5d6d.net
0378kf.5d6d.net
0411psp.5d6d.net
0412.5d6d.net
0418.5d6d.net
0421.5d6d.net
0435.5d6d.net
0439.5d6d.net
0451.5d6d.net
0471.5d6d.net
0475.5d6d.net
0478.5d6d.net
048300.5d6d.net
04fs.5d6d.net
0510.5d6d.net
05168.5d6d.net
0516liao.5d6d.net
0517bbs.5d6d.net
0517jy.5d6d.net
0531gx.5d6d.net
0532xiaonei.5d6d.net
0533lthw.5d6d.net
0533zbyy.5d6d.net
0536taobao.5d6d.net
0538com.5d6d.net
0539yn.5d6d.net
0543.5d6d.net
0550lady.5d6d.net
055188.5d6d.net
0551dazhe.5d6d.net
0552baby.5d6d.net
0554net.5d6d.net
0556sj.5d6d.net
0557.5d6d.net
0562huwai.5d6d.net
056400.5d6d.net
057150.5d6d.net
0571d.5d6d.net
0571jh.5d6d.net
0572.5d6d.net
0574boardgame.5d6d.net
0574xp.5d6d.net
0575sysm.5d6d.net
0577kq.5d6d.net
0577zz.5d6d.net
0579cm.5d6d.net
0592yj.5d6d.net
0593.5d6d.net
0595ad.5d6d.net
0597kk.5d6d.net
0598.5d6d.net
063000.5d6d.net
0632xp.5d6d.net
0633city.5d6d.net
0660hw.5d6d.net
0663515223.5d6d.net
0668.5d6d.net
0668mm.5d6d.net
0668xinyi.5d6d.net
0668xxw.5d6d.net
06jjx.5d6d.net
06wg1.5d6d.net
07043.5d6d.net
0706013.5d6d.net
0712.5d6d.net
0713e.5d6d.net
0719.5d6d.net
0719cm.5d6d.net
0722wangshang.5d6d.net
0724jm.5d6d.net
0731czc.5d6d.net
0737chk.5d6d.net
074200.5d6d.net
0746bbs.5d6d.net
0750.5d6d.net
0750heshan.5d6d.net
0751xf.5d6d.net
0754hm.5d6d.net
0754xs.5d6d.net
0756cw.5d6d.net
0760cy.5d6d.net
0760pk.5d6d.net
0766ld.5d6d.net
0769shop.5d6d.net
077777.5d6d.net
0789.5d6d.net
0790fenyi.5d6d.net
0791work.5d6d.net
07968114.5d6d.net
0797com.5d6d.net
0797rencai.5d6d.net
0797wang.5d6d.net
0798zs.5d6d.net
0799.5d6d.net
0799sl.5d6d.net
07net.5d6d.net
07net2.5d6d.net
07qiliu.5d6d.net
081111.5d6d.net
0817sclt.5d6d.net
0833leshan.5d6d.net
0857114.5d6d.net
0891.5d6d.net
08cst.5d6d.net
08net2.5d6d.net
08zx.5d6d.net
0911a.5d6d.net
0934.5d6d.net
0943by.5d6d.net
0990.5d6d.net
100000583.5d6d.net
10000fo.5d6d.net
10000w.5d6d.net
1000daole.5d6d.net
1002r.5d6d.net
100hua.5d6d.net
100jia.5d6d.net
100n4z.5d6d.net
100qq.5d6d.net
100w.5d6d.net
100xuexi.5d6d.net
1024m.5d6d.net
102yk.5d6d.net
1070.5d6d.net
108051.5d6d.net
10hui.5d6d.net
10yhome.5d6d.net
110120.5d6d.net
110139.5d6d.net
110xy.5d6d.net
11119.5d6d.net
111778.5d6d.net
112k.5d6d.net
114114.5d6d.net
114tao.5d6d.net
114zx.5d6d.net
115ent.5d6d.net
116119.5d6d.net
118114cha.5d6d.net
11995677.5d6d.net
119b.5d6d.net
119xiaofang.5d6d.net
11chun.5d6d.net
11ds.5d6d.net
11players.5d6d.net
11shequ.5d6d.net
11ssmm.5d6d.net
1200.5d6d.net
1202.5d6d.net
1216.5d6d.net
1224186746.5d6d.net
122txt.5d6d.net
1234110.5d6d.net
123456789.5d6d.net
123456go.5d6d.net
1234yjj.5d6d.net
1235.5d6d.net
12356.5d6d.net
12369.5d6d.net
123783.5d6d.net
123fun.5d6d.net
123hot.5d6d.net
123shi.5d6d.net
123top.5d6d.net
124956843.5d6d.net
12568.5d6d.net
12580hao.5d6d.net
126qq.5d6d.net
126ren.5d6d.net
12dddd.5d6d.net
12js.5d6d.net
12to5.5d6d.net
12txt.5d6d.net
12zuowen.5d6d.net
130.5d6d.net
130590419.5d6d.net
1314koc.5d6d.net
1314yuanma.5d6d.net
13276244.5d6d.net
13603884714.5d6d.net
1370250002.5d6d.net
1393.5d6d.net
13txt.5d6d.net
13yao.5d6d.net
14080.5d6d.net
14315.5d6d.net
14561.5d6d.net
14951079.5d6d.net
14989.5d6d.net
14ccc.5d6d.net
14ccc14ccc.5d6d.net
14shisique.5d6d.net
15023.5d6d.net
15271.5d6d.net
155dj.5d6d.net
158.5d6d.net
158wan.5d6d.net
15ddd.5d6d.net
15iiicom.5d6d.net
1616.5d6d.net
162s.5d6d.net
163dx.5d6d.net
163mz.5d6d.net
163txt.5d6d.net
163wz.5d6d.net
1645488.5d6d.net
16783.5d6d.net
16788.5d6d.net
1689.5d6d.net
168998.5d6d.net
168cpw.5d6d.net
168kan.5d6d.net
168wangzhuan.5d6d.net
168wz.5d6d.net
168yhy.5d6d.net
168yx.5d6d.net
168zh.5d6d.net
16kkk.5d6d.net
16pn.5d6d.net
16tk.5d6d.net
16wz.5d6d.net
16yeah.5d6d.net
1700.5d6d.net
171700.5d6d.net
17173popkart.5d6d.net
1718dj.5d6d.net
1723yx.5d6d.net
17261.5d6d.net
17358.5d6d.net
1738.5d6d.net
173xsw.5d6d.net
175193766.5d6d.net
1758xm.5d6d.net
1759717772.5d6d.net
175ba.5d6d.net
175pt.5d6d.net
175ssc.5d6d.net
175xj.5d6d.net
175zbq.5d6d.net
176go.5d6d.net
177cf.5d6d.net
177wz.5d6d.net
178178.5d6d.net
1783org.5d6d.net
17888.5d6d.net
178cpw.5d6d.net
1797aion.5d6d.net
179cs.5d6d.net
179tk.5d6d.net
17ba.5d6d.net
17buy.5d6d.net
17d2.5d6d.net
17go-tour.5d6d.net
17hlg.5d6d.net
17hy8.5d6d.net
17jfz.5d6d.net
17jianzhi.5d6d.net
17jz8.5d6d.net
17laowu.5d6d.net
17lulu.5d6d.net
17sanguosha.5d6d.net
17txt.5d6d.net
17wjz.5d6d.net
17wow.5d6d.net
17yimen.5d6d.net
17yingxiao.5d6d.net
17z8.5d6d.net
180jia70.5d6d.net
1836.5d6d.net
1839.5d6d.net
1842.5d6d.net
1868.5d6d.net
1872333.5d6d.net
188cm.5d6d.net
189178.5d6d.net
18927948786.5d6d.net
18exit.5d6d.net
18j.5d6d.net
18jjj.5d6d.net
18t.5d6d.net
18zimo.5d6d.net
191music.5d6d.net
19596.5d6d.net
19710126.5d6d.net
1977.5d6d.net
1978054.5d6d.net
1983bbs.5d6d.net
198cm.5d6d.net
198team.5d6d.net
19aaa.5d6d.net
19cccc.5d6d.net
19ccc-com.5d6d.net
19eee-com.5d6d.net
19shop.5d6d.net
19sq.5d6d.net
1a2a.5d6d.net
1b2b.5d6d.net
1by.5d6d.net
1chg0.5d6d.net
1ctl.5d6d.net
1d2d3d.5d6d.net
1d2d3d4d.5d6d.net
1d2dd.5d6d.net
1hhhh1.5d6d.net
1jinan.5d6d.net
1nan1nv.5d6d.net
1peixun.5d6d.net
1psp.5d6d.net
1q5.5d6d.net
1road.5d6d.net
1school.5d6d.net
1top.5d6d.net
20000.5d6d.net
20060315.5d6d.net
2007-2008.5d6d.net
2008crazy.5d6d.net
2008gtf.5d6d.net
2008v2.5d6d.net
2008yt.5d6d.net
200907.5d6d.net
2009free.5d6d.net
2009sk.5d6d.net
200w.5d6d.net
201012jpsy.5d6d.net
2010dy.5d6d.net
2011188cm.5d6d.net
2012.5d6d.net
2012au.5d6d.net
2012jm.5d6d.net
2014dy.5d6d.net
2020.5d6d.net
20202.5d6d.net
204area.5d6d.net
20888888.5d6d.net
2099.5d6d.net
20p.5d6d.net
20sim.5d6d.net
213.5d6d.net
214s.5d6d.net
21641.5d6d.net
219.5d6d.net
21cntaobao.5d6d.net
21fan.5d6d.net
21fans.5d6d.net
21qg.5d6d.net
21yy.5d6d.net
2220.5d6d.net
2233.5d6d.net
223700.5d6d.net
2255.5d6d.net
227479645.5d6d.net
22eee22eee.5d6d.net
22eeeeee.5d6d.net
22eeeent.5d6d.net
22jj.5d6d.net
22park.5d6d.net
22yes.5d6d.net
2300.5d6d.net
233443.5d6d.net
23567.5d6d.net
2358.5d6d.net
238zyw.5d6d.net
23ddt.5d6d.net
23mao.5d6d.net
23mxd.5d6d.net
23pili.5d6d.net
23sq.5d6d.net
23u.5d6d.net
24680.5d6d.net
248.5d6d.net
2486.5d6d.net
24-fzl.5d6d.net
24herbs.5d6d.net
24k99.5d6d.net
24liao.5d6d.net
24se.5d6d.net
24tuan.5d6d.net
251588976.5d6d.net
255.5d6d.net
2553998.5d6d.net
2558101.5d6d.net
257252.5d6d.net
258615028.5d6d.net
258wangyou.5d6d.net
2684488.5d6d.net
2731934.5d6d.net
27eee-27eee.5d6d.net
27yla.5d6d.net
28284.5d6d.net
28557110.5d6d.net
2861.5d6d.net
2888898.5d6d.net
2889.5d6d.net
28cn.5d6d.net
297398633.5d6d.net
29metro.5d6d.net
2anjk.5d6d.net
2anzhi.5d6d.net
2baobei.5d6d.net
2buyu.5d6d.net
2cd.5d6d.net
2cet.5d6d.net
2conline.5d6d.net
2dgmaker.5d6d.net
2fylc.5d6d.net
2ga.5d6d.net
2kdark.5d6d.net
2liuyan.5d6d.net
2liuyan.5d6d.netysoo.5d6d.net
2qqwm.5d6d.net
2rentai.5d6d.net
2shouche.5d6d.net
2shoude.5d6d.net
2sidesofearth.5d6d.net
2study.5d6d.net
2wenxue.5d6d.net
2yiwu.5d6d.net
2you.5d6d.net
2zhan.5d6d.net
3000gt.5d6d.net
3003.5d6d.net
3015.5d6d.net
304812063.5d6d.net
305.5d6d.net
308311.5d6d.net
311523.5d6d.net
312400.5d6d.net
313.5d6d.net
313w.5d6d.net
3141789.5d6d.net
3143144.5d6d.net
31581.5d6d.net
317367.5d6d.net
31z.5d6d.net
3200.5d6d.net
320324.5d6d.net
321km.5d6d.net
321youxi.5d6d.net
3230133.5d6d.net
325000bbs.5d6d.net
331816.5d6d.net
332805.5d6d.net
3343.5d6d.net
3355.5d6d.net
3366.5d6d.net
3388.5d6d.net
3389.5d6d.net
33eee.5d6d.net
www.china-ossc.com
china-ossc.com
d.weiyun.com
img.weiyun.com
jump.weiyun.com
ld.weiyun.com
preview-sh1.cgi.weiyun.com
ptlogin2.weiyun.com
sh10.docview.weiyun.com
sh11.docview.weiyun.com
sh12.docview.weiyun.com
sh18.docview.weiyun.com
sh4.docview.weiyun.com
sh6.docview.weiyun.com
share.weiyun.com
tj.cgi.weiyun.com
ui.ptlogin2.weiyun.com
web.cgi.weiyun.com
weiyun.com
www.weiyun.com
clip.cgi.weiyun.com
500wan.zone.tenpay.com
action.tenpay.com
baoxian.tenpay.com
bbs.tenpay.com
c.tenpay.com
caipiao.tenpay.com
card.mch.tenpay.com
card.tenpay.com
chepiao.tenpay.com
chong.tenpay.com
cht.tenpay.com
cl.tenpay.com
credit.tenpay.com
cxh.tenpay.com
dls.mch.tenpay.com
donate.tenpay.com
fast.pnr.tenpay.com
fenxiao.tenpay.com
finance.tenpay.com
fund.tenpay.com
g.tenpay.com
gift.tenpay.com
h.tenpay.com
haiwai.tenpay.com
help.tenpay.com
hoba.z.tenpay.com
hongbao.tenpay.com
img.tenpay.com
ipay.tenpay.com
jijin.tenpay.com
juhui.tenpay.com
ka.tenpay.com
ladypk.z.tenpay.com
life.tenpay.com
love.tenpay.com
m.tenpay.com
mbaobao.z.tenpay.com
mch2.tenpay.com
money.tenpay.com
movie.tenpay.com
ng.pnr.tenpay.com
olomo.z.tenpay.com
open.tenpay.com
pnr.tenpay.com
portal.tenpay.com
ptlogin2.tenpay.com
qian.tenpay.com
qian-img.tenpay.com
result.tenpay.com
sdc.tenpay.com
service.tenpay.com
shenghuo.tenpay.com
soft.tenpay.com
tc.caipiao.tenpay.com
tenpay.com
tid.tenpay.com
union.tenpay.com
vip.tenpay.com
w.tenpay.com
waika.mch.tenpay.com
wallet.tenpay.com
wsyu.z.tenpay.com
www.tenpay.com
wx.tenpay.com
xd.tenpay.com
xiao.zone.tenpay.com
youli.tenpay.com
yoyo18.z.tenpay.com
z.tenpay.com
zone.tenpay.com
youhui.tenpay.com
xiao.tenpay.com
wap.tenpay.com
pay.tenpay.com
mo.tenpay.com
menglu.z.tenpay.com
mch.tenpay.com
mallzz.z.tenpay.com
jipiao.tenpay.com
hd.tenpay.com
global.tenpay.com
air.tenpay.com
8788.tenpay.com
qmail.com
url.qmail.com
act.wechat.com
admin.wechat.com
apply.wechat.com
blog.wechat.com
dev.wechat.com
developers.wechat.com
games.wechat.com
rd.wechat.com
support.wechat.com
tips.wechat.com
translate.wechat.com
web.wechat.com
web1.wechat.com
web2.wechat.com
wechat.com
www.wechat.com
m.wechat.com
superfix.com
m.superfix.com
www.superfix.com
17q.qq.com
5s.qq.com
act.qq.com
b.qq.com
bns.qq.com
book.qq.com
ccs.qq.com
cf.qq.com
codol.qq.com
comfort.qq.com
fanta.qq.com
fen.qq.com
guanjia.qq.com
hon.qq.com
house.qq.com
0.23sweb.qbar.qq.com
0.3g.qq.com
0.9.6www.exp.dl.7.qq.com
007.gamebbs.qq.com
007.qq.com
02opera.wap.3g.qq.com
0715000user.qbar.qq.com
0799251238.user.qbar.qq.com
0km.qq.com
0www.90pao.cn988jj.concdn.dl.7.qq.com
1.2httpstatic.video.qq.com
1.3.kf.3g.qq.com
1.3g.qq.com
1.6.6rc.qzone.qq.com
1.cdn.dl.7.qq.com
1.pay.3g.qq.com_pay.3g.qq.com
1.qq.com
1.qqdnf.qzone.qq.com
1.t.qq.com
1.ti.3g.qq.com
1.user.qbar.qq.com
1.wap.3g.qq.com
1.web.qbar.qq.com
10.3g.qq.com
10.buy.qq.com
10.qq.com
10.www.wap.3g.qq.com
10000.qq.com
10000.user.qbar.qq.com
100000028.photo.qq.com
100000956.photo.qq.com
100001650.photo.qq.com
100006289.photo.qq.com
100006811.photo.qq.com
100006901.photo.qq.com
100009935.photo.qq.com
10001.qzone.qq.com
10001.video.qq.com
100010958.photo.qq.com
100016318.photo.qq.com
10003781.photo.qq.com
10004244.photo.qq.com
10005054.photo.qq.com
100060212.photo.qq.com
100064222.photo.qq.com
100065474.photo.qq.com
100068708.photo.qq.com
100079188.114.qq.com
100079188.qzone.qq.com
10007980.user.qbar.qq.com
100080028.photo.qq.com
100080487.photo.qq.com
100080681.photo.qq.com
100082933.photo.qq.com
100084523.photo.qq.com
10009292.photo.qq.com
1000dpi-pay.3g.qq.com
10010.qq.com
10010721.photo.qq.com
10011587.photo.qq.com
10012017.photo.qq.com
10012282.photo.qq.com
100183154.photo.qq.com
100192821.photo.qq.com
1002013972.photo.qq.com
1002014699.photo.qq.com
1002014826.photo.qq.com
1002016504.photo.qq.com
1002016814.photo.qq.com
1002018287.photo.qq.com
1002018736.photo.qq.com
10020pt.www.3g.qq.com
1002102854.photo.qq.com
1002153022.photo.qq.com
1002157199.photo.qq.com
1002158712.photo.qq.com
1002159127.photo.qq.com
1002177396.photo.qq.com
1002180177.photo.qq.com
1002180530.photo.qq.com
1002181568.photo.qq.com
1002182471.photo.qq.com
1002183001.photo.qq.com
1002183481.photo.qq.com
1002184135.photo.qq.com
1002185032.photo.qq.com
1002185204.photo.qq.com
1002187030.photo.qq.com
1002187222.photo.qq.com
1002187413.photo.qq.com
1002188263.photo.qq.com
1002190543.photo.qq.com
10022104.photo.qq.com
10022207.photo.qq.com
1002352.photo.qq.com
1002386216.photo.qq.com
1002387233.photo.qq.com
1002388542.photo.qq.com
1002390321.photo.qq.com
1002390824.photo.qq.com
1002395010.photo.qq.com
1002396806.photo.qq.com
1002404851.photo.qq.com
1002405290.photo.qq.com
1002476244.photo.qq.com
10024942.photo.qq.com
10026865.photo.qq.com
1002775849.photo.qq.com
1002775997.photo.qq.com
1002778243.photo.qq.com
1002778687.photo.qq.com
1002784130.photo.qq.com
100279888.photo.qq.com
1002974079.photo.qq.com
1002974687.photo.qq.com
1002975519.photo.qq.com
1002981148.photo.qq.com
1002981935.photo.qq.com
1002982203.photo.qq.com
1002983976.photo.qq.com
1003125907.photo.qq.com
1003127046.photo.qq.com
1003127857.photo.qq.com
1003128103.photo.qq.com
1003128986.photo.qq.com
1003130817.photo.qq.com
1003131342.photo.qq.com
1003133394.photo.qq.com
1003133626.photo.qq.com
1003134973.photo.qq.com
1003134998.photo.qq.com
1003135791.photo.qq.com
1003137292.photo.qq.com
1003137657.photo.qq.com
1003138363.photo.qq.com
1003138459.photo.qq.com
1003139851.photo.qq.com
1003142652.photo.qq.com
1003174451.photo.qq.com
100322098.user.qbar.qq.com
100322125.photo.qq.com
10033319.photo.qq.com
1003344474.photo.qq.com
1003345000.photo.qq.com
1003348069.photo.qq.com
1003349240.photo.qq.com
1003349554.photo.qq.com
1003350501.photo.qq.com
1003351140.photo.qq.com
1003351375.photo.qq.com
1003356091.photo.qq.com
10033588.photo.qq.com
10033616.photo.qq.com
1003371832.photo.qq.com
1003372426.photo.qq.com
1003373123.photo.qq.com
1003374322.photo.qq.com
1003375119.photo.qq.com
1003376968.photo.qq.com
1003391175.photo.qq.com
10035611.photo.qq.com
1003571809.photo.qq.com
1003572207.photo.qq.com
1003572336.photo.qq.com
1003572734.photo.qq.com
1003581854.photo.qq.com
1003582361.photo.qq.com
10037745.photo.qq.com
1003782496.photo.qq.com
1003782682.photo.qq.com
1003782917.photo.qq.com
1003980534.photo.qq.com
1003982089.photo.qq.com
1003989904.photo.qq.com
1004000922.photo.qq.com
1004184451.photo.qq.com
1004380144.photo.qq.com
1004390091.photo.qq.com
1004571855.photo.qq.com
1004575580.photo.qq.com
1004579075.photo.qq.com
1004579295.photo.qq.com
1004585975.photo.qq.com
1004586305.photo.qq.com
1004586671.photo.qq.com
1004586960.photo.qq.com
1004774116.photo.qq.com
1004775914.photo.qq.com
1004779927.photo.qq.com
1004780730.photo.qq.com
1004781597.photo.qq.com
1004984509.photo.qq.com
1004986803.photo.qq.com
1005114.photo.qq.com
1005186535.photo.qq.com
1005190605.photo.qq.com
1005197961.photo.qq.com
1005386992.photo.qq.com
1005392753.photo.qq.com
10054464.photo.qq.com
1005580082.photo.qq.com
1005584456.photo.qq.com
1005587930.photo.qq.com
1005589045.photo.qq.com
1005589277.photo.qq.com
1005590385.photo.qq.com
1005591498.photo.qq.com
1005592171.photo.qq.com
1005592229.photo.qq.com
1005593445.photo.qq.com
1005593613.photo.qq.com
1005596713.photo.qq.com
1005782323.photo.qq.com
1005790039.photo.qq.com
100579892.photo.qq.com
100580255.photo.qq.com
100581617.photo.qq.com
100583084.photo.qq.com
100586039.photo.qq.com
10061027.photo.qq.com
1006128.photo.qq.com
100615799.kf.ieodopen.qq.com
100616028.kf.ieodopen.qq.com
100616996.kf.ieodopen.qq.com
1006188485.photo.qq.com
100621282.kf.ieodopen.qq.com
100621590.kf.ieodopen.qq.com
100622829.kf.ieodopen.qq.com
100627185.kf.ieodopen.qq.com
100627204.kf.ieodopen.qq.com
100630439.kf.ieodopen.qq.com
100630595.kf.ieodopen.qq.com
1006331187.photo.qq.com
1006332309.photo.qq.com
1006332408.photo.qq.com
1006336563.photo.qq.com
100634162.kf.ieodopen.qq.com
100634204.kf.ieodopen.qq.com
100637661.kf.ieodopen.qq.com
100643119.kf.ieodopen.qq.com
10064483.photo.qq.com
100645087.kf.ieodopen.qq.com
1006487445.photo.qq.com
10065139.photo.qq.com
100655031.kf.ieodopen.qq.com
10065779.photo.qq.com
1006646737.photo.qq.com
1006646768.photo.qq.com
1006646886.photo.qq.com
1006647039.photo.qq.com
1006647975.photo.qq.com
1006648644.photo.qq.com
1006649518.photo.qq.com
1006649803.photo.qq.com
1006651665.photo.qq.com
1006653017.photo.qq.com
100666419.kf.ieodopen.qq.com
1006722580.photo.qq.com
1006785800.qzone.qq.com1006785800.qzone.qq.com
10068017.photo.qq.com
100684508.kf.ieodopen.qq.com
1006848242.photo.qq.com
100689072.kf.ieodopen.qq.com
1006923.photo.qq.com
1006978090.photo.qq.com
1006980447.photo.qq.com
1006980463.photo.qq.com
1006986485.photo.qq.com
1006989905.photo.qq.com
1006990247.photo.qq.com
1006990315.photo.qq.com
1006996128.photo.qq.com
1006996175.photo.qq.com
1006997367.photo.qq.com
1006999683.photo.qq.com
100705636.photo.qq.com
1007174027.photo.qq.com
1007179239.photo.qq.com
1007179583.photo.qq.com
1007180103.photo.qq.com
1007180881.photo.qq.com
1007182696.photo.qq.com
1007184815.photo.qq.com
1007187037.photo.qq.com
100723.photo.qq.com
1007374512.photo.qq.com
1007377850.photo.qq.com
1007378041.photo.qq.com
1007378123.photo.qq.com
1007379321.photo.qq.com
1007379665.photo.qq.com
1007380468.photo.qq.com
1007381984.photo.qq.com
1007383086.photo.qq.com
1007391559.photo.qq.com
1007398033.photo.qq.com
1007416015.photo.qq.com
1007416733.photo.qq.com
1007417676.photo.qq.com
1007417794.photo.qq.com
1007418663.photo.qq.com
1007429193.photo.qq.com
1007580298.photo.qq.com
1007580528.photo.qq.com
1007581215.photo.qq.com
1007585184.photo.qq.com
1007592572.photo.qq.com
100777054.photo.qq.com
1007783037.photo.qq.com
1007783969.photo.qq.com
100791315.photo.qq.com
1007976058.photo.qq.com
1007976329.photo.qq.com
1007976945.photo.qq.com
1007980396.photo.qq.com
1007980474.photo.qq.com
1007981384.photo.qq.com
1007986247.photo.qq.com
1007986770.photo.qq.com
1007989633.photo.qq.com
100806.photo.qq.com
100814.photo.qq.com
10083867.photo.qq.com
10086.qq.com
10086028.photo.qq.com
10086500.photo.qq.com
10086760.photo.qq.com
10086804.photo.qq.com
10090784.photo.qq.com
1009180324.photo.qq.com
1009183994.photo.qq.com
1009184451.photo.qq.com
1009188414.photo.qq.com
1009190709.photo.qq.com
100924533.user.qbar.qq.com
10092659.photo.qq.com
10093018.photo.qq.com
1009305060.user.qbar.qq.com
1009350389.photo.qq.com
1009389748.photo.qq.com
100942233.user.qbar.qq.com
10095530.photo.qq.com
1009572103.photo.qq.com
1009573536.photo.qq.com
1009576059.photo.qq.com
1009578227.photo.qq.com
1009578778.photo.qq.com
1009579558.photo.qq.com
1009579925.photo.qq.com
1009580419.photo.qq.com
1009581965.photo.qq.com
1009584816.photo.qq.com
1009585948.photo.qq.com
1009594337.photo.qq.com
1009595884.photo.qq.com
1009596243.photo.qq.com
1009598498.photo.qq.com
1009599843.photo.qq.com
1009603970.photo.qq.com
1009778300.photo.qq.com
1009778546.photo.qq.com
1009778553.photo.qq.com
1009779908.photo.qq.com
1009785638.photo.qq.com
1009786496.photo.qq.com
10098042.photo.qq.com
10098060.photo.qq.com
10099.photo.qq.com
1009945.user.qbar.qq.com
100w.qq.com
100wan.qq.com
100xue.ke.qq.com
101.qq.com
1010.pt.3g.qq.com
1010174797.photo.qq.com
1010174884.photo.qq.com
1010175016.photo.qq.com
1010176491.photo.qq.com
1010178196.photo.qq.com
1010178856.photo.qq.com
1010185943.photo.qq.com
101030.photo.qq.com
1010380482.photo.qq.com
101041.qzone.qq.com
1010563240.photo.qq.com
1010563453.photo.qq.com
1010563708.photo.qq.com
1010568.photo.qq.com
1010568985.photo.qq.com
1010611326.photo.qq.com
1010612599.photo.qq.com
1010615338.photo.qq.com
1010616779.photo.qq.com
1010683946.photo.qq.com
1010689234.photo.qq.com
1010788263.photo.qq.com
1010790371.photo.qq.com
1010790465.photo.qq.com
1010791186.photo.qq.com
1010791963.photo.qq.com
1010793052.photo.qq.com
1010794182.photo.qq.com
1010794193.photo.qq.com
1010803647.photo.qq.com
1011183581.photo.qq.com
1011183701.photo.qq.com
1011184689.photo.qq.com
1011185.photo.qq.com
1011185445.photo.qq.com
1011185628.photo.qq.com
1011187062.photo.qq.com
1011187957.photo.qq.com
1011188.photo.qq.com
1011195482.photo.qq.com
10112725.photo.qq.com
1011374265.photo.qq.com
1011375685.photo.qq.com
1011375926.photo.qq.com
1011376615.photo.qq.com
1011376626.photo.qq.com
1011377250.photo.qq.com
1011378003.photo.qq.com
1011378335.photo.qq.com
1011379535.photo.qq.com
1011386131.photo.qq.com
10113869.photo.qq.com
10114036.photo.qq.com
1011778128.photo.qq.com
1011782904.photo.qq.com
1011784318.photo.qq.com
1011784683.photo.qq.com
10118275.photo.qq.com
10119199.photo.qq.com
1012013984.photo.qq.com
1012014088.photo.qq.com
1012014489.photo.qq.com
1012014846.photo.qq.com
1012015200.photo.qq.com
1012016282.photo.qq.com
1012016449.photo.qq.com
10120788.photo.qq.com
101219.photo.qq.com
10122212.photo.qq.com
101225.photo.qq.com
1012331.photo.qq.com
1012382354.photo.qq.com
1012386063.photo.qq.com
1012386230.photo.qq.com
1012386282.photo.qq.com
1012386532.photo.qq.com
1012388035.photo.qq.com
1012609880.photo.qq.com
1012785833.photo.qq.com
1012788416.photo.qq.com
10129260.photo.qq.com
1012978601.photo.qq.com
1012979405.photo.qq.com
1012984475.photo.qq.com
1012986221.photo.qq.com
1012988731.photo.qq.com
1012998276.photo.qq.com
1012999357.photo.qq.com
10130070.photo.qq.com
1013063.photo.qq.com
10130913.photo.qq.com
10132171.photo.qq.com
1013286047.photo.qq.com
1013286634.photo.qq.com
1013286837.photo.qq.com
1013287515.photo.qq.com
1013288426.photo.qq.com
1013288980.photo.qq.com
1013292257.photo.qq.com
10133356.photo.qq.com
10133554.photo.qq.com
1013374124.photo.qq.com
1013382557.photo.qq.com
1013383880.photo.qq.com
1013388425.photo.qq.com
1013389169.photo.qq.com
1013572072.photo.qq.com
1013577943.photo.qq.com
1013578540.photo.qq.com
1013579851.photo.qq.com
1013580395.photo.qq.com
1.bn.app100635382.twsapp.com
1.shifutu.app1101246305.twsapp.com
1.szcbt.app100734491.twsapp.com
1.tu.app1101109203.twsapp.com
5.app100672505.twsapp.com
artdesign.app100679734.twsapp.com
bbs.app100668275.twsapp.com
chuan.app1101112431.twsapp.com
cqws.app1103526365.twsapp.com
cyhc0.116m.nj.twsapp.com
dingshi.app801470512.twsapp.com
dtcbt.app1101074775.twsapp.com
foxwq.app100668275.twsapp.com
jblq.j.nj.twsapp.com
jy.app100637334.twsapp.com
lnka2008.app31205.twsapp.com
mb.app347.twsapp.com
men.app100719146.twsapp.com
other.app100666811.twsapp.com
p2.6523m.tj.twsapp.com
qksgp1.6511m.tj.twsapp.com
qqgame.app100718846.twsapp.com
qqgame.app655.twsapp.com
qutu.app1101156308.twsapp.com
s1.fhjs.160m.nj.twsapp.com
s2qzone.app100690641.twsapp.com
tu.app1101112431.twsapp.com
web.app100692186.twsapp.com
www.app100646015.twsapp.com
www.app100690641.twsapp.com
www.app100709389.twsapp.com
xnapdp2.2231m.tj.twsapp.com
twsapp.com
qqhaoma.com
www.qqhaoma.com
sjtygame.com
izhuye.sjtygame.com
sososnap.com
www.sososnap.com
qqhaoma.net
www.qqhaoma.net
sec.mig.tencent-cloud.net
tencent-cloud.net
17951.cc
www.17951.cc
m.weishi.com
weishi.com
zz.weishi.com
www.weishi.com
2fwww.qqvoice.com
account.qqvoice.com
gold.qqvoice.com
jifen.qqvoice.com
qqvoice.com
service.qqvoice.com
trip.qqvoice.com
twoandtwoisequaltofour.www.qqvoice.com
union.qqvoice.com
www.qqvoice.com
23007.cc
www.23007.cc
cn-apollo.com
www.cn-apollo.com
lakhanytextiles.com
www.lakhanytextiles.com
umzugs.net
www.umzugs.net
pcmgr-global.com
www.pcmgr-global.com
1c20www.qqtv123.com
pic.qqtv123.com
qqtv123.com
www.qqtv123.com
www5a0.qqtv123.com
qq.com.cn
www.qq.com.cn
117788628.paipai.com.cn
40042142.paipai.com.cn
paipai.com.cn
www.paipai.com.cn
1700.cn
survey.1700.cn
imqq.com.cn
sososales.com
haina.com
www.haina.com
dev.wechatapp.com
web.wechatapp.com
wechatapp.com
www.wechatapp.com
haina.net
www.haina.net
aomenbocaizuqiu.yuanchuang.com
aomengongfulongchouma.yuanchuang.com
aomenzuqiubocaizhuanye.yuanchuang.com
baijialebocaiwang.yuanchuang.com
baijialeshuijing.yuanchuang.com
baijialetouzhuwangzhi.yuanchuang.com
baijialezhinenfenxi.yuanchuang.com
bbs.yuanchuang.com
bless.yuanchuang.com
bocaiebao.yuanchuang.com
bocaishijihao.yuanchuang.com
bocaiwang.yuanchuang.com
bocaiwangmingmenyulecheng.yuanchuang.com
bocaixueche.yuanchuang.com
bocaiyeguanfangdingyi.yuanchuang.com
changlefangyulechengzaixianbocai.yuanchuang.com
dalaohujiyoushimemijue.yuanchuang.com
duchangyouxixiazai.yuanchuang.com
dushi.yuanchuang.com
elebokaihu.yuanchuang.com
fahaidoubaishezenmewancainenying.yuanchuang.com
gaofanhuaibocaigongsi.yuanchuang.com
haiyanbaijiale.yuanchuang.com
haoxingbocaixianjinkaihu.yuanchuang.com
haoyingbocailuntan.yuanchuang.com
hxmx.yuanchuang.com
kehuan.qa.yuanchuang.com
kehuan.yuanchuang.com
laohujibalidao.yuanchuang.com
laohujidianwan.yuanchuang.com
laohujizhuanpan.yuanchuang.com
lishi.yuanchuang.com
meiguobocaigongsihefa.yuanchuang.com
mm.yuanchuang.com
news.yuanchuang.com
nvpin.qa.yuanchuang.com
nvpin.yuanchuang.com
oa.yuanchuang.com
rtx.yuanchuang.com
space.qa.yuanchuang.com
space.yuanchuang.com
static.yuanchuang.com
tianchaoluntan.yuanchuang.com
tiandibocaicelue.yuanchuang.com
www.qa.yuanchuang.com
xianggangsaimahuibocaigongsi.yuanchuang.com
xianxia.yuanchuang.com
xo1919.yuanchuang.com
xuanhuan.yuanchuang.com
yingguolibobocai.yuanchuang.com
yuanchuang.com
yunboguojibocai.yuanchuang.com
yuputuanpojieguilv.yuanchuang.com
zhenrenaomenbaijiale.yuanchuang.com
zhenrenyouxitxt.yuanchuang.com
zuqiubocaipanlu.yuanchuang.com
zenyangduhaoershiyidian.yuanchuang.com
youxi.yuanchuang.com
www.yuanchuang.com
wangshangbaijiale.yuanchuang.com
wangluoyouxiyulecheng.yuanchuang.com
saimabocaiguili.yuanchuang.com
jialebihaizenmewan.yuanchuang.com
icanbocaitongpojie.yuanchuang.com
haojiezuqiubocaiwang.yuanchuang.com
hainanbocaixiaoxi.yuanchuang.com
ershiyidianyueyu.yuanchuang.com
chuban.yuanchuang.com
baijialeduizidewanfa.yuanchuang.com
aomenduchangershiyidiangonglue.yuanchuang.com
zuqiubocaixindezuqiu901.yuanchuang.com
b.wap.qbview.com
qbview.com
bbs.yeswan.com
cname.yeswan.com
game.yeswan.com
h2.10.yeswan.com
home.yeswan.com
hs.yeswan.com
mc.yeswan.com
s1.djj.yeswan.com
s5.10.yeswan.com
union.yeswan.com
wowo.yeswan.com
www.yeswan.com
yeswan.com
yx10.yeswan.com
yx3.yeswan.com
yx5.yeswan.com
yx7.yeswan.com
yx8.yeswan.com
yx9.yeswan.com
yx.yeswan.com
50sg.yeswan.com
qqclass.com
www.qqclass.com
10e0uchome.manyou.com
forum.developer.manyou.com
help.payment.manyou.com
manyou.com
payment.manyou.com
uchome.developer.manyou.com
uchome.manyou.com
www.manyou.com
wiki.developer.manyou.com
84232.cn
www.84232.cn
787778.cn
www.787778.cn
93134.cn
www.93134.cn
920571.cn
www.920571.cn
439906.cn
www.439906.cn
10kxw-www.imqq.com
1-www.imqq.com
2fwww.imqq.com
2www.imqq.com
3ww.imqq.com
456kxz-www.imqq.com
6vvbb.com-www.imqq.com
97ganav.com-www.imqq.com
aaa.imqq.com
avwww.imqq.com
awww.imqq.com
blog.imqq.com
bthttpwww.imqq.com
china.invite.imqq.com
com.imqq.com
d.imqq.com
dev.imqq.com
download.imqq.com
downloaddownload.imqq.com
downloadintl.imqq.com
event.imqq.com
eww.imqq.com
experience.imqq.com
featured.imqq.com
group.imqq.com
help.imqq.com
housing.imqq.com
housinghousing.imqq.com
http.imqq.com
httpwww.imqq.com
imqq.com
internationalblog.imqq.com
internationalhelp.imqq.com
intl.imqq.com
invite.imqq.com
jiaoyu.139.com2012_www.imqq.com
jobs.imqq.com
kaixinseqing-www.imqq.com
kansekewww.com-www.imqq.com
listing.imqq.com
mail.imqq.com
mobile.imqq.com
more.imqq.com
myqq.imqq.com
news.imqq.com
pakistan_qqwww.imqq.com
personals.imqq.com
pp-www.imqq.com
ptlogin2.imqq.com
qq.download.imqq.com
qww.imqq.com
qwww.imqq.com
reg.imqq.com
video.imqq.com
w3ww.imqq.com
wap.imqq.com
websites.imqq.com
world.imqq.com
ww.97ss.co-www.imqq.com
ww.imqq.com
ww3.imqq.com
www.1008611.imqq.com
www.1919gogo.com.imqq.com
www.5252.se.som-www.imqq.com
www.5252sese.com.imqq.com
www.56rrr.com-www.imqq.com
www.d.imqq.com
www.download.imqq.com
www.ee33ee.comwww.imqq.com
www.imqq.com
www.imqq.comwww.imqq.com
www.imqq.cwww.imqq.com
www.imqq-389985.adminkc.cnwww.imqq.com
www.izhuye.imqq.com
www.selangwww.44wyt.com.imqq.com
www.sese.imqq.com
www.video.imqq.com
www.wwb2.info-shashafa.com-www.imqq.com
www.xtube.com-www.imqq.com
wwww.imqq.com
mytt.com
www.mytt.com
prayaya.net
www.prayaya.net
tencent.com.cn
www.tencent.com.cn
rtx.com.cn
www.rtx.com.cn
www.tapd.cn
tapd.cn
1.url.cn
9.url.cn
dl.url.cn
ip.url.cn
m.url.cn
qbview.url.cn
url.cn
w.url.cn
7.url.cn
5.url.cn
bj.chaogu.gtimg.cn
cm.qzonestyle.gtimg.cn
ctc.qzonestyle.gtimg.cn
gtimg.cn
i.gtimg.cn
ifzq.gtimg.cn
img.gtimg.cn
imgcache.gtimg.cn
os.qzonestyle.gtimg.cn
qzonestyle.gtimg.cn
ca.foxmail.com.cn
fox.foxmail.com.cn
foxmail.com.cn
www.foxmail.com.cn
heyyo.com
club.heyyo.com
www.heyyo.com
pengyou.net
www.pengyou.net
www.baidudao.com
baidudao.com
365zhanzhang.com
www.365zhanzhang.com
shiaijie.com
www.shiaijie.com
blog.qqgames.com
qqgames.com
www.qqgames.com
maibin.com
www.maibin.com
missy-elliott.com
www.missy-elliott.com
asdamobile.com
www.asdamobile.com
asdafinance.com
www.asdafinance.com
yahoogoogle.com
beauty.shop.ebay.de
briefmarken.shop.ebay.de
cart.payments.ebay.de
cgi.ebay.de
cgi6.ebay.de
community.ebay.de
computer.search.ebay.de
ebay.de
haushaltsgeraete.shop.ebay.de
kleinanzeigen.ebay.de
m.ebay.de
members.ebay.de
mesgmy.ebay.de
mode.ebay.de
my.ebay.de
myworld.ebay.de
ocs.ebay.de
pages.ebay.de
sell.ebay.de
stores.ebay.de
www.ebay.de
buecher.shop.ebay.de
buecher.ebay.de
come.net
www.come.net
greatbigcanvas.com
www.greatbigcanvas.com
gsicommerce.com
www.gsicommerce.com
www.tone.net
tone.net
flashplayer.com
www.zhangzhongxing.com
zhangzhongxing.com
